Extent Data Log
==================================================
Site Name: BONA
Date: 2022-09-05
Ground Offset: 2
Total Canopy Photons before Reassignment: 1672
Total Photons Reassigned to Ground: 1167
Total Canopy Photons after Reassignment: 0
==================================================
Extent ID: 5179140684946342196
  Canopy Photons: 0
  Canopy Min Height: None
  Canopy Max Height: None
  Ground Min Height: 363.5431823730469
  Ground Max Height: 366.72845458984375
  Canopy Min Relative Height: None
  Canopy Max Relative Height: None
  Ground Min Relative Height: 0.0
  Ground Max Relative Height: 0.0
==================================================
Extent ID: 5179140684946342200
  Canopy Photons: 0
  Canopy Min Height: None
  Canopy Max Height: None
  Ground Min Height: 360.9654846191406
  Ground Max Height: 364.0505676269531
  Canopy Min Relative Height: None
  Canopy Max Relative Height: None
  Ground Min Relative Height: 0.0
  Ground Max Relative Height: 0.0
==================================================
Extent ID: 5179140684946342216
  Canopy Photons: 0
  Canopy Min Height: None
  Canopy Max Height: None
  Ground Min Height: 350.916259765625
  Ground Max Height: 352.2659606933594
  Canopy Min Relative Height: None
  Canopy Max Relative Height: None
  Ground Min Relative Height: 0.0
  Ground Max Relative Height: 0.0
==================================================
Extent ID: 5179140684946342220
  Canopy Photons: 0
  Canopy Min Height: None
  Canopy Max Height: None
  Ground Min Height: 346.48016357421875
  Ground Max Height: 347.872802734375
  Canopy Min Relative Height: None
  Canopy Max Relative Height: None
  Ground Min Relative Height: 0.0
  Ground Max Relative Height: 0.0
==================================================
Extent ID: 5179140684946342260
  Canopy Photons: 0
  Canopy Min Height: None
  Canopy Max Height: None
  Ground Min Height: 322.56036376953125
  Ground Max Height: 324.6681213378906
  Canopy Min Relative Height: None
  Canopy Max Relative Height: None
  Ground Min Relative Height: 0.0
  Ground Max Relative Height: 0.0
==================================================
Extent ID: 5179140684946342268
  Canopy Photons: 0
  Canopy Min Height: None
  Canopy Max Height: None
  Ground Min Height: None
  Ground Max Height: None
  Canopy Min Relative Height: None
  Canopy Max Relative Height: None
  Ground Min Relative Height: None
  Ground Max Relative Height: None
==================================================
Extent ID: 5179140684946342280
  Canopy Photons: 0
  Canopy Min Height: None
  Canopy Max Height: None
  Ground Min Height: 291.51226806640625
  Ground Max Height: 296.2060241699219
  Canopy Min Relative Height: None
  Canopy Max Relative Height: None
  Ground Min Relative Height: 0.0
  Ground Max Relative Height: 0.0
==================================================
Extent ID: 5179140684946342284
  Canopy Photons: 0
  Canopy Min Height: None
  Canopy Max Height: None
  Ground Min Height: 286.13629150390625
  Ground Max Height: 291.38360595703125
  Canopy Min Relative Height: None
  Canopy Max Relative Height: None
  Ground Min Relative Height: 0.0
  Ground Max Relative Height: 0.0
==================================================
Extent ID: 5179140684946342296
  Canopy Photons: 0
  Canopy Min Height: None
  Canopy Max Height: None
  Ground Min Height: 283.383056640625
  Ground Max Height: 283.5340881347656
  Canopy Min Relative Height: None
  Canopy Max Relative Height: None
  Ground Min Relative Height: 0
  Ground Max Relative Height: 0
==================================================
Extent ID: 5179140684946342388
  Canopy Photons: 0
  Canopy Min Height: None
  Canopy Max Height: None
  Ground Min Height: 280.9268493652344
  Ground Max Height: 281.64727783203125
  Canopy Min Relative Height: None
  Canopy Max Relative Height: None
  Ground Min Relative Height: 0.0
  Ground Max Relative Height: 0.0
==================================================
Extent Data Log
==================================================
Site Name: BONA
Date: 2022-09-18
Ground Offset: 2
Total Canopy Photons before Reassignment: 10153
Total Photons Reassigned to Ground: 7980
Total Canopy Photons after Reassignment: 0
==================================================
Extent ID: 6106882217848340628
  Canopy Photons: 0
  Canopy Min Height: None
  Canopy Max Height: None
  Ground Min Height: 332.3609619140625
  Ground Max Height: 333.06341552734375
  Canopy Min Relative Height: None
  Canopy Max Relative Height: None
  Ground Min Relative Height: 0.0
  Ground Max Relative Height: 0.0
==================================================
Extent ID: 6106882217848340485
  Canopy Photons: 0
  Canopy Min Height: None
  Canopy Max Height: None
  Ground Min Height: 448.9115905761719
  Ground Max Height: 450.2672424316406
  Canopy Min Relative Height: None
  Canopy Max Relative Height: None
  Ground Min Relative Height: 0.0
  Ground Max Relative Height: 0.0
==================================================
Extent ID: 6106882217848340489
  Canopy Photons: 0
  Canopy Min Height: None
  Canopy Max Height: None
  Ground Min Height: 446.686279296875
  Ground Max Height: 446.9871826171875
  Canopy Min Relative Height: None
  Canopy Max Relative Height: None
  Ground Min Relative Height: 0.0
  Ground Max Relative Height: 0.0
==================================================
Extent ID: 6106882217848340493
  Canopy Photons: 0
  Canopy Min Height: None
  Canopy Max Height: None
  Ground Min Height: 438.5227966308594
  Ground Max Height: 441.65643310546875
  Canopy Min Relative Height: None
  Canopy Max Relative Height: None
  Ground Min Relative Height: 0.0
  Ground Max Relative Height: 0.0
==================================================
Extent ID: 6106882217848340497
  Canopy Photons: 0
  Canopy Min Height: None
  Canopy Max Height: None
  Ground Min Height: 432.3437194824219
  Ground Max Height: 438.3009033203125
  Canopy Min Relative Height: None
  Canopy Max Relative Height: None
  Ground Min Relative Height: 0.0
  Ground Max Relative Height: 0.0
==================================================
Extent ID: 6106882217848340501
  Canopy Photons: 0
  Canopy Min Height: None
  Canopy Max Height: None
  Ground Min Height: 426.5104675292969
  Ground Max Height: 432.877197265625
  Canopy Min Relative Height: None
  Canopy Max Relative Height: None
  Ground Min Relative Height: 0.0
  Ground Max Relative Height: 0.0
==================================================
Extent ID: 6106882217848340505
  Canopy Photons: 0
  Canopy Min Height: None
  Canopy Max Height: None
  Ground Min Height: 426.829345703125
  Ground Max Height: 426.829345703125
  Canopy Min Relative Height: None
  Canopy Max Relative Height: None
  Ground Min Relative Height: 0
  Ground Max Relative Height: 0
==================================================
Extent ID: 6106882217848340509
  Canopy Photons: 0
  Canopy Min Height: None
  Canopy Max Height: None
  Ground Min Height: 414.68304443359375
  Ground Max Height: 416.6073913574219
  Canopy Min Relative Height: None
  Canopy Max Relative Height: None
  Ground Min Relative Height: 0
  Ground Max Relative Height: 0
==================================================
Extent ID: 6106882217848340513
  Canopy Photons: 0
  Canopy Min Height: None
  Canopy Max Height: None
  Ground Min Height: 406.03765869140625
  Ground Max Height: 413.8949279785156
  Canopy Min Relative Height: None
  Canopy Max Relative Height: None
  Ground Min Relative Height: 0.0
  Ground Max Relative Height: 0.0
==================================================
Extent ID: 6106882217848340517
  Canopy Photons: 0
  Canopy Min Height: None
  Canopy Max Height: None
  Ground Min Height: None
  Ground Max Height: None
  Canopy Min Relative Height: None
  Canopy Max Relative Height: None
  Ground Min Relative Height: None
  Ground Max Relative Height: None
==================================================
Extent Data Log
==================================================
Site Name: BONA
Date: 2022-10-17
Ground Offset: 2
Total Canopy Photons before Reassignment: 590
Total Photons Reassigned to Ground: 323
Total Canopy Photons after Reassignment: 0
==================================================
Extent ID: 1850980637628957044
  Canopy Photons: 0
  Canopy Min Height: None
  Canopy Max Height: None
  Ground Min Height: None
  Ground Max Height: None
  Canopy Min Relative Height: None
  Canopy Max Relative Height: None
  Ground Min Relative Height: None
  Ground Max Relative Height: None
==================================================
Extent ID: 1850980637628957140
  Canopy Photons: 0
  Canopy Min Height: None
  Canopy Max Height: None
  Ground Min Height: None
  Ground Max Height: None
  Canopy Min Relative Height: None
  Canopy Max Relative Height: None
  Ground Min Relative Height: None
  Ground Max Relative Height: None
==================================================
Extent ID: 1850980637628957144
  Canopy Photons: 0
  Canopy Min Height: None
  Canopy Max Height: None
  Ground Min Height: None
  Ground Max Height: None
  Canopy Min Relative Height: None
  Canopy Max Relative Height: None
  Ground Min Relative Height: None
  Ground Max Relative Height: None
==================================================
Extent ID: 1850980637628957340
  Canopy Photons: 0
  Canopy Min Height: None
  Canopy Max Height: None
  Ground Min Height: None
  Ground Max Height: None
  Canopy Min Relative Height: None
  Canopy Max Relative Height: None
  Ground Min Relative Height: None
  Ground Max Relative Height: None
==================================================
Extent ID: 1850980637628957348
  Canopy Photons: 0
  Canopy Min Height: None
  Canopy Max Height: None
  Ground Min Height: None
  Ground Max Height: None
  Canopy Min Relative Height: None
  Canopy Max Relative Height: None
  Ground Min Relative Height: None
  Ground Max Relative Height: None
==================================================
Extent ID: 1850980637628957352
  Canopy Photons: 0
  Canopy Min Height: None
  Canopy Max Height: None
  Ground Min Height: None
  Ground Max Height: None
  Canopy Min Relative Height: None
  Canopy Max Relative Height: None
  Ground Min Relative Height: None
  Ground Max Relative Height: None
==================================================
Extent ID: 1850980637628956981
  Canopy Photons: 0
  Canopy Min Height: None
  Canopy Max Height: None
  Ground Min Height: None
  Ground Max Height: None
  Canopy Min Relative Height: None
  Canopy Max Relative Height: None
  Ground Min Relative Height: None
  Ground Max Relative Height: None
==================================================
Extent ID: 1850980637628956985
  Canopy Photons: 0
  Canopy Min Height: None
  Canopy Max Height: None
  Ground Min Height: None
  Ground Max Height: None
  Canopy Min Relative Height: None
  Canopy Max Relative Height: None
  Ground Min Relative Height: None
  Ground Max Relative Height: None
==================================================
Extent ID: 1850980637628957520
  Canopy Photons: 0
  Canopy Min Height: None
  Canopy Max Height: None
  Ground Min Height: 295.2862854003906
  Ground Max Height: 295.9654541015625
  Canopy Min Relative Height: None
  Canopy Max Relative Height: None
  Ground Min Relative Height: 0.0
  Ground Max Relative Height: 0.0
==================================================
Extent ID: 1850980637628957552
  Canopy Photons: 0
  Canopy Min Height: None
  Canopy Max Height: None
  Ground Min Height: 292.5895080566406
  Ground Max Height: 293.48297119140625
  Canopy Min Relative Height: None
  Canopy Max Relative Height: None
  Ground Min Relative Height: 0.0
  Ground Max Relative Height: 0.0
==================================================
Extent Data Log
==================================================
Site Name: BONA
Date: 2022-11-06
Ground Offset: 2
Total Canopy Photons before Reassignment: 109927
Total Photons Reassigned to Ground: 63366
Total Canopy Photons after Reassignment: 0
==================================================
Extent ID: 3188549720515543040
  Canopy Photons: 0
  Canopy Min Height: None
  Canopy Max Height: None
  Ground Min Height: 507.42901611328125
  Ground Max Height: 508.4220275878906
  Canopy Min Relative Height: None
  Canopy Max Relative Height: None
  Ground Min Relative Height: 0.0
  Ground Max Relative Height: 0.0
==================================================
Extent ID: 3188549720515543044
  Canopy Photons: 0
  Canopy Min Height: None
  Canopy Max Height: None
  Ground Min Height: 507.1307678222656
  Ground Max Height: 508.3309326171875
  Canopy Min Relative Height: None
  Canopy Max Relative Height: None
  Ground Min Relative Height: 0.0
  Ground Max Relative Height: 0.0
==================================================
Extent ID: 3188549720515543048
  Canopy Photons: 0
  Canopy Min Height: None
  Canopy Max Height: None
  Ground Min Height: 507.0298156738281
  Ground Max Height: 507.92559814453125
  Canopy Min Relative Height: None
  Canopy Max Relative Height: None
  Ground Min Relative Height: 0.0
  Ground Max Relative Height: 0.0
==================================================
Extent ID: 3188549720515543052
  Canopy Photons: 0
  Canopy Min Height: None
  Canopy Max Height: None
  Ground Min Height: 506.1239013671875
  Ground Max Height: 507.2442932128906
  Canopy Min Relative Height: None
  Canopy Max Relative Height: None
  Ground Min Relative Height: 0.0
  Ground Max Relative Height: 0.0
==================================================
Extent ID: 3188549720515543056
  Canopy Photons: 0
  Canopy Min Height: None
  Canopy Max Height: None
  Ground Min Height: 504.9371643066406
  Ground Max Height: 506.3881530761719
  Canopy Min Relative Height: None
  Canopy Max Relative Height: None
  Ground Min Relative Height: 0.0
  Ground Max Relative Height: 0.0
==================================================
Extent ID: 3188549720515543060
  Canopy Photons: 0
  Canopy Min Height: None
  Canopy Max Height: None
  Ground Min Height: 504.0747375488281
  Ground Max Height: 505.6515197753906
  Canopy Min Relative Height: None
  Canopy Max Relative Height: None
  Ground Min Relative Height: 0.0
  Ground Max Relative Height: 0.0
==================================================
Extent ID: 3188549720515543064
  Canopy Photons: 0
  Canopy Min Height: None
  Canopy Max Height: None
  Ground Min Height: 503.1990966796875
  Ground Max Height: 504.14019775390625
  Canopy Min Relative Height: None
  Canopy Max Relative Height: None
  Ground Min Relative Height: 0.0
  Ground Max Relative Height: 0.0
==================================================
Extent ID: 3188549720515543068
  Canopy Photons: 0
  Canopy Min Height: None
  Canopy Max Height: None
  Ground Min Height: 501.6330871582031
  Ground Max Height: 503.65045166015625
  Canopy Min Relative Height: None
  Canopy Max Relative Height: None
  Ground Min Relative Height: 0.0
  Ground Max Relative Height: 0.0
==================================================
Extent ID: 3188549720515543072
  Canopy Photons: 0
  Canopy Min Height: None
  Canopy Max Height: None
  Ground Min Height: 499.8190002441406
  Ground Max Height: 502.1609802246094
  Canopy Min Relative Height: None
  Canopy Max Relative Height: None
  Ground Min Relative Height: 0.0
  Ground Max Relative Height: 0.0
==================================================
Extent ID: 3188549720515543076
  Canopy Photons: 0
  Canopy Min Height: None
  Canopy Max Height: None
  Ground Min Height: 498.05035400390625
  Ground Max Height: 500.67083740234375
  Canopy Min Relative Height: None
  Canopy Max Relative Height: None
  Ground Min Relative Height: 0.0
  Ground Max Relative Height: 0.0
==================================================
Extent Data Log
==================================================
Site Name: BONA
Date: 2022-11-19
Ground Offset: 2
Total Canopy Photons before Reassignment: 0
Total Photons Reassigned to Ground: 0
Total Canopy Photons after Reassignment: 0
==================================================
Extent ID: 4116291250196317537
  Canopy Photons: 0
  Canopy Min Height: None
  Canopy Max Height: None
  Ground Min Height: None
  Ground Max Height: None
  Canopy Min Relative Height: None
  Canopy Max Relative Height: None
  Ground Min Relative Height: None
  Ground Max Relative Height: None
==================================================
Extent ID: 4116291250196317541
  Canopy Photons: 0
  Canopy Min Height: None
  Canopy Max Height: None
  Ground Min Height: None
  Ground Max Height: None
  Canopy Min Relative Height: None
  Canopy Max Relative Height: None
  Ground Min Relative Height: None
  Ground Max Relative Height: None
==================================================
Extent ID: 4116291250196317545
  Canopy Photons: 0
  Canopy Min Height: None
  Canopy Max Height: None
  Ground Min Height: None
  Ground Max Height: None
  Canopy Min Relative Height: None
  Canopy Max Relative Height: None
  Ground Min Relative Height: None
  Ground Max Relative Height: None
==================================================
Extent Data Log
==================================================
Site Name: BONA
Date: 2022-09-05
Ground Offset: 2
Total Canopy Photons before Reassignment: 1672
Total Photons Reassigned to Ground: 1167
Total Canopy Photons after Reassignment: 0
==================================================
Extent ID: 5179140684946343089
  Canopy Photons: 22
  Canopy Min Height: 440.46044921875
  Canopy Max Height: 445.3741149902344
  Ground Min Height: 437.8537292480469
  Ground Max Height: 439.43817138671875
  Canopy Min Relative Height: 2.415008544921875
  Canopy Max Relative Height: 7.32867431640625
  Ground Min Relative Height: 0.0
  Ground Max Relative Height: 0.0
==================================================
Extent ID: 5179140684946343337
  Canopy Photons: 22
  Canopy Min Height: 289.1106262207031
  Canopy Max Height: 295.47113037109375
  Ground Min Height: 286.2351379394531
  Ground Max Height: 289.2463684082031
  Canopy Min Relative Height: 2.557769775390625
  Canopy Max Relative Height: 8.91827392578125
  Ground Min Relative Height: 0.0
  Ground Max Relative Height: 0.0
==================================================
Extent ID: 5179140684946343117
  Canopy Photons: 21
  Canopy Min Height: 424.62213134765625
  Canopy Max Height: 429.96734619140625
  Ground Min Height: 419.9356994628906
  Ground Max Height: 424.4382629394531
  Canopy Min Relative Height: 2.057708740234375
  Canopy Max Relative Height: 7.402923583984375
  Ground Min Relative Height: 0.0
  Ground Max Relative Height: 0.0
==================================================
Extent ID: 5179140684946343225
  Canopy Photons: 21
  Canopy Min Height: 355.6560974121094
  Canopy Max Height: 360.4897766113281
  Ground Min Height: 352.70928955078125
  Ground Max Height: 354.0815124511719
  Canopy Min Relative Height: 2.70794677734375
  Canopy Max Relative Height: 7.5416259765625
  Ground Min Relative Height: 0.0
  Ground Max Relative Height: 0.0
==================================================
Extent ID: 5179140684946343289
  Canopy Photons: 19
  Canopy Min Height: 288.78204345703125
  Canopy Max Height: 298.7192687988281
  Ground Min Height: 286.6480712890625
  Ground Max Height: 288.7705383300781
  Canopy Min Relative Height: 2.000396728515625
  Canopy Max Relative Height: 11.9376220703125
  Ground Min Relative Height: 0.0
  Ground Max Relative Height: 0.0
==================================================
Extent ID: 5179140684946343333
  Canopy Photons: 19
  Canopy Min Height: 293.5663757324219
  Canopy Max Height: 298.1766357421875
  Ground Min Height: 291.2044372558594
  Ground Max Height: 293.1251220703125
  Canopy Min Relative Height: 2.110321044921875
  Canopy Max Relative Height: 6.7205810546875
  Ground Min Relative Height: 0.0
  Ground Max Relative Height: 0.0
==================================================
Extent ID: 5179140684946343245
  Canopy Photons: 18
  Canopy Min Height: 336.9168395996094
  Canopy Max Height: 341.96734619140625
  Ground Min Height: 334.7848815917969
  Ground Max Height: 336.1606140136719
  Canopy Min Relative Height: 2.088958740234375
  Canopy Max Relative Height: 7.13946533203125
  Ground Min Relative Height: 0.0
  Ground Max Relative Height: 0.0
==================================================
Extent ID: 5179140684946343301
  Canopy Photons: 18
  Canopy Min Height: 298.0745849609375
  Canopy Max Height: 311.0935363769531
  Ground Min Height: 293.9128112792969
  Ground Max Height: 295.0702209472656
  Canopy Min Relative Height: 3.66351318359375
  Canopy Max Relative Height: 16.682464599609375
  Ground Min Relative Height: 0.0
  Ground Max Relative Height: 0.0
==================================================
Extent ID: 5179140684946343329
  Canopy Photons: 17
  Canopy Min Height: 295.4181213378906
  Canopy Max Height: 302.7180480957031
  Ground Min Height: 293.0089416503906
  Ground Max Height: 295.2234802246094
  Canopy Min Relative Height: 2.11474609375
  Canopy Max Relative Height: 9.4146728515625
  Ground Min Relative Height: 0.0
  Ground Max Relative Height: 0.0
==================================================
Extent ID: 5179140684946343485
  Canopy Photons: 15
  Canopy Min Height: 305.3421630859375
  Canopy Max Height: 316.3814697265625
  Ground Min Height: 302.4104309082031
  Ground Max Height: 304.3858947753906
  Canopy Min Relative Height: 2.927490234375
  Canopy Max Relative Height: 13.966796875
  Ground Min Relative Height: 0.0
  Ground Max Relative Height: 0.0
==================================================
Extent Data Log
==================================================
Site Name: BONA
Date: 2022-09-18
Ground Offset: 2
Total Canopy Photons before Reassignment: 10153
Total Photons Reassigned to Ground: 7980
Total Canopy Photons after Reassignment: 0
==================================================
Extent ID: 6106882218922083685
  Canopy Photons: 32
  Canopy Min Height: 392.66058349609375
  Canopy Max Height: 415.41693115234375
  Ground Min Height: 389.9133605957031
  Ground Max Height: 390.7450256347656
  Canopy Min Relative Height: 2.331390380859375
  Canopy Max Relative Height: 25.087738037109375
  Ground Min Relative Height: 0.0
  Ground Max Relative Height: 0.0
==================================================
Extent ID: 6106882218922083649
  Canopy Photons: 27
  Canopy Min Height: 439.0533142089844
  Canopy Max Height: 445.2677307128906
  Ground Min Height: 436.5276794433594
  Ground Max Height: 438.76715087890625
  Canopy Min Relative Height: 2.118255615234375
  Canopy Max Relative Height: 8.332672119140625
  Ground Min Relative Height: 0.0
  Ground Max Relative Height: 0.0
==================================================
Extent ID: 6106882218922082349
  Canopy Photons: 25
  Canopy Min Height: 666.8275756835938
  Canopy Max Height: 677.3655395507812
  Ground Min Height: 664.6522216796875
  Ground Max Height: 666.7081909179688
  Canopy Min Relative Height: 2.10382080078125
  Canopy Max Relative Height: 12.64178466796875
  Ground Min Relative Height: 0.0
  Ground Max Relative Height: 0.0
==================================================
Extent ID: 6106882218922082533
  Canopy Photons: 21
  Canopy Min Height: 432.4459533691406
  Canopy Max Height: 437.23895263671875
  Ground Min Height: 430.27001953125
  Ground Max Height: 432.1189880371094
  Canopy Min Relative Height: 2.097442626953125
  Canopy Max Relative Height: 6.89044189453125
  Ground Min Relative Height: 0.0
  Ground Max Relative Height: 0.0
==================================================
Extent ID: 6106882217848341481
  Canopy Photons: 21
  Canopy Min Height: 264.42559814453125
  Canopy Max Height: 267.549560546875
  Ground Min Height: 262.3350524902344
  Ground Max Height: 264.31884765625
  Canopy Min Relative Height: 2.01812744140625
  Canopy Max Relative Height: 5.14208984375
  Ground Min Relative Height: 0.0
  Ground Max Relative Height: 0.0
==================================================
Extent ID: 6106882218922083645
  Canopy Photons: 21
  Canopy Min Height: 446.7640380859375
  Canopy Max Height: 456.9564514160156
  Ground Min Height: 443.4617004394531
  Ground Max Height: 446.4505615234375
  Canopy Min Relative Height: 2.152496337890625
  Canopy Max Relative Height: 12.34490966796875
  Ground Min Relative Height: 0.0
  Ground Max Relative Height: 0.0
==================================================
Extent ID: 6106882218922083889
  Canopy Photons: 21
  Canopy Min Height: 328.4269714355469
  Canopy Max Height: 336.4505615234375
  Ground Min Height: 326.1089782714844
  Ground Max Height: 327.9247131347656
  Canopy Min Relative Height: 2.162933349609375
  Canopy Max Relative Height: 10.1865234375
  Ground Min Relative Height: 0.0
  Ground Max Relative Height: 0.0
==================================================
Extent ID: 6106882218922083597
  Canopy Photons: 20
  Canopy Min Height: 501.3183288574219
  Canopy Max Height: 505.99090576171875
  Ground Min Height: 499.1376647949219
  Ground Max Height: 501.26513671875
  Canopy Min Relative Height: 2.005096435546875
  Canopy Max Relative Height: 6.67767333984375
  Ground Min Relative Height: 0.0
  Ground Max Relative Height: 0.0
==================================================
Extent ID: 6106882218922083697
  Canopy Photons: 20
  Canopy Min Height: 377.17120361328125
  Canopy Max Height: 387.2842712402344
  Ground Min Height: 374.5939636230469
  Ground Max Height: 376.8193359375
  Canopy Min Relative Height: 2.3421630859375
  Canopy Max Relative Height: 12.455230712890625
  Ground Min Relative Height: 0.0
  Ground Max Relative Height: 0.0
==================================================
Extent ID: 6106882218922083717
  Canopy Photons: 20
  Canopy Min Height: 351.9853515625
  Canopy Max Height: 354.0909423828125
  Ground Min Height: 349.05560302734375
  Ground Max Height: 351.7904357910156
  Canopy Min Relative Height: 2.1181640625
  Canopy Max Relative Height: 4.2237548828125
  Ground Min Relative Height: 0.0
  Ground Max Relative Height: 0.0
==================================================
Extent Data Log
==================================================
Site Name: BONA
Date: 2022-10-17
Ground Offset: 2
Total Canopy Photons before Reassignment: 590
Total Photons Reassigned to Ground: 323
Total Canopy Photons after Reassignment: 2
==================================================
Extent ID: 1850980637628957597
  Canopy Photons: 60
  Canopy Min Height: 300.3048095703125
  Canopy Max Height: 303.62451171875
  Ground Min Height: 297.934814453125
  Ground Max Height: 299.97467041015625
  Canopy Min Relative Height: 2.227996826171875
  Canopy Max Relative Height: 5.547698974609375
  Ground Min Relative Height: 0.0
  Ground Max Relative Height: 0.0
==================================================
Extent ID: 1850980637628957609
  Canopy Photons: 42
  Canopy Min Height: 304.5360107421875
  Canopy Max Height: 310.53668212890625
  Ground Min Height: 302.099853515625
  Ground Max Height: 304.90948486328125
  Canopy Min Relative Height: 2.080230712890625
  Canopy Max Relative Height: 8.080902099609375
  Ground Min Relative Height: 0.0
  Ground Max Relative Height: 0.0
==================================================
Extent ID: 1850980637628957605
  Canopy Photons: 37
  Canopy Min Height: 303.5855712890625
  Canopy Max Height: 308.4915466308594
  Ground Min Height: 301.31756591796875
  Ground Max Height: 303.3922424316406
  Canopy Min Relative Height: 2.051544189453125
  Canopy Max Relative Height: 6.95751953125
  Ground Min Relative Height: 0.0
  Ground Max Relative Height: 0.0
==================================================
Extent ID: 1850980637628957601
  Canopy Photons: 20
  Canopy Min Height: 303.4399108886719
  Canopy Max Height: 304.3150634765625
  Ground Min Height: 300.9300537109375
  Ground Max Height: 303.3609619140625
  Canopy Min Relative Height: 2.06707763671875
  Canopy Max Relative Height: 2.942230224609375
  Ground Min Relative Height: 0.0
  Ground Max Relative Height: 0.0
==================================================
Extent ID: 1850980637628957593
  Canopy Photons: 17
  Canopy Min Height: 299.4369812011719
  Canopy Max Height: 302.2230224609375
  Ground Min Height: 296.62115478515625
  Ground Max Height: 299.31158447265625
  Canopy Min Relative Height: 2.101654052734375
  Canopy Max Relative Height: 4.8876953125
  Ground Min Relative Height: 0.0
  Ground Max Relative Height: 0.0
==================================================
Extent ID: 1850980637628957608
  Canopy Photons: 13
  Canopy Min Height: 313.9868469238281
  Canopy Max Height: 318.8053894042969
  Ground Min Height: 311.3757629394531
  Ground Max Height: 315.7917175292969
  Canopy Min Relative Height: 2.478363037109375
  Canopy Max Relative Height: 7.296905517578125
  Ground Min Relative Height: 0.0
  Ground Max Relative Height: 0.0
==================================================
Extent ID: 1850980637628957612
  Canopy Photons: 9
  Canopy Min Height: 319.3578186035156
  Canopy Max Height: 324.8298034667969
  Ground Min Height: 316.8431091308594
  Ground Max Height: 319.7691955566406
  Canopy Min Relative Height: 2.115875244140625
  Canopy Max Relative Height: 7.587860107421875
  Ground Min Relative Height: 0.0
  Ground Max Relative Height: 0.0
==================================================
Extent ID: 1850980637628957581
  Canopy Photons: 8
  Canopy Min Height: 295.22576904296875
  Canopy Max Height: 299.6745300292969
  Ground Min Height: 292.32196044921875
  Ground Max Height: 295.4554443359375
  Canopy Min Relative Height: 2.60595703125
  Canopy Max Relative Height: 7.054718017578125
  Ground Min Relative Height: 0.0
  Ground Max Relative Height: 0.0
==================================================
Extent ID: 1850980637628957600
  Canopy Photons: 7
  Canopy Min Height: 307.82427978515625
  Canopy Max Height: 310.86151123046875
  Ground Min Height: 304.4115905761719
  Ground Max Height: 308.5438232421875
  Canopy Min Relative Height: 2.781707763671875
  Canopy Max Relative Height: 5.818939208984375
  Ground Min Relative Height: 0.0
  Ground Max Relative Height: 0.0
==================================================
Extent ID: 1850980637628957613
  Canopy Photons: 7
  Canopy Min Height: 307.8336486816406
  Canopy Max Height: 309.3697204589844
  Ground Min Height: 305.1233215332031
  Ground Max Height: 307.41583251953125
  Canopy Min Relative Height: 2.271514892578125
  Canopy Max Relative Height: 3.807586669921875
  Ground Min Relative Height: 0.0
  Ground Max Relative Height: 0.0
==================================================
Extent Data Log
==================================================
Site Name: BONA
Date: 2022-11-06
Ground Offset: 2
Total Canopy Photons before Reassignment: 109927
Total Photons Reassigned to Ground: 63366
Total Canopy Photons after Reassignment: 8
==================================================
Extent ID: 3188549720515543621
  Canopy Photons: 116
  Canopy Min Height: 223.24758911132812
  Canopy Max Height: 250.3578643798828
  Ground Min Height: 219.9174346923828
  Ground Max Height: 229.92776489257812
  Canopy Min Relative Height: 2.071807861328125
  Canopy Max Relative Height: 29.182083129882812
  Ground Min Relative Height: 0.0
  Ground Max Relative Height: 0.0
==================================================
Extent ID: 3188549720515543745
  Canopy Photons: 115
  Canopy Min Height: 381.8817138671875
  Canopy Max Height: 402.53717041015625
  Ground Min Height: 379.7861328125
  Ground Max Height: 387.7919616699219
  Canopy Min Relative Height: 2.00079345703125
  Canopy Max Relative Height: 22.65625
  Ground Min Relative Height: 0.0
  Ground Max Relative Height: 0.0
==================================================
Extent ID: 3188549720515543629
  Canopy Photons: 105
  Canopy Min Height: 241.57411193847656
  Canopy Max Height: 264.9570617675781
  Ground Min Height: 239.1001434326172
  Ground Max Height: 246.9153594970703
  Canopy Min Relative Height: 2.0322418212890625
  Canopy Max Relative Height: 25.415191650390625
  Ground Min Relative Height: 0.0
  Ground Max Relative Height: 0.0
==================================================
Extent ID: 3188549720515543633
  Canopy Photons: 105
  Canopy Min Height: 250.22796630859375
  Canopy Max Height: 272.47918701171875
  Ground Min Height: 247.0032196044922
  Ground Max Height: 253.93399047851562
  Canopy Min Relative Height: 2.1431732177734375
  Canopy Max Relative Height: 24.394393920898438
  Ground Min Relative Height: 0.0
  Ground Max Relative Height: 0.0
==================================================
Extent ID: 3188549720515543661
  Canopy Photons: 105
  Canopy Min Height: 285.94024658203125
  Canopy Max Height: 305.732177734375
  Ground Min Height: 283.1543273925781
  Ground Max Height: 287.4316101074219
  Canopy Min Relative Height: 2.068695068359375
  Canopy Max Relative Height: 21.860626220703125
  Ground Min Relative Height: 0.0
  Ground Max Relative Height: 0.0
==================================================
Extent ID: 3188549720515543733
  Canopy Photons: 105
  Canopy Min Height: 368.30023193359375
  Canopy Max Height: 381.69305419921875
  Ground Min Height: 365.836181640625
  Ground Max Height: 368.3966064453125
  Canopy Min Relative Height: 2.0355224609375
  Canopy Max Relative Height: 15.4283447265625
  Ground Min Relative Height: 0.0
  Ground Max Relative Height: 0.0
==================================================
Extent ID: 3188549720515543617
  Canopy Photons: 104
  Canopy Min Height: 216.70347595214844
  Canopy Max Height: 233.03611755371094
  Ground Min Height: 214.31314086914062
  Ground Max Height: 216.27362060546875
  Canopy Min Relative Height: 2.01507568359375
  Canopy Max Relative Height: 18.34771728515625
  Ground Min Relative Height: 0.0
  Ground Max Relative Height: 0.0
==================================================
Extent ID: 3188549720515543737
  Canopy Photons: 104
  Canopy Min Height: 373.2185363769531
  Canopy Max Height: 382.8898620605469
  Ground Min Height: 370.64794921875
  Ground Max Height: 376.69085693359375
  Canopy Min Relative Height: 2.095245361328125
  Canopy Max Relative Height: 11.766571044921875
  Ground Min Relative Height: 0.0
  Ground Max Relative Height: 0.0
==================================================
Extent ID: 3188549720515543761
  Canopy Photons: 103
  Canopy Min Height: 402.23760986328125
  Canopy Max Height: 422.5679016113281
  Ground Min Height: 399.5843505859375
  Ground Max Height: 404.4717712402344
  Canopy Min Relative Height: 2.03228759765625
  Canopy Max Relative Height: 22.362579345703125
  Ground Min Relative Height: 0.0
  Ground Max Relative Height: 0.0
==================================================
Extent ID: 3188549720515544557
  Canopy Photons: 103
  Canopy Min Height: 305.26751708984375
  Canopy Max Height: 318.22296142578125
  Ground Min Height: 302.61029052734375
  Ground Max Height: 306.84228515625
  Canopy Min Relative Height: 2.048583984375
  Canopy Max Relative Height: 15.0040283203125
  Ground Min Relative Height: 0.0
  Ground Max Relative Height: 0.0
==================================================
Extent Data Log
==================================================
Site Name: BONA
Date: 2022-11-19
Ground Offset: 2
Total Canopy Photons before Reassignment: 0
Total Photons Reassigned to Ground: 0
Total Canopy Photons after Reassignment: 0
==================================================
Extent ID: 4116291250196317537
  Canopy Photons: 0
  Canopy Min Height: None
  Canopy Max Height: None
  Ground Min Height: None
  Ground Max Height: None
  Canopy Min Relative Height: None
  Canopy Max Relative Height: None
  Ground Min Relative Height: None
  Ground Max Relative Height: None
==================================================
Extent ID: 4116291250196317541
  Canopy Photons: 0
  Canopy Min Height: None
  Canopy Max Height: None
  Ground Min Height: None
  Ground Max Height: None
  Canopy Min Relative Height: None
  Canopy Max Relative Height: None
  Ground Min Relative Height: None
  Ground Max Relative Height: None
==================================================
Extent ID: 4116291250196317545
  Canopy Photons: 0
  Canopy Min Height: None
  Canopy Max Height: None
  Ground Min Height: None
  Ground Max Height: None
  Canopy Min Relative Height: None
  Canopy Max Relative Height: None
  Ground Min Relative Height: None
  Ground Max Relative Height: None
==================================================
Extent Data Log
==================================================
Site Name: BONA
Date: 2022-12-18
Ground Offset: 2
Total Canopy Photons before Reassignment: 91830
Total Photons Reassigned to Ground: 53906
Total Canopy Photons after Reassignment: 0
==================================================
Extent ID: 6106882285494076277
  Canopy Photons: 187
  Canopy Min Height: 263.521728515625
  Canopy Max Height: 270.2481384277344
  Ground Min Height: 259.9962158203125
  Ground Max Height: 264.4550476074219
  Canopy Min Relative Height: 2.1072998046875
  Canopy Max Relative Height: 8.833709716796875
  Ground Min Relative Height: 0.0
  Ground Max Relative Height: 0.0
==================================================
Extent ID: 6106882286567818349
  Canopy Photons: 160
  Canopy Min Height: 431.2918395996094
  Canopy Max Height: 439.5256042480469
  Ground Min Height: 427.9336242675781
  Ground Max Height: 434.9649353027344
  Canopy Min Relative Height: 2.006256103515625
  Canopy Max Relative Height: 10.240020751953125
  Ground Min Relative Height: 0.0
  Ground Max Relative Height: 0.0
==================================================
Extent ID: 6106882286567818341
  Canopy Photons: 152
  Canopy Min Height: 415.8711242675781
  Canopy Max Height: 424.79229736328125
  Ground Min Height: 412.6802673339844
  Ground Max Height: 418.4439392089844
  Canopy Min Relative Height: 2.211029052734375
  Canopy Max Relative Height: 11.1322021484375
  Ground Min Relative Height: 0.0
  Ground Max Relative Height: 0.0
==================================================
Extent ID: 6106882285494075909
  Canopy Photons: 148
  Canopy Min Height: 290.9472961425781
  Canopy Max Height: 297.8985900878906
  Ground Min Height: 287.2774353027344
  Ground Max Height: 292.3221130371094
  Canopy Min Relative Height: 2.036468505859375
  Canopy Max Relative Height: 8.987762451171875
  Ground Min Relative Height: 0.0
  Ground Max Relative Height: 0.0
==================================================
Extent ID: 6106882286567818357
  Canopy Photons: 148
  Canopy Min Height: 445.2742919921875
  Canopy Max Height: 453.2111511230469
  Ground Min Height: 442.7349548339844
  Ground Max Height: 449.05767822265625
  Canopy Min Relative Height: 2.002899169921875
  Canopy Max Relative Height: 9.93975830078125
  Ground Min Relative Height: 0.0
  Ground Max Relative Height: 0.0
==================================================
Extent ID: 6106882285494076285
  Canopy Photons: 145
  Canopy Min Height: 275.0850830078125
  Canopy Max Height: 280.046875
  Ground Min Height: 271.1886291503906
  Ground Max Height: 278.24310302734375
  Canopy Min Relative Height: 2.068328857421875
  Canopy Max Relative Height: 7.030120849609375
  Ground Min Relative Height: 0.0
  Ground Max Relative Height: 0.0
==================================================
Extent ID: 6106882285494076393
  Canopy Photons: 143
  Canopy Min Height: 393.5896301269531
  Canopy Max Height: 398.7347412109375
  Ground Min Height: 391.2992248535156
  Ground Max Height: 395.3008117675781
  Canopy Min Relative Height: 2.0291748046875
  Canopy Max Relative Height: 7.174285888671875
  Ground Min Relative Height: 0.0
  Ground Max Relative Height: 0.0
==================================================
Extent ID: 6106882285494075745
  Canopy Photons: 141
  Canopy Min Height: 398.9785461425781
  Canopy Max Height: 415.7987365722656
  Ground Min Height: 396.0140686035156
  Ground Max Height: 398.84503173828125
  Canopy Min Relative Height: 2.118072509765625
  Canopy Max Relative Height: 18.938262939453125
  Ground Min Relative Height: 0.0
  Ground Max Relative Height: 0.0
==================================================
Extent ID: 6106882285494076293
  Canopy Photons: 139
  Canopy Min Height: 285.5702819824219
  Canopy Max Height: 291.0510559082031
  Ground Min Height: 282.0106506347656
  Ground Max Height: 288.0332946777344
  Canopy Min Relative Height: 2.056304931640625
  Canopy Max Relative Height: 7.537078857421875
  Ground Min Relative Height: 0.0
  Ground Max Relative Height: 0.0
==================================================
Extent ID: 6106882286567818297
  Canopy Photons: 136
  Canopy Min Height: 363.96148681640625
  Canopy Max Height: 373.0139465332031
  Ground Min Height: 361.3912658691406
  Ground Max Height: 366.1750183105469
  Canopy Min Relative Height: 2.035125732421875
  Canopy Max Relative Height: 11.08758544921875
  Ground Min Relative Height: 0.0
  Ground Max Relative Height: 0.0
==================================================
Extent Data Log
==================================================
Site Name: BONA
Date: 2023-01-20
Ground Offset: 2
Total Canopy Photons before Reassignment: 19202
Total Photons Reassigned to Ground: 11275
Total Canopy Photons after Reassignment: 6
==================================================
Extent ID: 2125700283618035149
  Canopy Photons: 141
  Canopy Min Height: 456.6547546386719
  Canopy Max Height: 462.3144226074219
  Ground Min Height: 454.1985778808594
  Ground Max Height: 458.1340637207031
  Canopy Min Relative Height: 2.0111083984375
  Canopy Max Relative Height: 7.6707763671875
  Ground Min Relative Height: 0.0
  Ground Max Relative Height: 0.0
==================================================
Extent ID: 2125700283618034809
  Canopy Photons: 96
  Canopy Min Height: 497.06512451171875
  Canopy Max Height: 505.7245178222656
  Ground Min Height: 494.7256164550781
  Ground Max Height: 497.4866943359375
  Canopy Min Relative Height: 2.037261962890625
  Canopy Max Relative Height: 10.6966552734375
  Ground Min Relative Height: 0.0
  Ground Max Relative Height: 0.0
==================================================
Extent ID: 2125700283618034829
  Canopy Photons: 92
  Canopy Min Height: 512.4276733398438
  Canopy Max Height: 518.0582885742188
  Ground Min Height: 509.2008972167969
  Ground Max Height: 514.4909057617188
  Canopy Min Relative Height: 2.38330078125
  Canopy Max Relative Height: 8.013916015625
  Ground Min Relative Height: 0.0
  Ground Max Relative Height: 0.0
==================================================
Extent ID: 2125700283618034837
  Canopy Photons: 81
  Canopy Min Height: 520.3274536132812
  Canopy Max Height: 526.64453125
  Ground Min Height: 517.609130859375
  Ground Max Height: 522.2833862304688
  Canopy Min Relative Height: 2.06878662109375
  Canopy Max Relative Height: 8.3858642578125
  Ground Min Relative Height: 0.0
  Ground Max Relative Height: 0.0
==================================================
Extent ID: 2125700283618034813
  Canopy Photons: 73
  Canopy Min Height: 499.5538330078125
  Canopy Max Height: 505.84588623046875
  Ground Min Height: 496.9978332519531
  Ground Max Height: 500.93499755859375
  Canopy Min Relative Height: 2.017578125
  Canopy Max Relative Height: 8.30963134765625
  Ground Min Relative Height: 0.0
  Ground Max Relative Height: 0.0
==================================================
Extent ID: 2125700283618034605
  Canopy Photons: 68
  Canopy Min Height: 306.6808776855469
  Canopy Max Height: 315.2959289550781
  Ground Min Height: 303.3398132324219
  Ground Max Height: 307.41424560546875
  Canopy Min Relative Height: 2.761566162109375
  Canopy Max Relative Height: 11.376617431640625
  Ground Min Relative Height: 0.0
  Ground Max Relative Height: 0.0
==================================================
Extent ID: 2125700283618034825
  Canopy Photons: 68
  Canopy Min Height: 508.9075012207031
  Canopy Max Height: 513.6569213867188
  Ground Min Height: 506.2312927246094
  Ground Max Height: 509.7214050292969
  Canopy Min Relative Height: 2.15899658203125
  Canopy Max Relative Height: 6.908416748046875
  Ground Min Relative Height: 0.0
  Ground Max Relative Height: 0.0
==================================================
Extent ID: 2125700283618034821
  Canopy Photons: 64
  Canopy Min Height: 505.73382568359375
  Canopy Max Height: 509.9046936035156
  Ground Min Height: 503.1783447265625
  Ground Max Height: 506.0950927734375
  Canopy Min Relative Height: 2.07965087890625
  Canopy Max Relative Height: 6.250518798828125
  Ground Min Relative Height: 0.0
  Ground Max Relative Height: 0.0
==================================================
Extent ID: 2125700283618033909
  Canopy Photons: 63
  Canopy Min Height: 501.41094970703125
  Canopy Max Height: 517.1085815429688
  Ground Min Height: 498.9279479980469
  Ground Max Height: 499.11114501953125
  Canopy Min Relative Height: 2.39141845703125
  Canopy Max Relative Height: 18.08905029296875
  Ground Min Relative Height: 0.0
  Ground Max Relative Height: 0.0
==================================================
Extent ID: 2125700283618034797
  Canopy Photons: 62
  Canopy Min Height: 489.4688720703125
  Canopy Max Height: 493.9246520996094
  Ground Min Height: 486.64111328125
  Ground Max Height: 490.2102355957031
  Canopy Min Relative Height: 2.111083984375
  Canopy Max Relative Height: 6.566864013671875
  Ground Min Relative Height: 0.0
  Ground Max Relative Height: 0.0
==================================================
Extent Data Log
==================================================
Site Name: BONA
Date: 2023-01-31
Ground Offset: 2
Total Canopy Photons before Reassignment: 15732
Total Photons Reassigned to Ground: 12815
Total Canopy Photons after Reassignment: 0
==================================================
Extent ID: 2913830211965420657
  Canopy Photons: 60
  Canopy Min Height: 366.3495178222656
  Canopy Max Height: 371.1546936035156
  Ground Min Height: 363.6290588378906
  Ground Max Height: 366.2159118652344
  Canopy Min Relative Height: 2.05230712890625
  Canopy Max Relative Height: 6.85748291015625
  Ground Min Relative Height: 0.0
  Ground Max Relative Height: 0.0
==================================================
Extent ID: 2913830211965420577
  Canopy Photons: 56
  Canopy Min Height: 425.1645812988281
  Canopy Max Height: 428.8502197265625
  Ground Min Height: 421.9963684082031
  Ground Max Height: 424.77734375
  Canopy Min Relative Height: 2.203277587890625
  Canopy Max Relative Height: 5.888916015625
  Ground Min Relative Height: 0.0
  Ground Max Relative Height: 0.0
==================================================
Extent ID: 2913830211965420637
  Canopy Photons: 51
  Canopy Min Height: 381.0627136230469
  Canopy Max Height: 387.3031921386719
  Ground Min Height: 378.6651611328125
  Ground Max Height: 380.9293212890625
  Canopy Min Relative Height: 2.037506103515625
  Canopy Max Relative Height: 8.277984619140625
  Ground Min Relative Height: 0.0
  Ground Max Relative Height: 0.0
==================================================
Extent ID: 2913830211965421101
  Canopy Photons: 41
  Canopy Min Height: 391.8119201660156
  Canopy Max Height: 395.24273681640625
  Ground Min Height: 389.68267822265625
  Ground Max Height: 394.10797119140625
  Canopy Min Relative Height: 2.051422119140625
  Canopy Max Relative Height: 5.48223876953125
  Ground Min Relative Height: 0.0
  Ground Max Relative Height: 0.0
==================================================
Extent ID: 2913830211965420241
  Canopy Photons: 39
  Canopy Min Height: 418.3998718261719
  Canopy Max Height: 423.50531005859375
  Ground Min Height: 415.6399230957031
  Ground Max Height: 418.1427307128906
  Canopy Min Relative Height: 2.2313232421875
  Canopy Max Relative Height: 7.336761474609375
  Ground Min Relative Height: 0.0
  Ground Max Relative Height: 0.0
==================================================
Extent ID: 2913830211965420289
  Canopy Photons: 39
  Canopy Min Height: 471.5701599121094
  Canopy Max Height: 475.5700378417969
  Ground Min Height: 468.84490966796875
  Ground Max Height: 471.4435729980469
  Canopy Min Relative Height: 2.05792236328125
  Canopy Max Relative Height: 6.05780029296875
  Ground Min Relative Height: 0.0
  Ground Max Relative Height: 0.0
==================================================
Extent ID: 2913830211965421053
  Canopy Photons: 39
  Canopy Min Height: 347.73223876953125
  Canopy Max Height: 353.47186279296875
  Ground Min Height: 345.2146911621094
  Ground Max Height: 350.34368896484375
  Canopy Min Relative Height: 2.071990966796875
  Canopy Max Relative Height: 7.811614990234375
  Ground Min Relative Height: 0.0
  Ground Max Relative Height: 0.0
==================================================
Extent ID: 2913830211965420565
  Canopy Photons: 38
  Canopy Min Height: 436.54681396484375
  Canopy Max Height: 440.65277099609375
  Ground Min Height: 434.0333251953125
  Ground Max Height: 436.31634521484375
  Canopy Min Relative Height: 2.174835205078125
  Canopy Max Relative Height: 6.280792236328125
  Ground Min Relative Height: 0.0
  Ground Max Relative Height: 0.0
==================================================
Extent ID: 2913830211965421081
  Canopy Photons: 38
  Canopy Min Height: 371.7253723144531
  Canopy Max Height: 377.74066162109375
  Ground Min Height: 369.2606201171875
  Ground Max Height: 371.7651672363281
  Canopy Min Relative Height: 2.050079345703125
  Canopy Max Relative Height: 8.06536865234375
  Ground Min Relative Height: 0.0
  Ground Max Relative Height: 0.0
==================================================
Extent ID: 2913830211965421029
  Canopy Photons: 36
  Canopy Min Height: 328.9200439453125
  Canopy Max Height: 333.8067626953125
  Ground Min Height: 326.71728515625
  Ground Max Height: 330.0386962890625
  Canopy Min Relative Height: 2.1873779296875
  Canopy Max Relative Height: 7.0740966796875
  Ground Min Relative Height: 0.0
  Ground Max Relative Height: 0.0
==================================================
Extent Data Log
==================================================
Site Name: BONA
Date: 2023-02-18
Ground Offset: 2
Total Canopy Photons before Reassignment: 47131
Total Photons Reassigned to Ground: 26582
Total Canopy Photons after Reassignment: 3
==================================================
Extent ID: 4116291318915794076
  Canopy Photons: 177
  Canopy Min Height: 524.6094970703125
  Canopy Max Height: 531.5775756835938
  Ground Min Height: 521.2868041992188
  Ground Max Height: 526.640380859375
  Canopy Min Relative Height: 2.06890869140625
  Canopy Max Relative Height: 9.0369873046875
  Ground Min Relative Height: 0.0
  Ground Max Relative Height: 0.0
==================================================
Extent ID: 4116291318915793828
  Canopy Photons: 163
  Canopy Min Height: 300.99078369140625
  Canopy Max Height: 308.26470947265625
  Ground Min Height: 296.4779052734375
  Ground Max Height: 301.8097229003906
  Canopy Min Relative Height: 2.038787841796875
  Canopy Max Relative Height: 9.312713623046875
  Ground Min Relative Height: 0.0
  Ground Max Relative Height: 0.0
==================================================
Extent ID: 4116291318915793952
  Canopy Photons: 156
  Canopy Min Height: 430.4840393066406
  Canopy Max Height: 436.8202209472656
  Ground Min Height: 427.7165222167969
  Ground Max Height: 432.06036376953125
  Canopy Min Relative Height: 2.0048828125
  Canopy Max Relative Height: 8.341064453125
  Ground Min Relative Height: 0.0
  Ground Max Relative Height: 0.0
==================================================
Extent ID: 4116291318915794060
  Canopy Photons: 156
  Canopy Min Height: 507.0794982910156
  Canopy Max Height: 512.9760131835938
  Ground Min Height: 504.6729431152344
  Ground Max Height: 508.7735290527344
  Canopy Min Relative Height: 2.004058837890625
  Canopy Max Relative Height: 7.90057373046875
  Ground Min Relative Height: 0.0
  Ground Max Relative Height: 0.0
==================================================
Extent ID: 4116291318915794056
  Canopy Photons: 151
  Canopy Min Height: 501.4542541503906
  Canopy Max Height: 510.2635803222656
  Ground Min Height: 498.912841796875
  Ground Max Height: 504.85137939453125
  Canopy Min Relative Height: 2.21905517578125
  Canopy Max Relative Height: 11.02838134765625
  Ground Min Relative Height: 0.0
  Ground Max Relative Height: 0.0
==================================================
Extent ID: 4116291318915793832
  Canopy Photons: 147
  Canopy Min Height: 308.5018310546875
  Canopy Max Height: 313.81231689453125
  Ground Min Height: 305.044189453125
  Ground Max Height: 309.1565246582031
  Canopy Min Relative Height: 2.03082275390625
  Canopy Max Relative Height: 7.34130859375
  Ground Min Relative Height: 0.0
  Ground Max Relative Height: 0.0
==================================================
Extent ID: 4116291318915794072
  Canopy Photons: 144
  Canopy Min Height: 520.4072875976562
  Canopy Max Height: 527.7323608398438
  Ground Min Height: 517.831298828125
  Ground Max Height: 521.5438842773438
  Canopy Min Relative Height: 2.01580810546875
  Canopy Max Relative Height: 9.34088134765625
  Ground Min Relative Height: 0.0
  Ground Max Relative Height: 0.0
==================================================
Extent ID: 4116291318915793848
  Canopy Photons: 140
  Canopy Min Height: 328.18426513671875
  Canopy Max Height: 336.1624450683594
  Ground Min Height: 324.97283935546875
  Ground Max Height: 329.73016357421875
  Canopy Min Relative Height: 2.02960205078125
  Canopy Max Relative Height: 10.007781982421875
  Ground Min Relative Height: 0.0
  Ground Max Relative Height: 0.0
==================================================
Extent ID: 4116291318915793876
  Canopy Photons: 139
  Canopy Min Height: 354.47265625
  Canopy Max Height: 361.2103576660156
  Ground Min Height: 351.2947998046875
  Ground Max Height: 357.45391845703125
  Canopy Min Relative Height: 2.0594482421875
  Canopy Max Relative Height: 8.797149658203125
  Ground Min Relative Height: 0.0
  Ground Max Relative Height: 0.0
==================================================
Extent ID: 4116291318915793820
  Canopy Photons: 137
  Canopy Min Height: 291.3393249511719
  Canopy Max Height: 298.8085632324219
  Ground Min Height: 288.4210510253906
  Ground Max Height: 292.92486572265625
  Canopy Min Relative Height: 2.269805908203125
  Canopy Max Relative Height: 9.739044189453125
  Ground Min Relative Height: 0.0
  Ground Max Relative Height: 0.0
==================================================
Extent Data Log
==================================================
Site Name: BONA
Date: 2023-03-05
Ground Offset: 2
Total Canopy Photons before Reassignment: 1567
Total Photons Reassigned to Ground: 1437
Total Canopy Photons after Reassignment: 0
==================================================
Extent ID: 5179140823459038460
  Canopy Photons: 37
  Canopy Min Height: 346.0120849609375
  Canopy Max Height: 351.7992858886719
  Ground Min Height: 343.3569030761719
  Ground Max Height: 345.7680358886719
  Canopy Min Relative Height: 2.20220947265625
  Canopy Max Relative Height: 7.989410400390625
  Ground Min Relative Height: 0.0
  Ground Max Relative Height: 0.0
==================================================
Extent ID: 5179140823459038488
  Canopy Photons: 21
  Canopy Min Height: 349.6266784667969
  Canopy Max Height: 353.4950256347656
  Ground Min Height: 346.7012634277344
  Ground Max Height: 349.1981201171875
  Canopy Min Relative Height: 2.00238037109375
  Canopy Max Relative Height: 5.8707275390625
  Ground Min Relative Height: 0.0
  Ground Max Relative Height: 0.0
==================================================
Extent ID: 5179140822385295992
  Canopy Photons: 19
  Canopy Min Height: 370.656494140625
  Canopy Max Height: 372.4342956542969
  Ground Min Height: 368.4150390625
  Ground Max Height: 370.5390930175781
  Canopy Min Relative Height: 2.02191162109375
  Canopy Max Relative Height: 3.799713134765625
  Ground Min Relative Height: 0.0
  Ground Max Relative Height: 0.0
==================================================
Extent ID: 5179140822385295752
  Canopy Photons: 9
  Canopy Min Height: 544.3561401367188
  Canopy Max Height: 546.7180786132812
  Ground Min Height: 542.2589111328125
  Ground Max Height: 543.9827880859375
  Canopy Min Relative Height: 2.0372314453125
  Canopy Max Relative Height: 4.399169921875
  Ground Min Relative Height: 0.0
  Ground Max Relative Height: 0.0
==================================================
Extent ID: 5179140823459038484
  Canopy Photons: 6
  Canopy Min Height: 346.89111328125
  Canopy Max Height: 348.6893310546875
  Ground Min Height: 344.5345153808594
  Ground Max Height: 346.2945251464844
  Canopy Min Relative Height: 2.20166015625
  Canopy Max Relative Height: 3.9998779296875
  Ground Min Relative Height: 0.0
  Ground Max Relative Height: 0.0
==================================================
Extent ID: 5179140822385295672
  Canopy Photons: 5
  Canopy Min Height: 594.5397338867188
  Canopy Max Height: 595.9467163085938
  Ground Min Height: 591.9659423828125
  Ground Max Height: 594.5400390625
  Canopy Min Relative Height: 2.02630615234375
  Canopy Max Relative Height: 3.43328857421875
  Ground Min Relative Height: 0.0
  Ground Max Relative Height: 0.0
==================================================
Extent ID: 5179140822385295976
  Canopy Photons: 5
  Canopy Min Height: 365.67279052734375
  Canopy Max Height: 366.3733825683594
  Ground Min Height: 363.3060302734375
  Ground Max Height: 365.57623291015625
  Canopy Min Relative Height: 2.010772705078125
  Canopy Max Relative Height: 2.71136474609375
  Ground Min Relative Height: 0.0
  Ground Max Relative Height: 0.0
==================================================
Extent ID: 5179140822385295972
  Canopy Photons: 4
  Canopy Min Height: 364.8279113769531
  Canopy Max Height: 365.82763671875
  Ground Min Height: 361.2718811035156
  Ground Max Height: 364.1580505371094
  Canopy Min Relative Height: 2.3336181640625
  Canopy Max Relative Height: 3.333343505859375
  Ground Min Relative Height: 0.0
  Ground Max Relative Height: 0.0
==================================================
Extent ID: 5179140822385295984
  Canopy Photons: 4
  Canopy Min Height: 368.1385192871094
  Canopy Max Height: 369.3732604980469
  Ground Min Height: 365.71893310546875
  Ground Max Height: 368.0526123046875
  Canopy Min Relative Height: 2.03533935546875
  Canopy Max Relative Height: 3.27008056640625
  Ground Min Relative Height: 0.0
  Ground Max Relative Height: 0.0
==================================================
Extent ID: 5179140822385295668
  Canopy Photons: 3
  Canopy Min Height: 593.5972900390625
  Canopy Max Height: 594.6232299804688
  Ground Min Height: 591.2932739257812
  Ground Max Height: 593.3948974609375
  Canopy Min Relative Height: 2.09368896484375
  Canopy Max Relative Height: 3.11962890625
  Ground Min Relative Height: 0.0
  Ground Max Relative Height: 0.0
==================================================
Extent Data Log
==================================================
Site Name: BONA
Date: 2023-03-19
Ground Offset: 2
Total Canopy Photons before Reassignment: 66034
Total Photons Reassigned to Ground: 40399
Total Canopy Photons after Reassignment: 13
==================================================
Extent ID: 6106882354213553672
  Canopy Photons: 201
  Canopy Min Height: 299.5130615234375
  Canopy Max Height: 307.232421875
  Ground Min Height: 296.5810546875
  Ground Max Height: 301.8235778808594
  Canopy Min Relative Height: 2.02972412109375
  Canopy Max Relative Height: 9.74908447265625
  Ground Min Relative Height: 0.0
  Ground Max Relative Height: 0.0
==================================================
Extent ID: 6106882354213553652
  Canopy Photons: 182
  Canopy Min Height: 266.7630310058594
  Canopy Max Height: 274.0493469238281
  Ground Min Height: 264.1872253417969
  Ground Max Height: 270.3191223144531
  Canopy Min Relative Height: 2.037445068359375
  Canopy Max Relative Height: 9.323760986328125
  Ground Min Relative Height: 0.0
  Ground Max Relative Height: 0.0
==================================================
Extent ID: 6106882354213553660
  Canopy Photons: 176
  Canopy Min Height: 279.8482360839844
  Canopy Max Height: 286.6679382324219
  Ground Min Height: 276.8576354980469
  Ground Max Height: 284.4200134277344
  Canopy Min Relative Height: 2.01776123046875
  Canopy Max Relative Height: 8.83746337890625
  Ground Min Relative Height: 0.0
  Ground Max Relative Height: 0.0
==================================================
Extent ID: 6106882354213553668
  Canopy Photons: 160
  Canopy Min Height: 293.2504577636719
  Canopy Max Height: 301.388427734375
  Ground Min Height: 290.4578857421875
  Ground Max Height: 295.7255859375
  Canopy Min Relative Height: 2.042877197265625
  Canopy Max Relative Height: 10.18084716796875
  Ground Min Relative Height: 0.0
  Ground Max Relative Height: 0.0
==================================================
Extent ID: 6106882355287294288
  Canopy Photons: 146
  Canopy Min Height: 378.27587890625
  Canopy Max Height: 391.1783447265625
  Ground Min Height: 375.546875
  Ground Max Height: 384.5119934082031
  Canopy Min Relative Height: 2.24908447265625
  Canopy Max Relative Height: 15.15155029296875
  Ground Min Relative Height: 0.0
  Ground Max Relative Height: 0.0
==================================================
Extent ID: 6106882355287294296
  Canopy Photons: 146
  Canopy Min Height: 393.9852294921875
  Canopy Max Height: 404.8077087402344
  Ground Min Height: 391.30609130859375
  Ground Max Height: 396.5210876464844
  Canopy Min Relative Height: 2.441925048828125
  Canopy Max Relative Height: 13.264404296875
  Ground Min Relative Height: 0.0
  Ground Max Relative Height: 0.0
==================================================
Extent ID: 6106882354213552676
  Canopy Photons: 144
  Canopy Min Height: 346.2679748535156
  Canopy Max Height: 352.4483642578125
  Ground Min Height: 343.731201171875
  Ground Max Height: 348.16961669921875
  Canopy Min Relative Height: 2.0716552734375
  Canopy Max Relative Height: 8.252044677734375
  Ground Min Relative Height: 0.0
  Ground Max Relative Height: 0.0
==================================================
Extent ID: 6106882354213553704
  Canopy Photons: 139
  Canopy Min Height: 343.58203125
  Canopy Max Height: 348.8352966308594
  Ground Min Height: 341.0246887207031
  Ground Max Height: 344.31256103515625
  Canopy Min Relative Height: 2.005035400390625
  Canopy Max Relative Height: 7.25830078125
  Ground Min Relative Height: 0.0
  Ground Max Relative Height: 0.0
==================================================
Extent ID: 6106882355287294960
  Canopy Photons: 138
  Canopy Min Height: 385.8824768066406
  Canopy Max Height: 394.27362060546875
  Ground Min Height: 382.8168640136719
  Ground Max Height: 389.00347900390625
  Canopy Min Relative Height: 2.014312744140625
  Canopy Max Relative Height: 10.40545654296875
  Ground Min Relative Height: 0.0
  Ground Max Relative Height: 0.0
==================================================
Extent ID: 6106882354213553656
  Canopy Photons: 137
  Canopy Min Height: 274.42987060546875
  Canopy Max Height: 281.5350341796875
  Ground Min Height: 270.58734130859375
  Ground Max Height: 276.2833557128906
  Canopy Min Relative Height: 2.003753662109375
  Canopy Max Relative Height: 9.108917236328125
  Ground Min Relative Height: 0.0
  Ground Max Relative Height: 0.0
==================================================
Extent Data Log
==================================================
Site Name: BONA
Date: 2023-04-17
Ground Offset: 2
Total Canopy Photons before Reassignment: 1250
Total Photons Reassigned to Ground: 775
Total Canopy Photons after Reassignment: 0
==================================================
Extent ID: 1850980775067911316
  Canopy Photons: 52
  Canopy Min Height: 492.4336853027344
  Canopy Max Height: 501.21685791015625
  Ground Min Height: 484.4965515136719
  Ground Max Height: 498.7311706542969
  Canopy Min Relative Height: 2.071746826171875
  Canopy Max Relative Height: 10.85491943359375
  Ground Min Relative Height: 0.0
  Ground Max Relative Height: 0.0
==================================================
Extent ID: 1850980775067911308
  Canopy Photons: 49
  Canopy Min Height: 484.8702087402344
  Canopy Max Height: 493.0389099121094
  Ground Min Height: 481.0230407714844
  Ground Max Height: 484.5860290527344
  Canopy Min Relative Height: 2.19769287109375
  Canopy Max Relative Height: 10.36639404296875
  Ground Min Relative Height: 0.0
  Ground Max Relative Height: 0.0
==================================================
Extent ID: 1850980775067911300
  Canopy Photons: 43
  Canopy Min Height: 473.42242431640625
  Canopy Max Height: 480.9248046875
  Ground Min Height: 469.072509765625
  Ground Max Height: 475.2373352050781
  Canopy Min Relative Height: 2.27197265625
  Canopy Max Relative Height: 9.77435302734375
  Ground Min Relative Height: 0.0
  Ground Max Relative Height: 0.0
==================================================
Extent ID: 1850980775067911332
  Canopy Photons: 35
  Canopy Min Height: 515.080810546875
  Canopy Max Height: 523.8441162109375
  Ground Min Height: 512.6237182617188
  Ground Max Height: 516.5407104492188
  Canopy Min Relative Height: 2.25018310546875
  Canopy Max Relative Height: 11.01348876953125
  Ground Min Relative Height: 0.0
  Ground Max Relative Height: 0.0
==================================================
Extent ID: 1850980775067911336
  Canopy Photons: 35
  Canopy Min Height: 521.2431030273438
  Canopy Max Height: 528.1473388671875
  Ground Min Height: 518.64404296875
  Ground Max Height: 520.6693725585938
  Canopy Min Relative Height: 2.28045654296875
  Canopy Max Relative Height: 9.1846923828125
  Ground Min Relative Height: 0.0
  Ground Max Relative Height: 0.0
==================================================
Extent ID: 1850980775067911324
  Canopy Photons: 34
  Canopy Min Height: 504.3717041015625
  Canopy Max Height: 509.86151123046875
  Ground Min Height: 502.09234619140625
  Ground Max Height: 505.8979187011719
  Canopy Min Relative Height: 2.21917724609375
  Canopy Max Relative Height: 7.708984375
  Ground Min Relative Height: 0.0
  Ground Max Relative Height: 0.0
==================================================
Extent ID: 1850980775067911328
  Canopy Photons: 25
  Canopy Min Height: 509.7061462402344
  Canopy Max Height: 517.1845703125
  Ground Min Height: 506.6069641113281
  Ground Max Height: 509.43841552734375
  Canopy Min Relative Height: 3.005096435546875
  Canopy Max Relative Height: 10.4835205078125
  Ground Min Relative Height: 0.0
  Ground Max Relative Height: 0.0
==================================================
Extent ID: 1850980775067911320
  Canopy Photons: 18
  Canopy Min Height: 501.12725830078125
  Canopy Max Height: 504.7545471191406
  Ground Min Height: 498.61871337890625
  Ground Max Height: 500.7294616699219
  Canopy Min Relative Height: 2.147369384765625
  Canopy Max Relative Height: 5.774658203125
  Ground Min Relative Height: 0.0
  Ground Max Relative Height: 0.0
==================================================
Extent ID: 1850980775067911348
  Canopy Photons: 17
  Canopy Min Height: 539.5840454101562
  Canopy Max Height: 545.549560546875
  Ground Min Height: 536.6638793945312
  Ground Max Height: 540.203369140625
  Canopy Min Relative Height: 2.03564453125
  Canopy Max Relative Height: 8.00115966796875
  Ground Min Relative Height: 0.0
  Ground Max Relative Height: 0.0
==================================================
Extent ID: 1850980775067911249
  Canopy Photons: 13
  Canopy Min Height: 474.68914794921875
  Canopy Max Height: 477.5367126464844
  Ground Min Height: 472.29302978515625
  Ground Max Height: 474.7550964355469
  Canopy Min Relative Height: 2.34124755859375
  Canopy Max Relative Height: 5.188812255859375
  Ground Min Relative Height: 0.0
  Ground Max Relative Height: 0.0
==================================================
Extent Data Log
==================================================
Site Name: BONA
Date: 2023-04-21
Ground Offset: 2
Total Canopy Photons before Reassignment: 37616
Total Photons Reassigned to Ground: 22925
Total Canopy Photons after Reassignment: 1
==================================================
Extent ID: 2125700352337510436
  Canopy Photons: 138
  Canopy Min Height: 573.1831665039062
  Canopy Max Height: 582.5571899414062
  Ground Min Height: 570.7833862304688
  Ground Max Height: 578.0116577148438
  Canopy Min Relative Height: 2.07568359375
  Canopy Max Relative Height: 11.44970703125
  Ground Min Relative Height: 0.0
  Ground Max Relative Height: 0.0
==================================================
Extent ID: 2125700352337511564
  Canopy Photons: 137
  Canopy Min Height: 488.5903625488281
  Canopy Max Height: 494.5360107421875
  Ground Min Height: 486.13592529296875
  Ground Max Height: 491.3465270996094
  Canopy Min Relative Height: 2.007843017578125
  Canopy Max Relative Height: 7.9534912109375
  Ground Min Relative Height: 0.0
  Ground Max Relative Height: 0.0
==================================================
Extent ID: 2125700352337510760
  Canopy Photons: 135
  Canopy Min Height: 561.6154174804688
  Canopy Max Height: 567.7548217773438
  Ground Min Height: 558.4678955078125
  Ground Max Height: 563.35009765625
  Canopy Min Relative Height: 2.04815673828125
  Canopy Max Relative Height: 8.18756103515625
  Ground Min Relative Height: 0.0
  Ground Max Relative Height: 0.0
==================================================
Extent ID: 2125700352337510752
  Canopy Photons: 126
  Canopy Min Height: 549.8169555664062
  Canopy Max Height: 555.7676391601562
  Ground Min Height: 546.6294555664062
  Ground Max Height: 553.4759521484375
  Canopy Min Relative Height: 2.0068359375
  Canopy Max Relative Height: 7.95751953125
  Ground Min Relative Height: 0.0
  Ground Max Relative Height: 0.0
==================================================
Extent ID: 2125700352337511588
  Canopy Photons: 126
  Canopy Min Height: 520.87255859375
  Canopy Max Height: 526.5596923828125
  Ground Min Height: 517.7565307617188
  Ground Max Height: 521.5667724609375
  Canopy Min Relative Height: 2.03558349609375
  Canopy Max Relative Height: 7.72271728515625
  Ground Min Relative Height: 0.0
  Ground Max Relative Height: 0.0
==================================================
Extent ID: 2125700352337511536
  Canopy Photons: 116
  Canopy Min Height: 462.6256103515625
  Canopy Max Height: 468.2451477050781
  Ground Min Height: 460.1053771972656
  Ground Max Height: 464.9541931152344
  Canopy Min Relative Height: 2.02490234375
  Canopy Max Relative Height: 7.644439697265625
  Ground Min Relative Height: 0.0
  Ground Max Relative Height: 0.0
==================================================
Extent ID: 2125700352337511584
  Canopy Photons: 116
  Canopy Min Height: 515.1220703125
  Canopy Max Height: 523.0116577148438
  Ground Min Height: 512.6199340820312
  Ground Max Height: 516.355712890625
  Canopy Min Relative Height: 2.00506591796875
  Canopy Max Relative Height: 9.8946533203125
  Ground Min Relative Height: 0.0
  Ground Max Relative Height: 0.0
==================================================
Extent ID: 2125700352337511344
  Canopy Photons: 114
  Canopy Min Height: 313.4164123535156
  Canopy Max Height: 319.5251159667969
  Ground Min Height: 310.7994079589844
  Ground Max Height: 315.6350402832031
  Canopy Min Relative Height: 2.0357666015625
  Canopy Max Relative Height: 8.14447021484375
  Ground Min Relative Height: 0.0
  Ground Max Relative Height: 0.0
==================================================
Extent ID: 2125700352337511572
  Canopy Photons: 113
  Canopy Min Height: 499.20318603515625
  Canopy Max Height: 506.5925598144531
  Ground Min Height: 496.32061767578125
  Ground Max Height: 501.45257568359375
  Canopy Min Relative Height: 2.083343505859375
  Canopy Max Relative Height: 9.47271728515625
  Ground Min Relative Height: 0.0
  Ground Max Relative Height: 0.0
==================================================
Extent ID: 2125700352337510408
  Canopy Photons: 108
  Canopy Min Height: 551.8721313476562
  Canopy Max Height: 557.0205078125
  Ground Min Height: 549.1920166015625
  Ground Max Height: 554.1270141601562
  Canopy Min Relative Height: 2.0655517578125
  Canopy Max Relative Height: 7.21392822265625
  Ground Min Relative Height: 0.0
  Ground Max Relative Height: 0.0
==================================================
Extent Data Log
==================================================
Site Name: BONA
Date: 2023-05-06
Ground Offset: 2
Total Canopy Photons before Reassignment: 17739
Total Photons Reassigned to Ground: 12135
Total Canopy Photons after Reassignment: 0
==================================================
Extent ID: 3188549857954497036
  Canopy Photons: 94
  Canopy Min Height: 436.7049865722656
  Canopy Max Height: 443.31561279296875
  Ground Min Height: 434.19818115234375
  Ground Max Height: 436.60809326171875
  Canopy Min Relative Height: 2.03253173828125
  Canopy Max Relative Height: 8.643157958984375
  Ground Min Relative Height: 0.0
  Ground Max Relative Height: 0.0
==================================================
Extent ID: 3188549857954498024
  Canopy Photons: 85
  Canopy Min Height: 610.0109252929688
  Canopy Max Height: 618.2273559570312
  Ground Min Height: 607.4229736328125
  Ground Max Height: 613.860107421875
  Canopy Min Relative Height: 2.00665283203125
  Canopy Max Relative Height: 10.22308349609375
  Ground Min Relative Height: 0.0
  Ground Max Relative Height: 0.0
==================================================
Extent ID: 3188549857954497540
  Canopy Photons: 64
  Canopy Min Height: 498.7912292480469
  Canopy Max Height: 507.7711486816406
  Ground Min Height: 496.08135986328125
  Ground Max Height: 505.0859069824219
  Canopy Min Relative Height: 2.00384521484375
  Canopy Max Relative Height: 10.9837646484375
  Ground Min Relative Height: 0.0
  Ground Max Relative Height: 0.0
==================================================
Extent ID: 3188549857954496820
  Canopy Photons: 56
  Canopy Min Height: 441.56475830078125
  Canopy Max Height: 445.70562744140625
  Ground Min Height: 439.1703796386719
  Ground Max Height: 444.5792541503906
  Canopy Min Relative Height: 2.067535400390625
  Canopy Max Relative Height: 6.208404541015625
  Ground Min Relative Height: 0.0
  Ground Max Relative Height: 0.0
==================================================
Extent ID: 3188549857954497920
  Canopy Photons: 53
  Canopy Min Height: 512.4808349609375
  Canopy Max Height: 515.8252563476562
  Ground Min Height: 509.9552307128906
  Ground Max Height: 513.8966674804688
  Canopy Min Relative Height: 2.015228271484375
  Canopy Max Relative Height: 5.359649658203125
  Ground Min Relative Height: 0.0
  Ground Max Relative Height: 0.0
==================================================
Extent ID: 3188549857954497568
  Canopy Photons: 51
  Canopy Min Height: 533.4833984375
  Canopy Max Height: 538.3475341796875
  Ground Min Height: 531.0440673828125
  Ground Max Height: 536.083984375
  Canopy Min Relative Height: 2.09918212890625
  Canopy Max Relative Height: 6.96331787109375
  Ground Min Relative Height: 0.0
  Ground Max Relative Height: 0.0
==================================================
Extent ID: 3188549857954497892
  Canopy Photons: 51
  Canopy Min Height: 478.9059753417969
  Canopy Max Height: 482.9515380859375
  Ground Min Height: 476.78594970703125
  Ground Max Height: 482.0117492675781
  Canopy Min Relative Height: 2.085052490234375
  Canopy Max Relative Height: 6.130615234375
  Ground Min Relative Height: 0.0
  Ground Max Relative Height: 0.0
==================================================
Extent ID: 3188549857954497548
  Canopy Photons: 46
  Canopy Min Height: 512.0238037109375
  Canopy Max Height: 516.91650390625
  Ground Min Height: 509.51239013671875
  Ground Max Height: 515.1700439453125
  Canopy Min Relative Height: 2.002044677734375
  Canopy Max Relative Height: 6.894744873046875
  Ground Min Relative Height: 0.0
  Ground Max Relative Height: 0.0
==================================================
Extent ID: 3188549857954497604
  Canopy Photons: 46
  Canopy Min Height: 570.7295532226562
  Canopy Max Height: 573.2374267578125
  Ground Min Height: 568.4712524414062
  Ground Max Height: 572.5021362304688
  Canopy Min Relative Height: 2.0029296875
  Canopy Max Relative Height: 4.51080322265625
  Ground Min Relative Height: 0.0
  Ground Max Relative Height: 0.0
==================================================
Extent ID: 3188549857954496756
  Canopy Photons: 44
  Canopy Min Height: 377.84039306640625
  Canopy Max Height: 381.722900390625
  Ground Min Height: 375.7651062011719
  Ground Max Height: 377.9582824707031
  Canopy Min Relative Height: 2.064544677734375
  Canopy Max Relative Height: 5.947052001953125
  Ground Min Relative Height: 0.0
  Ground Max Relative Height: 0.0
==================================================
