Extent Data Log
==================================================
Site Name: BONA
Date: 2023-04-21
Ground Offset: 2
Total Photons: 37616
Total Photons Reassigned to Ground: 22925
==================================================
Extent ID: 2125700352337510461
  Canopy Photons: 15
  Canopy Min Height: 575.483642578125
  Canopy Max Height: 577.96923828125
  Ground Min Height: 572.800537109375
  Ground Max Height: 575.436767578125
  Canopy Min Relative Height: 2.1153564453125
  Canopy Max Relative Height: 4.6009521484375
  Ground Min Relative Height: 0.0
  Ground Max Relative Height: 0.0
==================================================
Extent ID: 2125700352337511465
  Canopy Photons: 19
  Canopy Min Height: 403.54071044921875
  Canopy Max Height: 406.54034423828125
  Ground Min Height: 401.2007751464844
  Ground Max Height: 403.1915283203125
  Canopy Min Relative Height: 2.101104736328125
  Canopy Max Relative Height: 5.100738525390625
  Ground Min Relative Height: 0.0
  Ground Max Relative Height: 0.0
==================================================
Extent ID: 2125700352337510580
  Canopy Photons: 8
  Canopy Min Height: 580.8684692382812
  Canopy Max Height: 587.625
  Ground Min Height: 576.3966064453125
  Ground Max Height: 580.5865478515625
  Canopy Min Relative Height: 2.17034912109375
  Canopy Max Relative Height: 8.9268798828125
  Ground Min Relative Height: 0.0
  Ground Max Relative Height: 0.0
==================================================
Extent ID: 2125700352337512000
  Canopy Photons: 8
  Canopy Min Height: 509.7463684082031
  Canopy Max Height: 514.8809814453125
  Ground Min Height: 507.09539794921875
  Ground Max Height: 507.9164123535156
  Canopy Min Relative Height: 2.188385009765625
  Canopy Max Relative Height: 7.322998046875
  Ground Min Relative Height: 0.0
  Ground Max Relative Height: 0.0
==================================================
Extent ID: 2125700352337510952
  Canopy Photons: 4
  Canopy Min Height: 629.7503662109375
  Canopy Max Height: 631.6815795898438
  Ground Min Height: 624.6163330078125
  Ground Max Height: 628.540283203125
  Canopy Min Relative Height: 2.941650390625
  Canopy Max Relative Height: 4.87286376953125
  Ground Min Relative Height: 0.0
  Ground Max Relative Height: 0.0
==================================================
Extent ID: 2125700352337511788
  Canopy Photons: 16
  Canopy Min Height: 503.88104248046875
  Canopy Max Height: 505.9761047363281
  Ground Min Height: 500.8013610839844
  Ground Max Height: 503.62677001953125
  Canopy Min Relative Height: 2.18121337890625
  Canopy Max Relative Height: 4.276275634765625
  Ground Min Relative Height: 0.0
  Ground Max Relative Height: 0.0
==================================================
Extent ID: 2125700352337510641
  Canopy Photons: 14
  Canopy Min Height: 554.5501098632812
  Canopy Max Height: 558.9407348632812
  Ground Min Height: 551.8528442382812
  Ground Max Height: 554.7892456054688
  Canopy Min Relative Height: 2.0811767578125
  Canopy Max Relative Height: 6.4718017578125
  Ground Min Relative Height: 0.0
  Ground Max Relative Height: 0.0
==================================================
Extent ID: 2125700352337511177
  Canopy Photons: 5
  Canopy Min Height: 395.1249694824219
  Canopy Max Height: 397.5384826660156
  Ground Min Height: 390.4859619140625
  Ground Max Height: 394.9598388671875
  Canopy Min Relative Height: 2.13336181640625
  Canopy Max Relative Height: 4.546875
  Ground Min Relative Height: 0.0
  Ground Max Relative Height: 0.0
==================================================
Extent ID: 2125700352337511489
  Canopy Photons: 0
  Canopy Min Height: None
  Canopy Max Height: None
  Ground Min Height: 412.8782653808594
  Ground Max Height: 416.71221923828125
  Canopy Min Relative Height: None
  Canopy Max Relative Height: None
  Ground Min Relative Height: 0
  Ground Max Relative Height: 0
==================================================
Extent ID: 2125700352337511401
  Canopy Photons: 15
  Canopy Min Height: 358.1170654296875
  Canopy Max Height: 360.7155456542969
  Ground Min Height: 355.4073181152344
  Ground Max Height: 357.614501953125
  Canopy Min Relative Height: 2.4979248046875
  Canopy Max Relative Height: 5.096405029296875
  Ground Min Relative Height: 0.0
  Ground Max Relative Height: 0.0
==================================================
Extent Data Log
==================================================
Site Name: BONA
Date: 2023-05-06
Ground Offset: 2
Total Photons: 31147
Total Photons Reassigned to Ground: 17882
==================================================
Extent ID: 3188549857954497741
  Canopy Photons: 0
  Canopy Min Height: None
  Canopy Max Height: None
  Ground Min Height: 587.08251953125
  Ground Max Height: 591.1180419921875
  Canopy Min Relative Height: None
  Canopy Max Relative Height: None
  Ground Min Relative Height: 0.0
  Ground Max Relative Height: 0.0
==================================================
Extent ID: 3188549857954498061
  Canopy Photons: 0
  Canopy Min Height: None
  Canopy Max Height: None
  Ground Min Height: 634.8212280273438
  Ground Max Height: 637.0166015625
  Canopy Min Relative Height: None
  Canopy Max Relative Height: None
  Ground Min Relative Height: 0.0
  Ground Max Relative Height: 0.0
==================================================
Extent ID: 3188549857954497085
  Canopy Photons: 7
  Canopy Min Height: 405.6222839355469
  Canopy Max Height: 409.5101013183594
  Ground Min Height: 399.2552185058594
  Ground Max Height: 405.3562316894531
  Canopy Min Relative Height: 2.024932861328125
  Canopy Max Relative Height: 5.912750244140625
  Ground Min Relative Height: 0.0
  Ground Max Relative Height: 0.0
==================================================
Extent ID: 3188549857954497500
  Canopy Photons: 50
  Canopy Min Height: 459.4171447753906
  Canopy Max Height: 466.2935485839844
  Ground Min Height: 456.97589111328125
  Ground Max Height: 462.3515319824219
  Canopy Min Relative Height: 2.22119140625
  Canopy Max Relative Height: 9.09759521484375
  Ground Min Relative Height: 0.0
  Ground Max Relative Height: 0.0
==================================================
Extent ID: 3188549857954496724
  Canopy Photons: 31
  Canopy Min Height: 342.5718688964844
  Canopy Max Height: 348.76824951171875
  Ground Min Height: 339.7041015625
  Ground Max Height: 343.9612731933594
  Canopy Min Relative Height: 2.550140380859375
  Canopy Max Relative Height: 8.74652099609375
  Ground Min Relative Height: 0.0
  Ground Max Relative Height: 0.0
==================================================
Extent ID: 3188549857954496856
  Canopy Photons: 47
  Canopy Min Height: 476.2196350097656
  Canopy Max Height: 481.1526794433594
  Ground Min Height: 473.26806640625
  Ground Max Height: 478.2508544921875
  Canopy Min Relative Height: 2.061859130859375
  Canopy Max Relative Height: 6.994903564453125
  Ground Min Relative Height: 0.0
  Ground Max Relative Height: 0.0
==================================================
Extent ID: 3188549857954497817
  Canopy Photons: 17
  Canopy Min Height: 510.8606872558594
  Canopy Max Height: 517.7711791992188
  Ground Min Height: 504.7828674316406
  Ground Max Height: 510.51971435546875
  Canopy Min Relative Height: 2.068695068359375
  Canopy Max Relative Height: 8.97918701171875
  Ground Min Relative Height: 0.0
  Ground Max Relative Height: 0.0
==================================================
Extent ID: 3188549857954496624
  Canopy Photons: 15
  Canopy Min Height: 220.9108428955078
  Canopy Max Height: 236.18222045898438
  Ground Min Height: 215.25181579589844
  Ground Max Height: 221.49871826171875
  Canopy Min Relative Height: 2.0286102294921875
  Canopy Max Relative Height: 17.29998779296875
  Ground Min Relative Height: 0.0
  Ground Max Relative Height: 0.0
==================================================
Extent ID: 3188549857954497217
  Canopy Photons: 0
  Canopy Min Height: None
  Canopy Max Height: None
  Ground Min Height: 261.6005554199219
  Ground Max Height: 262.43182373046875
  Canopy Min Relative Height: None
  Canopy Max Relative Height: None
  Ground Min Relative Height: 0.0
  Ground Max Relative Height: 0.0
==================================================
Extent ID: 3188549857954497493
  Canopy Photons: 8
  Canopy Min Height: 451.7740478515625
  Canopy Max Height: 459.5974426269531
  Ground Min Height: 447.1270751953125
  Ground Max Height: 450.5930480957031
  Canopy Min Relative Height: 4.322021484375
  Canopy Max Relative Height: 12.145416259765625
  Ground Min Relative Height: 0.0
  Ground Max Relative Height: 0.0
==================================================
