Extent Data Log
==================================================
Site Name: TEAK
Date: 2019-06-07
Ground Offset: 2
Total Photons: 2848
Total Photons Reassigned to Ground: 2115
==================================================
Extent ID: 4796333837225296552
  Canopy Photons: 0
  Canopy Min Height: None
  Canopy Max Height: None
  Ground Min Height: 2198.76025390625
  Ground Max Height: 2204.474609375
  Canopy Min Relative Height: None
  Canopy Max Relative Height: None
  Ground Min Relative Height: 0
  Ground Max Relative Height: 0
==================================================
Extent ID: 4796333837225296604
  Canopy Photons: 0
  Canopy Min Height: None
  Canopy Max Height: None
  Ground Min Height: 2160.03515625
  Ground Max Height: 2169.058837890625
  Canopy Min Relative Height: None
  Canopy Max Relative Height: None
  Ground Min Relative Height: 0
  Ground Max Relative Height: 0
==================================================
Extent ID: 4796333837225295976
  Canopy Photons: 0
  Canopy Min Height: None
  Canopy Max Height: None
  Ground Min Height: 1948.64599609375
  Ground Max Height: 1949.0703125
  Canopy Min Relative Height: None
  Canopy Max Relative Height: None
  Ground Min Relative Height: 0.0
  Ground Max Relative Height: 0.0
==================================================
Extent ID: 4796333838299039228
  Canopy Photons: 0
  Canopy Min Height: None
  Canopy Max Height: None
  Ground Min Height: 1836.6473388671875
  Ground Max Height: 1840.85546875
  Canopy Min Relative Height: None
  Canopy Max Relative Height: None
  Ground Min Relative Height: 0.0
  Ground Max Relative Height: 0.0
==================================================
Extent ID: 4796333837225295956
  Canopy Photons: 0
  Canopy Min Height: None
  Canopy Max Height: None
  Ground Min Height: 1948.45166015625
  Ground Max Height: 1949.007080078125
  Canopy Min Relative Height: None
  Canopy Max Relative Height: None
  Ground Min Relative Height: 0.0
  Ground Max Relative Height: 0.0
==================================================
Extent ID: 4796333838299038728
  Canopy Photons: 1
  Canopy Min Height: 2123.962890625
  Canopy Max Height: 2123.962890625
  Ground Min Height: 2118.823974609375
  Ground Max Height: 2122.6689453125
  Canopy Min Relative Height: 2.79052734375
  Canopy Max Relative Height: 2.79052734375
  Ground Min Relative Height: 0.0
  Ground Max Relative Height: 0.0
==================================================
Extent ID: 4796333837225296008
  Canopy Photons: 0
  Canopy Min Height: None
  Canopy Max Height: None
  Ground Min Height: 1948.3685302734375
  Ground Max Height: 1949.0220947265625
  Canopy Min Relative Height: None
  Canopy Max Relative Height: None
  Ground Min Relative Height: 0.0
  Ground Max Relative Height: 0.0
==================================================
Extent ID: 4796333837225296185
  Canopy Photons: 0
  Canopy Min Height: None
  Canopy Max Height: None
  Ground Min Height: 1948.53662109375
  Ground Max Height: 1948.9820556640625
  Canopy Min Relative Height: None
  Canopy Max Relative Height: None
  Ground Min Relative Height: 0.0
  Ground Max Relative Height: 0.0
==================================================
Extent ID: 4796333837225295981
  Canopy Photons: 0
  Canopy Min Height: None
  Canopy Max Height: None
  Ground Min Height: 1948.7247314453125
  Ground Max Height: 1949.03466796875
  Canopy Min Relative Height: None
  Canopy Max Relative Height: None
  Ground Min Relative Height: 0.0
  Ground Max Relative Height: 0.0
==================================================
Extent ID: 4796333837225296596
  Canopy Photons: 0
  Canopy Min Height: None
  Canopy Max Height: None
  Ground Min Height: 2166.00830078125
  Ground Max Height: 2174.123046875
  Canopy Min Relative Height: None
  Canopy Max Relative Height: None
  Ground Min Relative Height: 0
  Ground Max Relative Height: 0
==================================================
Extent Data Log
==================================================
Site Name: TEAK
Date: 2019-09-11
Ground Offset: 2
Total Photons: 24474
Total Photons Reassigned to Ground: 9435
==================================================
Extent ID: 5174636258537767581
  Canopy Photons: 3
  Canopy Min Height: 1951.568359375
  Canopy Max Height: 1955.130615234375
  Ground Min Height: 1946.2178955078125
  Ground Max Height: 1950.400146484375
  Canopy Min Relative Height: 2.35693359375
  Canopy Max Relative Height: 5.919189453125
  Ground Min Relative Height: 0.0
  Ground Max Relative Height: 0.0
==================================================
Extent ID: 5174636258537767208
  Canopy Photons: 0
  Canopy Min Height: None
  Canopy Max Height: None
  Ground Min Height: 1844.48583984375
  Ground Max Height: 1850.392822265625
  Canopy Min Relative Height: None
  Canopy Max Relative Height: None
  Ground Min Relative Height: 0
  Ground Max Relative Height: 0
==================================================
Extent ID: 5174636257464026204
  Canopy Photons: 0
  Canopy Min Height: None
  Canopy Max Height: None
  Ground Min Height: 2234.869140625
  Ground Max Height: 2254.396484375
  Canopy Min Relative Height: None
  Canopy Max Relative Height: None
  Ground Min Relative Height: 0
  Ground Max Relative Height: 0
==================================================
Extent ID: 5174636258537767996
  Canopy Photons: 6
  Canopy Min Height: 2377.371826171875
  Canopy Max Height: 2388.9599609375
  Ground Min Height: 2374.30615234375
  Ground Max Height: 2374.740234375
  Canopy Min Relative Height: 3.054443359375
  Canopy Max Relative Height: 14.642578125
  Ground Min Relative Height: 0.0
  Ground Max Relative Height: 0.0
==================================================
Extent ID: 5174636257464025804
  Canopy Photons: 2
  Canopy Min Height: 2141.474853515625
  Canopy Max Height: 2149.0244140625
  Ground Min Height: 2132.007568359375
  Ground Max Height: 2132.229736328125
  Canopy Min Relative Height: 9.36865234375
  Canopy Max Relative Height: 16.918212890625
  Ground Min Relative Height: 0.0
  Ground Max Relative Height: 0.0
==================================================
Extent ID: 5174636257464026621
  Canopy Photons: 0
  Canopy Min Height: None
  Canopy Max Height: None
  Ground Min Height: 2551.87841796875
  Ground Max Height: 2553.247314453125
  Canopy Min Relative Height: None
  Canopy Max Relative Height: None
  Ground Min Relative Height: 0.0
  Ground Max Relative Height: 0.0
==================================================
Extent ID: 5174636258537767441
  Canopy Photons: 0
  Canopy Min Height: None
  Canopy Max Height: None
  Ground Min Height: 1853.303955078125
  Ground Max Height: 1855.4534912109375
  Canopy Min Relative Height: None
  Canopy Max Relative Height: None
  Ground Min Relative Height: 0.0
  Ground Max Relative Height: 0.0
==================================================
Extent ID: 5174636257464025292
  Canopy Photons: 0
  Canopy Min Height: None
  Canopy Max Height: None
  Ground Min Height: 2220.629638671875
  Ground Max Height: 2244.32177734375
  Canopy Min Relative Height: None
  Canopy Max Relative Height: None
  Ground Min Relative Height: 0
  Ground Max Relative Height: 0
==================================================
Extent ID: 5174636257464026017
  Canopy Photons: 4
  Canopy Min Height: 2164.95654296875
  Canopy Max Height: 2168.968017578125
  Ground Min Height: 2159.996826171875
  Ground Max Height: 2162.013427734375
  Canopy Min Relative Height: 4.736572265625
  Canopy Max Relative Height: 8.748046875
  Ground Min Relative Height: 0.0
  Ground Max Relative Height: 0.0
==================================================
Extent ID: 5174636257464025553
  Canopy Photons: 5
  Canopy Min Height: 2247.22021484375
  Canopy Max Height: 2259.066650390625
  Ground Min Height: 2236.6240234375
  Ground Max Height: 2245.681396484375
  Canopy Min Relative Height: 3.240478515625
  Canopy Max Relative Height: 15.0869140625
  Ground Min Relative Height: 0.0
  Ground Max Relative Height: 0.0
==================================================
Extent Data Log
==================================================
Site Name: TEAK
Date: 2019-12-05
Ground Offset: 2
Total Photons: 57403
Total Photons Reassigned to Ground: 34449
==================================================
Extent ID: 4796333975737992304
  Canopy Photons: 0
  Canopy Min Height: None
  Canopy Max Height: None
  Ground Min Height: 2100.12646484375
  Ground Max Height: 2105.508056640625
  Canopy Min Relative Height: None
  Canopy Max Relative Height: None
  Ground Min Relative Height: 0
  Ground Max Relative Height: 0
==================================================
Extent ID: 4796333975737992025
  Canopy Photons: 14
  Canopy Min Height: 2135.6669921875
  Canopy Max Height: 2160.296875
  Ground Min Height: 2133.045166015625
  Ground Max Height: 2135.447509765625
  Canopy Min Relative Height: 2.03759765625
  Canopy Max Relative Height: 26.66748046875
  Ground Min Relative Height: 0.0
  Ground Max Relative Height: 0.0
==================================================
Extent ID: 4796333975737992032
  Canopy Photons: 5
  Canopy Min Height: 2138.27734375
  Canopy Max Height: 2139.49755859375
  Ground Min Height: 2135.44677734375
  Ground Max Height: 2138.504638671875
  Canopy Min Relative Height: 2.3798828125
  Canopy Max Relative Height: 3.60009765625
  Ground Min Relative Height: 0.0
  Ground Max Relative Height: 0.0
==================================================
Extent ID: 4796333975737991656
  Canopy Photons: 0
  Canopy Min Height: None
  Canopy Max Height: None
  Ground Min Height: 2362.778564453125
  Ground Max Height: 2368.63037109375
  Canopy Min Relative Height: None
  Canopy Max Relative Height: None
  Ground Min Relative Height: 0.0
  Ground Max Relative Height: 0.0
==================================================
Extent ID: 4796333974664249581
  Canopy Photons: 0
  Canopy Min Height: None
  Canopy Max Height: None
  Ground Min Height: 1940.6646728515625
  Ground Max Height: 1941.22216796875
  Canopy Min Relative Height: None
  Canopy Max Relative Height: None
  Ground Min Relative Height: 0.0
  Ground Max Relative Height: 0.0
==================================================
Extent ID: 4796333974664249461
  Canopy Photons: 0
  Canopy Min Height: None
  Canopy Max Height: None
  Ground Min Height: 1940.605224609375
  Ground Max Height: 1941.2628173828125
  Canopy Min Relative Height: None
  Canopy Max Relative Height: None
  Ground Min Relative Height: 0.0
  Ground Max Relative Height: 0.0
==================================================
Extent ID: 4796333975737992701
  Canopy Photons: 44
  Canopy Min Height: 1857.3663330078125
  Canopy Max Height: 1861.9234619140625
  Ground Min Height: 1847.6114501953125
  Ground Max Height: 1857.29296875
  Canopy Min Relative Height: 2.0103759765625
  Canopy Max Relative Height: 6.5675048828125
  Ground Min Relative Height: 0.0
  Ground Max Relative Height: 0.0
==================================================
Extent ID: 4796333975737991901
  Canopy Photons: 16
  Canopy Min Height: 2127.91552734375
  Canopy Max Height: 2149.245361328125
  Ground Min Height: 2119.44921875
  Ground Max Height: 2125.22998046875
  Canopy Min Relative Height: 3.890625
  Canopy Max Relative Height: 25.220458984375
  Ground Min Relative Height: 0.0
  Ground Max Relative Height: 0.0
==================================================
Extent ID: 4796333974664249372
  Canopy Photons: 0
  Canopy Min Height: None
  Canopy Max Height: None
  Ground Min Height: 1940.7010498046875
  Ground Max Height: 1941.2623291015625
  Canopy Min Relative Height: None
  Canopy Max Relative Height: None
  Ground Min Relative Height: 0.0
  Ground Max Relative Height: 0.0
==================================================
Extent ID: 4796333975737992097
  Canopy Photons: 45
  Canopy Min Height: 2095.331787109375
  Canopy Max Height: 2097.71044921875
  Ground Min Height: 2092.691650390625
  Ground Max Height: 2095.56005859375
  Canopy Min Relative Height: 2.00244140625
  Canopy Max Relative Height: 4.381103515625
  Ground Min Relative Height: 0.0
  Ground Max Relative Height: 0.0
==================================================
Extent Data Log
==================================================
Site Name: TEAK
Date: 2020-09-08
Ground Offset: 2
Total Photons: 54
Total Photons Reassigned to Ground: 53
==================================================
Extent ID: 5174636533415673876
  Canopy Photons: 1
  Canopy Min Height: 2332.788818359375
  Canopy Max Height: 2332.788818359375
  Ground Min Height: 2329.55517578125
  Ground Max Height: 2332.115234375
  Canopy Min Relative Height: 2.337646484375
  Canopy Max Relative Height: 2.337646484375
  Ground Min Relative Height: 0.0
  Ground Max Relative Height: 0.0
==================================================
Extent ID: 5174636533415673864
  Canopy Photons: 0
  Canopy Min Height: None
  Canopy Max Height: None
  Ground Min Height: 2320.40087890625
  Ground Max Height: 2326.718994140625
  Canopy Min Relative Height: None
  Canopy Max Relative Height: None
  Ground Min Relative Height: 0
  Ground Max Relative Height: 0
==================================================
Extent ID: 5174636533415673872
  Canopy Photons: 0
  Canopy Min Height: None
  Canopy Max Height: None
  Ground Min Height: 2326.697509765625
  Ground Max Height: 2331.075927734375
  Canopy Min Relative Height: None
  Canopy Max Relative Height: None
  Ground Min Relative Height: 0.0
  Ground Max Relative Height: 0.0
==================================================
Extent ID: 5174636532341933400
  Canopy Photons: 0
  Canopy Min Height: None
  Canopy Max Height: None
  Ground Min Height: 2348.654541015625
  Ground Max Height: 2350.7978515625
  Canopy Min Relative Height: None
  Canopy Max Relative Height: None
  Ground Min Relative Height: 0.0
  Ground Max Relative Height: 0.0
==================================================
Extent ID: 5174636533415673868
  Canopy Photons: 0
  Canopy Min Height: None
  Canopy Max Height: None
  Ground Min Height: 2324.26123046875
  Ground Max Height: 2329.17724609375
  Canopy Min Relative Height: None
  Canopy Max Relative Height: None
  Ground Min Relative Height: 0
  Ground Max Relative Height: 0
==================================================
Extent Data Log
==================================================
Site Name: TEAK
Date: 2020-12-02
Ground Offset: 2
Total Photons: 5299
Total Photons Reassigned to Ground: 4051
==================================================
Extent ID: 4796334250615898785
  Canopy Photons: 0
  Canopy Min Height: None
  Canopy Max Height: None
  Ground Min Height: 1937.6630859375
  Ground Max Height: 1937.93798828125
  Canopy Min Relative Height: None
  Canopy Max Relative Height: None
  Ground Min Relative Height: 0.0
  Ground Max Relative Height: 0.0
==================================================
Extent ID: 4796334250615899160
  Canopy Photons: 2
  Canopy Min Height: 2051.135009765625
  Canopy Max Height: 2051.21533203125
  Ground Min Height: 2045.738037109375
  Ground Max Height: 2050.930419921875
  Canopy Min Relative Height: 2.70458984375
  Canopy Max Relative Height: 2.784912109375
  Ground Min Relative Height: 0.0
  Ground Max Relative Height: 0.0
==================================================
Extent ID: 4796334250615898896
  Canopy Photons: 9
  Canopy Min Height: 1948.102294921875
  Canopy Max Height: 1950.5125732421875
  Ground Min Height: 1944.445068359375
  Ground Max Height: 1947.8116455078125
  Canopy Min Relative Height: 2.2044677734375
  Canopy Max Relative Height: 4.61474609375
  Ground Min Relative Height: 0.0
  Ground Max Relative Height: 0.0
==================================================
Extent ID: 4796334250615899540
  Canopy Photons: 5
  Canopy Min Height: 2033.90576171875
  Canopy Max Height: 2034.7540283203125
  Ground Min Height: 2030.736083984375
  Ground Max Height: 2033.84423828125
  Canopy Min Relative Height: 2.015625
  Canopy Max Relative Height: 2.8638916015625
  Ground Min Relative Height: 0.0
  Ground Max Relative Height: 0.0
==================================================
Extent ID: 4796334250615899268
  Canopy Photons: 0
  Canopy Min Height: None
  Canopy Max Height: None
  Ground Min Height: 2073.38134765625
  Ground Max Height: 2080.916015625
  Canopy Min Relative Height: None
  Canopy Max Relative Height: None
  Ground Min Relative Height: 0
  Ground Max Relative Height: 0
==================================================
Extent ID: 4796334250615898820
  Canopy Photons: 0
  Canopy Min Height: None
  Canopy Max Height: None
  Ground Min Height: 1937.2037353515625
  Ground Max Height: 1937.9442138671875
  Canopy Min Relative Height: None
  Canopy Max Relative Height: None
  Ground Min Relative Height: 0.0
  Ground Max Relative Height: 0.0
==================================================
Extent ID: 4796334250615899328
  Canopy Photons: 0
  Canopy Min Height: None
  Canopy Max Height: None
  Ground Min Height: 2085.489501953125
  Ground Max Height: 2087.322998046875
  Canopy Min Relative Height: None
  Canopy Max Relative Height: None
  Ground Min Relative Height: 0.0
  Ground Max Relative Height: 0.0
==================================================
Extent ID: 4796334250615899472
  Canopy Photons: 5
  Canopy Min Height: 2046.8092041015625
  Canopy Max Height: 2047.6041259765625
  Ground Min Height: 2043.7366943359375
  Ground Max Height: 2046.7108154296875
  Canopy Min Relative Height: 2.0028076171875
  Canopy Max Relative Height: 2.7977294921875
  Ground Min Relative Height: 0.0
  Ground Max Relative Height: 0.0
==================================================
Extent ID: 4796334250615898748
  Canopy Photons: 0
  Canopy Min Height: None
  Canopy Max Height: None
  Ground Min Height: 1937.2576904296875
  Ground Max Height: 1937.920166015625
  Canopy Min Relative Height: None
  Canopy Max Relative Height: None
  Ground Min Relative Height: 0.0
  Ground Max Relative Height: 0.0
==================================================
Extent ID: 4796334250615898816
  Canopy Photons: 0
  Canopy Min Height: None
  Canopy Max Height: None
  Ground Min Height: 1937.19091796875
  Ground Max Height: 1937.9210205078125
  Canopy Min Relative Height: None
  Canopy Max Relative Height: None
  Ground Min Relative Height: 0.0
  Ground Max Relative Height: 0.0
==================================================
Extent Data Log
==================================================
Site Name: TEAK
Date: 2020-12-08
Ground Offset: 2
Total Photons: 15540
Total Photons Reassigned to Ground: 6931
==================================================
Extent ID: 5174636602135151917
  Canopy Photons: 5
  Canopy Min Height: 2362.192138671875
  Canopy Max Height: 2372.683349609375
  Ground Min Height: 2346.29296875
  Ground Max Height: 2349.282958984375
  Canopy Min Relative Height: 15.77587890625
  Canopy Max Relative Height: 26.26708984375
  Ground Min Relative Height: 0.0
  Ground Max Relative Height: 0.0
==================================================
Extent ID: 5174636602135150821
  Canopy Photons: 3
  Canopy Min Height: 2258.1904296875
  Canopy Max Height: 2278.749755859375
  Ground Min Height: 2250.0419921875
  Ground Max Height: 2256.802734375
  Canopy Min Relative Height: 3.28662109375
  Canopy Max Relative Height: 23.845947265625
  Ground Min Relative Height: 0.0
  Ground Max Relative Height: 0.0
==================================================
Extent ID: 5174636602135151700
  Canopy Photons: 31
  Canopy Min Height: 2270.571533203125
  Canopy Max Height: 2296.78515625
  Ground Min Height: 2267.00830078125
  Ground Max Height: 2270.9931640625
  Canopy Min Relative Height: 2.341552734375
  Canopy Max Relative Height: 28.55517578125
  Ground Min Relative Height: 0.0
  Ground Max Relative Height: 0.0
==================================================
Extent ID: 5174636602135151376
  Canopy Photons: 15
  Canopy Min Height: 2159.748046875
  Canopy Max Height: 2184.68603515625
  Ground Min Height: 2157.694580078125
  Ground Max Height: 2159.835205078125
  Canopy Min Relative Height: 2.029296875
  Canopy Max Relative Height: 26.96728515625
  Ground Min Relative Height: 0.0
  Ground Max Relative Height: 0.0
==================================================
Extent ID: 5174636602135151861
  Canopy Photons: 4
  Canopy Min Height: 2303.805908203125
  Canopy Max Height: 2323.348876953125
  Ground Min Height: 2293.511474609375
  Ground Max Height: 2295.113037109375
  Canopy Min Relative Height: 10.19287109375
  Canopy Max Relative Height: 29.73583984375
  Ground Min Relative Height: 0.0
  Ground Max Relative Height: 0.0
==================================================
Extent ID: 5174636602135151585
  Canopy Photons: 2
  Canopy Min Height: 2210.5
  Canopy Max Height: 2218.615234375
  Ground Min Height: 2191.626953125
  Ground Max Height: 2196.118408203125
  Canopy Min Relative Height: 16.122802734375
  Canopy Max Relative Height: 24.238037109375
  Ground Min Relative Height: 0.0
  Ground Max Relative Height: 0.0
==================================================
Extent ID: 5174636602135151189
  Canopy Photons: 10
  Canopy Min Height: 2175.52001953125
  Canopy Max Height: 2188.172607421875
  Ground Min Height: 2168.105224609375
  Ground Max Height: 2170.458984375
  Canopy Min Relative Height: 5.32080078125
  Canopy Max Relative Height: 17.973388671875
  Ground Min Relative Height: 0.0
  Ground Max Relative Height: 0.0
==================================================
Extent ID: 5174636602135150785
  Canopy Photons: 1
  Canopy Min Height: 2284.023193359375
  Canopy Max Height: 2284.023193359375
  Ground Min Height: 2274.072265625
  Ground Max Height: 2276.2939453125
  Canopy Min Relative Height: 8.970703125
  Canopy Max Relative Height: 8.970703125
  Ground Min Relative Height: 0.0
  Ground Max Relative Height: 0.0
==================================================
Extent ID: 5174636602135152045
  Canopy Photons: 0
  Canopy Min Height: None
  Canopy Max Height: None
  Ground Min Height: 2286.897705078125
  Ground Max Height: 2328.69921875
  Canopy Min Relative Height: None
  Canopy Max Relative Height: None
  Ground Min Relative Height: 0
  Ground Max Relative Height: 0
==================================================
Extent ID: 5174636602135152077
  Canopy Photons: 1
  Canopy Min Height: 2287.932373046875
  Canopy Max Height: 2287.932373046875
  Ground Min Height: 2274.55322265625
  Ground Max Height: 2277.17333984375
  Canopy Min Relative Height: 12.609619140625
  Canopy Max Relative Height: 12.609619140625
  Ground Min Relative Height: 0.0
  Ground Max Relative Height: 0.0
==================================================
Extent Data Log
==================================================
Site Name: TEAK
Date: 2021-03-09
Ground Offset: 2
Total Photons: 168
Total Photons Reassigned to Ground: 137
==================================================
Extent ID: 5174636668707143757
  Canopy Photons: 0
  Canopy Min Height: None
  Canopy Max Height: None
  Ground Min Height: None
  Ground Max Height: None
  Canopy Min Relative Height: None
  Canopy Max Relative Height: None
  Ground Min Relative Height: None
  Ground Max Relative Height: None
==================================================
Extent ID: 5174636668707143745
  Canopy Photons: 0
  Canopy Min Height: None
  Canopy Max Height: None
  Ground Min Height: None
  Ground Max Height: None
  Canopy Min Relative Height: None
  Canopy Max Relative Height: None
  Ground Min Relative Height: None
  Ground Max Relative Height: None
==================================================
Extent ID: 5174636668707143929
  Canopy Photons: 0
  Canopy Min Height: None
  Canopy Max Height: None
  Ground Min Height: 1942.4237060546875
  Ground Max Height: 1942.8465576171875
  Canopy Min Relative Height: None
  Canopy Max Relative Height: None
  Ground Min Relative Height: 0.0
  Ground Max Relative Height: 0.0
==================================================
Extent ID: 5174636668707143921
  Canopy Photons: 0
  Canopy Min Height: None
  Canopy Max Height: None
  Ground Min Height: 1942.5181884765625
  Ground Max Height: 1942.9078369140625
  Canopy Min Relative Height: None
  Canopy Max Relative Height: None
  Ground Min Relative Height: 0.0
  Ground Max Relative Height: 0.0
==================================================
Extent ID: 5174636668707144681
  Canopy Photons: 0
  Canopy Min Height: None
  Canopy Max Height: None
  Ground Min Height: 2190.862060546875
  Ground Max Height: 2195.27197265625
  Canopy Min Relative Height: None
  Canopy Max Relative Height: None
  Ground Min Relative Height: 0
  Ground Max Relative Height: 0
==================================================
Extent ID: 5174636668707143961
  Canopy Photons: 0
  Canopy Min Height: None
  Canopy Max Height: None
  Ground Min Height: 1942.17138671875
  Ground Max Height: 1942.7125244140625
  Canopy Min Relative Height: None
  Canopy Max Relative Height: None
  Ground Min Relative Height: 0.0
  Ground Max Relative Height: 0.0
==================================================
Extent ID: 5174636668707144109
  Canopy Photons: 0
  Canopy Min Height: None
  Canopy Max Height: None
  Ground Min Height: 1942.2230224609375
  Ground Max Height: 1942.79150390625
  Canopy Min Relative Height: None
  Canopy Max Relative Height: None
  Ground Min Relative Height: 0.0
  Ground Max Relative Height: 0.0
==================================================
Extent ID: 5174636668707144661
  Canopy Photons: 0
  Canopy Min Height: None
  Canopy Max Height: None
  Ground Min Height: 2164.170166015625
  Ground Max Height: 2169.609619140625
  Canopy Min Relative Height: None
  Canopy Max Relative Height: None
  Ground Min Relative Height: 0
  Ground Max Relative Height: 0
==================================================
Extent ID: 5174636668707143765
  Canopy Photons: 0
  Canopy Min Height: None
  Canopy Max Height: None
  Ground Min Height: None
  Ground Max Height: None
  Canopy Min Relative Height: None
  Canopy Max Relative Height: None
  Ground Min Relative Height: None
  Ground Max Relative Height: None
==================================================
Extent ID: 5174636668707144125
  Canopy Photons: 0
  Canopy Min Height: None
  Canopy Max Height: None
  Ground Min Height: 1942.308349609375
  Ground Max Height: 1942.8541259765625
  Canopy Min Relative Height: None
  Canopy Max Relative Height: None
  Ground Min Relative Height: 0.0
  Ground Max Relative Height: 0.0
==================================================
Extent Data Log
==================================================
Site Name: TEAK
Date: 2021-09-01
Ground Offset: 2
Total Photons: 18314
Total Photons Reassigned to Ground: 8156
==================================================
Extent ID: 4796334455700586924
  Canopy Photons: 5
  Canopy Min Height: 2119.810302734375
  Canopy Max Height: 2141.21533203125
  Ground Min Height: 2114.0908203125
  Ground Max Height: 2115.953857421875
  Canopy Min Relative Height: 5.542724609375
  Canopy Max Relative Height: 26.94775390625
  Ground Min Relative Height: 0.0
  Ground Max Relative Height: 0.0
==================================================
Extent ID: 4796334455700586689
  Canopy Photons: 0
  Canopy Min Height: None
  Canopy Max Height: None
  Ground Min Height: 1942.6929931640625
  Ground Max Height: 1943.300048828125
  Canopy Min Relative Height: None
  Canopy Max Relative Height: None
  Ground Min Relative Height: 0.0
  Ground Max Relative Height: 0.0
==================================================
Extent ID: 4796334456774329760
  Canopy Photons: 13
  Canopy Min Height: 2059.080322265625
  Canopy Max Height: 2065.053466796875
  Ground Min Height: 2053.866943359375
  Ground Max Height: 2054.30859375
  Canopy Min Relative Height: 4.992431640625
  Canopy Max Relative Height: 10.965576171875
  Ground Min Relative Height: 0.0
  Ground Max Relative Height: 0.0
==================================================
Extent ID: 4796334456774328917
  Canopy Photons: 7
  Canopy Min Height: 2268.113525390625
  Canopy Max Height: 2287.723388671875
  Ground Min Height: 2263.26025390625
  Ground Max Height: 2265.958984375
  Canopy Min Relative Height: 3.037109375
  Canopy Max Relative Height: 22.64697265625
  Ground Min Relative Height: 0.0
  Ground Max Relative Height: 0.0
==================================================
Extent ID: 4796334456774329228
  Canopy Photons: 1
  Canopy Min Height: 2089.622314453125
  Canopy Max Height: 2089.622314453125
  Ground Min Height: 2072.668212890625
  Ground Max Height: 2074.249755859375
  Canopy Min Relative Height: 16.170654296875
  Canopy Max Relative Height: 16.170654296875
  Ground Min Relative Height: 0.0
  Ground Max Relative Height: 0.0
==================================================
Extent ID: 4796334456774329048
  Canopy Photons: 0
  Canopy Min Height: None
  Canopy Max Height: None
  Ground Min Height: 2114.27734375
  Ground Max Height: 2145.39111328125
  Canopy Min Relative Height: None
  Canopy Max Relative Height: None
  Ground Min Relative Height: 0
  Ground Max Relative Height: 0
==================================================
Extent ID: 4796334456774329661
  Canopy Photons: 5
  Canopy Min Height: 1982.47119140625
  Canopy Max Height: 1990.591064453125
  Ground Min Height: 1978.416748046875
  Ground Max Height: 1981.861083984375
  Canopy Min Relative Height: 2.0679931640625
  Canopy Max Relative Height: 10.1878662109375
  Ground Min Relative Height: 0.0
  Ground Max Relative Height: 0.0
==================================================
Extent ID: 4796334456774328480
  Canopy Photons: 4
  Canopy Min Height: 2357.990478515625
  Canopy Max Height: 2362.545654296875
  Ground Min Height: 2353.587890625
  Ground Max Height: 2354.626220703125
  Canopy Min Relative Height: 3.44970703125
  Canopy Max Relative Height: 8.0048828125
  Ground Min Relative Height: 0.0
  Ground Max Relative Height: 0.0
==================================================
Extent ID: 4796334456774329184
  Canopy Photons: 6
  Canopy Min Height: 2137.9921875
  Canopy Max Height: 2161.29296875
  Ground Min Height: 2134.760498046875
  Ground Max Height: 2136.56689453125
  Canopy Min Relative Height: 2.858642578125
  Canopy Max Relative Height: 26.159423828125
  Ground Min Relative Height: 0.0
  Ground Max Relative Height: 0.0
==================================================
Extent ID: 4796334456774328616
  Canopy Photons: 10
  Canopy Min Height: 2391.05615234375
  Canopy Max Height: 2402.04443359375
  Ground Min Height: 2388.35791015625
  Ground Max Height: 2389.89501953125
  Canopy Min Relative Height: 2.56591796875
  Canopy Max Relative Height: 13.55419921875
  Ground Min Relative Height: 0.0
  Ground Max Relative Height: 0.0
==================================================
Extent Data Log
==================================================
Site Name: TEAK
Date: 2021-09-06
Ground Offset: 2
Total Photons: 4276
Total Photons Reassigned to Ground: 3726
==================================================
Extent ID: 5174636808293581909
  Canopy Photons: 6
  Canopy Min Height: 2387.592529296875
  Canopy Max Height: 2387.677734375
  Ground Min Height: 2385.305419921875
  Ground Max Height: 2387.44775390625
  Canopy Min Relative Height: 2.11376953125
  Canopy Max Relative Height: 2.198974609375
  Ground Min Relative Height: 0.0
  Ground Max Relative Height: 0.0
==================================================
Extent ID: 5174636807219839793
  Canopy Photons: 3
  Canopy Min Height: 2153.263671875
  Canopy Max Height: 2153.525146484375
  Ground Min Height: 2150.674560546875
  Ground Max Height: 2153.8037109375
  Canopy Min Relative Height: 2.0771484375
  Canopy Max Relative Height: 2.338623046875
  Ground Min Relative Height: 0.0
  Ground Max Relative Height: 0.0
==================================================
Extent ID: 5174636808293580805
  Canopy Photons: 0
  Canopy Min Height: None
  Canopy Max Height: None
  Ground Min Height: 1858.3509521484375
  Ground Max Height: 1860.0048828125
  Canopy Min Relative Height: None
  Canopy Max Relative Height: None
  Ground Min Relative Height: 0.0
  Ground Max Relative Height: 0.0
==================================================
Extent ID: 5174636807219840277
  Canopy Photons: 0
  Canopy Min Height: None
  Canopy Max Height: None
  Ground Min Height: 2340.2705078125
  Ground Max Height: 2340.98583984375
  Canopy Min Relative Height: None
  Canopy Max Relative Height: None
  Ground Min Relative Height: 0
  Ground Max Relative Height: 0
==================================================
Extent ID: 5174636808293580817
  Canopy Photons: 0
  Canopy Min Height: None
  Canopy Max Height: None
  Ground Min Height: 1858.0870361328125
  Ground Max Height: 1859.5322265625
  Canopy Min Relative Height: None
  Canopy Max Relative Height: None
  Ground Min Relative Height: 0
  Ground Max Relative Height: 0
==================================================
Extent ID: 5174636807219838993
  Canopy Photons: 0
  Canopy Min Height: None
  Canopy Max Height: None
  Ground Min Height: 2075.339599609375
  Ground Max Height: 2076.1328125
  Canopy Min Relative Height: None
  Canopy Max Relative Height: None
  Ground Min Relative Height: 0
  Ground Max Relative Height: 0
==================================================
Extent ID: 5174636808293582113
  Canopy Photons: 18
  Canopy Min Height: 2378.151611328125
  Canopy Max Height: 2380.211669921875
  Ground Min Height: 2375.622802734375
  Ground Max Height: 2377.719970703125
  Canopy Min Relative Height: 2.22119140625
  Canopy Max Relative Height: 4.28125
  Ground Min Relative Height: 0.0
  Ground Max Relative Height: 0.0
==================================================
Extent ID: 5174636808293581061
  Canopy Photons: 0
  Canopy Min Height: None
  Canopy Max Height: None
  Ground Min Height: 1770.034423828125
  Ground Max Height: 1770.67822265625
  Canopy Min Relative Height: None
  Canopy Max Relative Height: None
  Ground Min Relative Height: 0
  Ground Max Relative Height: 0
==================================================
Extent ID: 5174636808293581605
  Canopy Photons: 0
  Canopy Min Height: None
  Canopy Max Height: None
  Ground Min Height: 2005.8026123046875
  Ground Max Height: 2007.58447265625
  Canopy Min Relative Height: None
  Canopy Max Relative Height: None
  Ground Min Relative Height: 0.0
  Ground Max Relative Height: 0.0
==================================================
Extent ID: 5174636808293581133
  Canopy Photons: 0
  Canopy Min Height: None
  Canopy Max Height: None
  Ground Min Height: 1828.490234375
  Ground Max Height: 1828.9383544921875
  Canopy Min Relative Height: None
  Canopy Max Relative Height: None
  Ground Min Relative Height: 0
  Ground Max Relative Height: 0
==================================================
Extent Data Log
==================================================
Site Name: TEAK
Date: 2021-12-01
Ground Offset: 2
Total Photons: 12776
Total Photons Reassigned to Ground: 4653
==================================================
Extent ID: 4796334523346321417
  Canopy Photons: 3
  Canopy Min Height: 2297.832275390625
  Canopy Max Height: 2304.281005859375
  Ground Min Height: 2275.590576171875
  Ground Max Height: 2277.95751953125
  Canopy Min Relative Height: 21.5791015625
  Canopy Max Relative Height: 28.02783203125
  Ground Min Relative Height: 0.0
  Ground Max Relative Height: 0.0
==================================================
Extent ID: 4796334523346321704
  Canopy Photons: 15
  Canopy Min Height: 2353.79052734375
  Canopy Max Height: 2366.234375
  Ground Min Height: 2332.111328125
  Ground Max Height: 2338.12255859375
  Canopy Min Relative Height: 17.03759765625
  Canopy Max Relative Height: 29.4814453125
  Ground Min Relative Height: 0.0
  Ground Max Relative Height: 0.0
==================================================
Extent ID: 4796334523346322057
  Canopy Photons: 8
  Canopy Min Height: 2251.7470703125
  Canopy Max Height: 2264.53955078125
  Ground Min Height: 2246.34228515625
  Ground Max Height: 2247.149169921875
  Canopy Min Relative Height: 4.868408203125
  Canopy Max Relative Height: 17.660888671875
  Ground Min Relative Height: 0.0
  Ground Max Relative Height: 0.0
==================================================
Extent ID: 4796334523346322484
  Canopy Photons: 19
  Canopy Min Height: 2240.23388671875
  Canopy Max Height: 2267.742919921875
  Ground Min Height: 2237.833251953125
  Ground Max Height: 2240.124755859375
  Canopy Min Relative Height: 2.086181640625
  Canopy Max Relative Height: 29.59521484375
  Ground Min Relative Height: 0.0
  Ground Max Relative Height: 0.0
==================================================
Extent ID: 4796334523346322808
  Canopy Photons: 11
  Canopy Min Height: 2391.942626953125
  Canopy Max Height: 2413.543701171875
  Ground Min Height: 2389.523681640625
  Ground Max Height: 2392.4091796875
  Canopy Min Relative Height: 2.286865234375
  Canopy Max Relative Height: 23.887939453125
  Ground Min Relative Height: 0.0
  Ground Max Relative Height: 0.0
==================================================
Extent ID: 4796334523346321441
  Canopy Photons: 0
  Canopy Min Height: None
  Canopy Max Height: None
  Ground Min Height: 2272.60986328125
  Ground Max Height: 2311.92138671875
  Canopy Min Relative Height: None
  Canopy Max Relative Height: None
  Ground Min Relative Height: 0
  Ground Max Relative Height: 0
==================================================
Extent ID: 4796334523346322556
  Canopy Photons: 30
  Canopy Min Height: 2316.277587890625
  Canopy Max Height: 2336.770751953125
  Ground Min Height: 2308.097900390625
  Ground Max Height: 2321.157470703125
  Canopy Min Relative Height: 2.8642578125
  Canopy Max Relative Height: 23.357421875
  Ground Min Relative Height: 0.0
  Ground Max Relative Height: 0.0
==================================================
Extent ID: 4796334523346322336
  Canopy Photons: 18
  Canopy Min Height: 2107.95068359375
  Canopy Max Height: 2132.114013671875
  Ground Min Height: 2100.822021484375
  Ground Max Height: 2107.0400390625
  Canopy Min Relative Height: 4.027099609375
  Canopy Max Relative Height: 28.1904296875
  Ground Min Relative Height: 0.0
  Ground Max Relative Height: 0.0
==================================================
Extent ID: 4796334523346322437
  Canopy Photons: 0
  Canopy Min Height: None
  Canopy Max Height: None
  Ground Min Height: 2193.0908203125
  Ground Max Height: 2213.87841796875
  Canopy Min Relative Height: None
  Canopy Max Relative Height: None
  Ground Min Relative Height: 0
  Ground Max Relative Height: 0
==================================================
Extent ID: 4796334523346322436
  Canopy Photons: 13
  Canopy Min Height: 2197.99267578125
  Canopy Max Height: 2221.510498046875
  Ground Min Height: 2194.546142578125
  Ground Max Height: 2196.091796875
  Canopy Min Relative Height: 3.197265625
  Canopy Max Relative Height: 26.715087890625
  Ground Min Relative Height: 0.0
  Ground Max Relative Height: 0.0
==================================================
Extent Data Log
==================================================
Site Name: TEAK
Date: 2022-03-02
Ground Offset: 2
Total Photons: 2369
Total Photons Reassigned to Ground: 2207
==================================================
Extent ID: 4796334594213281924
  Canopy Photons: 0
  Canopy Min Height: None
  Canopy Max Height: None
  Ground Min Height: 2356.576171875
  Ground Max Height: 2358.0927734375
  Canopy Min Relative Height: None
  Canopy Max Relative Height: None
  Ground Min Relative Height: 0.0
  Ground Max Relative Height: 0.0
==================================================
Extent ID: 4796334594213281820
  Canopy Photons: 1
  Canopy Min Height: 2366.386962890625
  Canopy Max Height: 2366.386962890625
  Ground Min Height: 2363.85791015625
  Ground Max Height: 2365.256591796875
  Canopy Min Relative Height: 2.347412109375
  Canopy Max Relative Height: 2.347412109375
  Ground Min Relative Height: 0.0
  Ground Max Relative Height: 0.0
==================================================
Extent ID: 4796334593139540005
  Canopy Photons: 0
  Canopy Min Height: None
  Canopy Max Height: None
  Ground Min Height: 1951.17529296875
  Ground Max Height: 1951.8040771484375
  Canopy Min Relative Height: None
  Canopy Max Relative Height: None
  Ground Min Relative Height: 0.0
  Ground Max Relative Height: 0.0
==================================================
Extent ID: 4796334594213281932
  Canopy Photons: 0
  Canopy Min Height: None
  Canopy Max Height: None
  Ground Min Height: 2356.431640625
  Ground Max Height: 2357.5615234375
  Canopy Min Relative Height: None
  Canopy Max Relative Height: None
  Ground Min Relative Height: 0.0
  Ground Max Relative Height: 0.0
==================================================
Extent ID: 4796334594213282180
  Canopy Photons: 0
  Canopy Min Height: None
  Canopy Max Height: None
  Ground Min Height: 2445.04150390625
  Ground Max Height: 2446.266845703125
  Canopy Min Relative Height: None
  Canopy Max Relative Height: None
  Ground Min Relative Height: 0.0
  Ground Max Relative Height: 0.0
==================================================
Extent ID: 4796334593139540289
  Canopy Photons: 0
  Canopy Min Height: None
  Canopy Max Height: None
  Ground Min Height: 1951.309326171875
  Ground Max Height: 1951.716552734375
  Canopy Min Relative Height: None
  Canopy Max Relative Height: None
  Ground Min Relative Height: 0.0
  Ground Max Relative Height: 0.0
==================================================
Extent ID: 4796334594213282176
  Canopy Photons: 0
  Canopy Min Height: None
  Canopy Max Height: None
  Ground Min Height: 2445.01513671875
  Ground Max Height: 2446.2294921875
  Canopy Min Relative Height: None
  Canopy Max Relative Height: None
  Ground Min Relative Height: 0.0
  Ground Max Relative Height: 0.0
==================================================
Extent ID: 4796334594213281844
  Canopy Photons: 0
  Canopy Min Height: None
  Canopy Max Height: None
  Ground Min Height: 2360.044189453125
  Ground Max Height: 2361.7509765625
  Canopy Min Relative Height: None
  Canopy Max Relative Height: None
  Ground Min Relative Height: 0.0
  Ground Max Relative Height: 0.0
==================================================
Extent ID: 4796334594213282908
  Canopy Photons: 0
  Canopy Min Height: None
  Canopy Max Height: None
  Ground Min Height: 2117.50244140625
  Ground Max Height: 2119.056396484375
  Canopy Min Relative Height: None
  Canopy Max Relative Height: None
  Ground Min Relative Height: 0
  Ground Max Relative Height: 0
==================================================
Extent ID: 4796334593139540032
  Canopy Photons: 0
  Canopy Min Height: None
  Canopy Max Height: None
  Ground Min Height: 1951.43408203125
  Ground Max Height: 1951.64501953125
  Canopy Min Relative Height: None
  Canopy Max Relative Height: None
  Ground Min Relative Height: 0.0
  Ground Max Relative Height: 0.0
==================================================
Extent Data Log
==================================================
Site Name: TEAK
Date: 2022-03-07
Ground Offset: 2
Total Photons: 83602
Total Photons Reassigned to Ground: 37637
==================================================
Extent ID: 5174636944658793593
  Canopy Photons: 0
  Canopy Min Height: None
  Canopy Max Height: None
  Ground Min Height: 2277.2001953125
  Ground Max Height: 2287.110595703125
  Canopy Min Relative Height: None
  Canopy Max Relative Height: None
  Ground Min Relative Height: 0
  Ground Max Relative Height: 0
==================================================
Extent ID: 5174636944658792717
  Canopy Photons: 2
  Canopy Min Height: 2188.135498046875
  Canopy Max Height: 2188.33251953125
  Ground Min Height: 2183.328857421875
  Ground Max Height: 2186.936767578125
  Canopy Min Relative Height: 2.92919921875
  Canopy Max Relative Height: 3.126220703125
  Ground Min Relative Height: 0.0
  Ground Max Relative Height: 0.0
==================================================
Extent ID: 5174636945732535148
  Canopy Photons: 45
  Canopy Min Height: 2040.0394287109375
  Canopy Max Height: 2066.408935546875
  Ground Min Height: 2037.3494873046875
  Ground Max Height: 2040.0009765625
  Canopy Min Relative Height: 2.0155029296875
  Canopy Max Relative Height: 28.385009765625
  Ground Min Relative Height: 0.0
  Ground Max Relative Height: 0.0
==================================================
Extent ID: 5174636945732535381
  Canopy Photons: 20
  Canopy Min Height: 2385.64208984375
  Canopy Max Height: 2390.558349609375
  Ground Min Height: 2383.31982421875
  Ground Max Height: 2385.54541015625
  Canopy Min Relative Height: 2.055908203125
  Canopy Max Relative Height: 6.97216796875
  Ground Min Relative Height: 0.0
  Ground Max Relative Height: 0.0
==================================================
Extent ID: 5174636945732535833
  Canopy Photons: 8
  Canopy Min Height: 2363.57080078125
  Canopy Max Height: 2385.79150390625
  Ground Min Height: 2359.071044921875
  Ground Max Height: 2360.422607421875
  Canopy Min Relative Height: 3.99853515625
  Canopy Max Relative Height: 26.21923828125
  Ground Min Relative Height: 0.0
  Ground Max Relative Height: 0.0
==================================================
Extent ID: 5174636945732535765
  Canopy Photons: 10
  Canopy Min Height: 2351.2470703125
  Canopy Max Height: 2351.71826171875
  Ground Min Height: 2348.906005859375
  Ground Max Height: 2351.55224609375
  Canopy Min Relative Height: 2.046142578125
  Canopy Max Relative Height: 2.517333984375
  Ground Min Relative Height: 0.0
  Ground Max Relative Height: 0.0
==================================================
Extent ID: 5174636945732534393
  Canopy Photons: 24
  Canopy Min Height: 1896.391357421875
  Canopy Max Height: 1901.7200927734375
  Ground Min Height: 1893.2886962890625
  Ground Max Height: 1896.2515869140625
  Canopy Min Relative Height: 2.1365966796875
  Canopy Max Relative Height: 7.46533203125
  Ground Min Relative Height: 0.0
  Ground Max Relative Height: 0.0
==================================================
Extent ID: 5174636945732534476
  Canopy Photons: 42
  Canopy Min Height: 1758.2364501953125
  Canopy Max Height: 1769.9373779296875
  Ground Min Height: 1755.8619384765625
  Ground Max Height: 1759.411376953125
  Canopy Min Relative Height: 2.0455322265625
  Canopy Max Relative Height: 13.7464599609375
  Ground Min Relative Height: 0.0
  Ground Max Relative Height: 0.0
==================================================
Extent ID: 5174636944658792620
  Canopy Photons: 28
  Canopy Min Height: 2215.73583984375
  Canopy Max Height: 2233.20947265625
  Ground Min Height: 2213.062255859375
  Ground Max Height: 2216.136474609375
  Canopy Min Relative Height: 2.090087890625
  Canopy Max Relative Height: 19.563720703125
  Ground Min Relative Height: 0.0
  Ground Max Relative Height: 0.0
==================================================
Extent ID: 5174636945732534441
  Canopy Photons: 0
  Canopy Min Height: None
  Canopy Max Height: None
  Ground Min Height: 1896.380126953125
  Ground Max Height: 1900.638916015625
  Canopy Min Relative Height: None
  Canopy Max Relative Height: None
  Ground Min Relative Height: 0.0
  Ground Max Relative Height: 0.0
==================================================
Extent Data Log
==================================================
Site Name: TEAK
Date: 2022-09-05
Ground Offset: 2
Total Photons: 1679
Total Photons Reassigned to Ground: 791
==================================================
Extent ID: 5174637083171487881
  Canopy Photons: 2
  Canopy Min Height: 2421.607666015625
  Canopy Max Height: 2427.247314453125
  Ground Min Height: 2409.15673828125
  Ground Max Height: 2411.05029296875
  Canopy Min Relative Height: 12.0693359375
  Canopy Max Relative Height: 17.708984375
  Ground Min Relative Height: 0.0
  Ground Max Relative Height: 0.0
==================================================
Extent ID: 5174637083171487821
  Canopy Photons: 6
  Canopy Min Height: 2386.878662109375
  Canopy Max Height: 2407.055908203125
  Ground Min Height: 2384.533935546875
  Ground Max Height: 2387.08447265625
  Canopy Min Relative Height: 2.057861328125
  Canopy Max Relative Height: 22.235107421875
  Ground Min Relative Height: 0.0
  Ground Max Relative Height: 0.0
==================================================
Extent ID: 5174637083171487905
  Canopy Photons: 10
  Canopy Min Height: 2410.0517578125
  Canopy Max Height: 2432.00146484375
  Ground Min Height: 2407.85595703125
  Ground Max Height: 2409.860595703125
  Canopy Min Relative Height: 2.17578125
  Canopy Max Relative Height: 24.12548828125
  Ground Min Relative Height: 0.0
  Ground Max Relative Height: 0.0
==================================================
Extent ID: 5174637083171487993
  Canopy Photons: 6
  Canopy Min Height: 2417.7197265625
  Canopy Max Height: 2430.265380859375
  Ground Min Height: 2407.5888671875
  Ground Max Height: 2409.813232421875
  Canopy Min Relative Height: 9.891845703125
  Canopy Max Relative Height: 22.4375
  Ground Min Relative Height: 0.0
  Ground Max Relative Height: 0.0
==================================================
Extent ID: 5174637083171488101
  Canopy Photons: 8
  Canopy Min Height: 2400.85546875
  Canopy Max Height: 2423.759521484375
  Ground Min Height: 2392.64794921875
  Ground Max Height: 2396.83349609375
  Canopy Min Relative Height: 6.012939453125
  Canopy Max Relative Height: 28.9169921875
  Ground Min Relative Height: 0.0
  Ground Max Relative Height: 0.0
==================================================
Extent ID: 5174637083171488041
  Canopy Photons: 0
  Canopy Min Height: None
  Canopy Max Height: None
  Ground Min Height: 2418.4541015625
  Ground Max Height: 2420.202392578125
  Canopy Min Relative Height: None
  Canopy Max Relative Height: None
  Ground Min Relative Height: 0.0
  Ground Max Relative Height: 0.0
==================================================
Extent ID: 5174637083171487917
  Canopy Photons: 4
  Canopy Min Height: 2417.17919921875
  Canopy Max Height: 2428.493408203125
  Ground Min Height: 2401.5439453125
  Ground Max Height: 2404.37548828125
  Canopy Min Relative Height: 13.80078125
  Canopy Max Relative Height: 25.114990234375
  Ground Min Relative Height: 0.0
  Ground Max Relative Height: 0.0
==================================================
Extent ID: 5174637083171488021
  Canopy Photons: 0
  Canopy Min Height: None
  Canopy Max Height: None
  Ground Min Height: 2416.83642578125
  Ground Max Height: 2418.502685546875
  Canopy Min Relative Height: None
  Canopy Max Relative Height: None
  Ground Min Relative Height: 0.0
  Ground Max Relative Height: 0.0
==================================================
Extent ID: 5174637083171487809
  Canopy Photons: 11
  Canopy Min Height: 2379.803466796875
  Canopy Max Height: 2399.66552734375
  Ground Min Height: 2377.52880859375
  Ground Max Height: 2379.735107421875
  Canopy Min Relative Height: 2.03076171875
  Canopy Max Relative Height: 21.892822265625
  Ground Min Relative Height: 0.0
  Ground Max Relative Height: 0.0
==================================================
Extent ID: 5174637083171488073
  Canopy Photons: 3
  Canopy Min Height: 2429.03125
  Canopy Max Height: 2435.52490234375
  Ground Min Height: 2416.740234375
  Ground Max Height: 2419.357666015625
  Canopy Min Relative Height: 10.07470703125
  Canopy Max Relative Height: 16.568359375
  Ground Min Relative Height: 0.0
  Ground Max Relative Height: 0.0
==================================================
Extent Data Log
==================================================
Site Name: TEAK
Date: 2022-11-29
Ground Offset: 2
Total Photons: 83410
Total Photons Reassigned to Ground: 44601
==================================================
Extent ID: 4796334799297970824
  Canopy Photons: 2
  Canopy Min Height: 2167.223876953125
  Canopy Max Height: 2173.290771484375
  Ground Min Height: 2164.525146484375
  Ground Max Height: 2166.739013671875
  Canopy Min Relative Height: 2.102783203125
  Canopy Max Relative Height: 8.169677734375
  Ground Min Relative Height: 0.0
  Ground Max Relative Height: 0.0
==================================================
Extent ID: 4796334798224228969
  Canopy Photons: 91
  Canopy Min Height: 1977.6767578125
  Canopy Max Height: 1983.5361328125
  Ground Min Height: 1975.193359375
  Ground Max Height: 1981.155029296875
  Canopy Min Relative Height: 2.163818359375
  Canopy Max Relative Height: 8.023193359375
  Ground Min Relative Height: 0.0
  Ground Max Relative Height: 0.0
==================================================
Extent ID: 4796334798224229717
  Canopy Photons: 3
  Canopy Min Height: 1940.9459228515625
  Canopy Max Height: 1952.590576171875
  Ground Min Height: 1937.376708984375
  Ground Max Height: 1940.925537109375
  Canopy Min Relative Height: 2.017822265625
  Canopy Max Relative Height: 13.6624755859375
  Ground Min Relative Height: 0.0
  Ground Max Relative Height: 0.0
==================================================
Extent ID: 4796334798224229852
  Canopy Photons: 4
  Canopy Min Height: 1925.0660400390625
  Canopy Max Height: 1926.8931884765625
  Ground Min Height: 1920.8663330078125
  Ground Max Height: 1924.0494384765625
  Canopy Min Relative Height: 2.4810791015625
  Canopy Max Relative Height: 4.3082275390625
  Ground Min Relative Height: 0.0
  Ground Max Relative Height: 0.0
==================================================
Extent ID: 4796334798224228436
  Canopy Photons: 0
  Canopy Min Height: None
  Canopy Max Height: None
  Ground Min Height: 2238.974609375
  Ground Max Height: 2241.266357421875
  Canopy Min Relative Height: None
  Canopy Max Relative Height: None
  Ground Min Relative Height: 0.0
  Ground Max Relative Height: 0.0
==================================================
Extent ID: 4796334798224229272
  Canopy Photons: 4
  Canopy Min Height: 1889.463134765625
  Canopy Max Height: 1897.0806884765625
  Ground Min Height: 1886.9246826171875
  Ground Max Height: 1889.1602783203125
  Canopy Min Relative Height: 2.24609375
  Canopy Max Relative Height: 9.8636474609375
  Ground Min Relative Height: 0.0
  Ground Max Relative Height: 0.0
==================================================
Extent ID: 4796334800371712561
  Canopy Photons: 8
  Canopy Min Height: 2183.5283203125
  Canopy Max Height: 2206.410400390625
  Ground Min Height: 2176.9755859375
  Ground Max Height: 2183.361083984375
  Canopy Min Relative Height: 2.111572265625
  Canopy Max Relative Height: 24.99365234375
  Ground Min Relative Height: 0.0
  Ground Max Relative Height: 0.0
==================================================
Extent ID: 4796334799297970752
  Canopy Photons: 6
  Canopy Min Height: 2218.822998046875
  Canopy Max Height: 2239.829345703125
  Ground Min Height: 2209.268310546875
  Ground Max Height: 2210.748779296875
  Canopy Min Relative Height: 8.363525390625
  Canopy Max Relative Height: 29.369873046875
  Ground Min Relative Height: 0.0
  Ground Max Relative Height: 0.0
==================================================
Extent ID: 4796334798224229081
  Canopy Photons: 0
  Canopy Min Height: None
  Canopy Max Height: None
  Ground Min Height: 1958.110107421875
  Ground Max Height: 1958.8740234375
  Canopy Min Relative Height: None
  Canopy Max Relative Height: None
  Ground Min Relative Height: 0.0
  Ground Max Relative Height: 0.0
==================================================
Extent ID: 4796334800371712345
  Canopy Photons: 32
  Canopy Min Height: 2206.506103515625
  Canopy Max Height: 2215.96923828125
  Ground Min Height: 2203.5244140625
  Ground Max Height: 2206.456298828125
  Canopy Min Relative Height: 2.0400390625
  Canopy Max Relative Height: 11.503173828125
  Ground Min Relative Height: 0.0
  Ground Max Relative Height: 0.0
==================================================
Extent Data Log
==================================================
Site Name: TEAK
Date: 2023-06-04
Ground Offset: 2
Total Photons: 11877
Total Photons Reassigned to Ground: 8992
==================================================
Extent ID: 5174637289329919368
  Canopy Photons: 8
  Canopy Min Height: 2248.249755859375
  Canopy Max Height: 2252.616455078125
  Ground Min Height: 2245.409423828125
  Ground Max Height: 2247.45751953125
  Canopy Min Relative Height: 2.625732421875
  Canopy Max Relative Height: 6.992431640625
  Ground Min Relative Height: 0.0
  Ground Max Relative Height: 0.0
==================================================
Extent ID: 5174637289329918640
  Canopy Photons: 19
  Canopy Min Height: 2104.199462890625
  Canopy Max Height: 2108.69921875
  Ground Min Height: 2101.979736328125
  Ground Max Height: 2104.38330078125
  Canopy Min Relative Height: 2.1484375
  Canopy Max Relative Height: 6.648193359375
  Ground Min Relative Height: 0.0
  Ground Max Relative Height: 0.0
==================================================
Extent ID: 5174637289329918884
  Canopy Photons: 25
  Canopy Min Height: 2263.319580078125
  Canopy Max Height: 2265.3662109375
  Ground Min Height: 2252.53125
  Ground Max Height: 2253.733642578125
  Canopy Min Relative Height: 9.63916015625
  Canopy Max Relative Height: 11.685791015625
  Ground Min Relative Height: 0.0
  Ground Max Relative Height: 0.0
==================================================
Extent ID: 5174637289329919113
  Canopy Photons: 0
  Canopy Min Height: None
  Canopy Max Height: None
  Ground Min Height: 2204.312744140625
  Ground Max Height: 2206.83447265625
  Canopy Min Relative Height: None
  Canopy Max Relative Height: None
  Ground Min Relative Height: 0
  Ground Max Relative Height: 0
==================================================
Extent ID: 5174637289329918788
  Canopy Photons: 0
  Canopy Min Height: None
  Canopy Max Height: None
  Ground Min Height: 2195.106201171875
  Ground Max Height: 2199.8095703125
  Canopy Min Relative Height: None
  Canopy Max Relative Height: None
  Ground Min Relative Height: 0
  Ground Max Relative Height: 0
==================================================
Extent ID: 5174637289329919441
  Canopy Photons: 0
  Canopy Min Height: None
  Canopy Max Height: None
  Ground Min Height: 2225.30126953125
  Ground Max Height: 2227.086669921875
  Canopy Min Relative Height: None
  Canopy Max Relative Height: None
  Ground Min Relative Height: 0.0
  Ground Max Relative Height: 0.0
==================================================
Extent ID: 5174637289329918716
  Canopy Photons: 5
  Canopy Min Height: 2176.36474609375
  Canopy Max Height: 2178.62451171875
  Ground Min Height: 2174.016357421875
  Ground Max Height: 2176.03564453125
  Canopy Min Relative Height: 2.171630859375
  Canopy Max Relative Height: 4.431396484375
  Ground Min Relative Height: 0.0
  Ground Max Relative Height: 0.0
==================================================
Extent ID: 5174637289329919528
  Canopy Photons: 31
  Canopy Min Height: 2244.92431640625
  Canopy Max Height: 2253.204345703125
  Ground Min Height: 2242.64306640625
  Ground Max Height: 2251.7197265625
  Canopy Min Relative Height: 2.2412109375
  Canopy Max Relative Height: 10.521240234375
  Ground Min Relative Height: 0.0
  Ground Max Relative Height: 0.0
==================================================
Extent ID: 5174637289329919356
  Canopy Photons: 2
  Canopy Min Height: 2256.8271484375
  Canopy Max Height: 2258.99560546875
  Ground Min Height: 2248.773681640625
  Ground Max Height: 2256.17333984375
  Canopy Min Relative Height: 2.339111328125
  Canopy Max Relative Height: 4.507568359375
  Ground Min Relative Height: 0.0
  Ground Max Relative Height: 0.0
==================================================
Extent ID: 5174637289329919089
  Canopy Photons: 0
  Canopy Min Height: None
  Canopy Max Height: None
  Ground Min Height: 2201.5439453125
  Ground Max Height: 2202.363037109375
  Canopy Min Relative Height: None
  Canopy Max Relative Height: None
  Ground Min Relative Height: 0.0
  Ground Max Relative Height: 0.0
==================================================
Extent Data Log
==================================================
Site Name: TEAK
Date: 2023-08-28
Ground Offset: 2
Total Photons: 8636
Total Photons Reassigned to Ground: 7202
==================================================
Extent ID: 4796335006530142752
  Canopy Photons: 0
  Canopy Min Height: None
  Canopy Max Height: None
  Ground Min Height: 2188.845947265625
  Ground Max Height: 2189.356689453125
  Canopy Min Relative Height: None
  Canopy Max Relative Height: None
  Ground Min Relative Height: 0.0
  Ground Max Relative Height: 0.0
==================================================
Extent ID: 4796335006530142816
  Canopy Photons: 0
  Canopy Min Height: None
  Canopy Max Height: None
  Ground Min Height: 2184.669921875
  Ground Max Height: 2186.607421875
  Canopy Min Relative Height: None
  Canopy Max Relative Height: None
  Ground Min Relative Height: 0.0
  Ground Max Relative Height: 0.0
==================================================
Extent ID: 4796335005456400556
  Canopy Photons: 0
  Canopy Min Height: None
  Canopy Max Height: None
  Ground Min Height: 2315.879150390625
  Ground Max Height: 2317.914794921875
  Canopy Min Relative Height: None
  Canopy Max Relative Height: None
  Ground Min Relative Height: 0
  Ground Max Relative Height: 0
==================================================
Extent ID: 4796335006530143172
  Canopy Photons: 0
  Canopy Min Height: None
  Canopy Max Height: None
  Ground Min Height: 2133.92236328125
  Ground Max Height: 2137.135986328125
  Canopy Min Relative Height: None
  Canopy Max Relative Height: None
  Ground Min Relative Height: 0.0
  Ground Max Relative Height: 0.0
==================================================
Extent ID: 4796335006530143472
  Canopy Photons: 0
  Canopy Min Height: None
  Canopy Max Height: None
  Ground Min Height: 2244.943115234375
  Ground Max Height: 2246.033447265625
  Canopy Min Relative Height: None
  Canopy Max Relative Height: None
  Ground Min Relative Height: 0
  Ground Max Relative Height: 0
==================================================
Extent ID: 4796335005456400772
  Canopy Photons: 0
  Canopy Min Height: None
  Canopy Max Height: None
  Ground Min Height: 2410.69873046875
  Ground Max Height: 2412.115234375
  Canopy Min Relative Height: None
  Canopy Max Relative Height: None
  Ground Min Relative Height: 0.0
  Ground Max Relative Height: 0.0
==================================================
Extent ID: 4796335006530142948
  Canopy Photons: 0
  Canopy Min Height: None
  Canopy Max Height: None
  Ground Min Height: 2188.62548828125
  Ground Max Height: 2190.619873046875
  Canopy Min Relative Height: None
  Canopy Max Relative Height: None
  Ground Min Relative Height: 0.0
  Ground Max Relative Height: 0.0
==================================================
Extent ID: 4796335006530143028
  Canopy Photons: 0
  Canopy Min Height: None
  Canopy Max Height: None
  Ground Min Height: 2141.833251953125
  Ground Max Height: 2143.1318359375
  Canopy Min Relative Height: None
  Canopy Max Relative Height: None
  Ground Min Relative Height: 0.0
  Ground Max Relative Height: 0.0
==================================================
Extent ID: 4796335005456401128
  Canopy Photons: 2
  Canopy Min Height: 2076.406005859375
  Canopy Max Height: 2077.280029296875
  Ground Min Height: 2073.072021484375
  Ground Max Height: 2076.2265625
  Canopy Min Relative Height: 2.115234375
  Canopy Max Relative Height: 2.9892578125
  Ground Min Relative Height: 0.0
  Ground Max Relative Height: 0.0
==================================================
Extent ID: 4796335006530142364
  Canopy Photons: 0
  Canopy Min Height: None
  Canopy Max Height: None
  Ground Min Height: 2451.80517578125
  Ground Max Height: 2457.249755859375
  Canopy Min Relative Height: None
  Canopy Max Relative Height: None
  Ground Min Relative Height: 0.0
  Ground Max Relative Height: 0.0
==================================================
Extent Data Log
==================================================
Site Name: TEAK
Date: 2023-11-27
Ground Offset: 2
Total Photons: 12543
Total Photons Reassigned to Ground: 8714
==================================================
Extent ID: 4796335075249619729
  Canopy Photons: 0
  Canopy Min Height: None
  Canopy Max Height: None
  Ground Min Height: 2130.823486328125
  Ground Max Height: 2133.02197265625
  Canopy Min Relative Height: None
  Canopy Max Relative Height: None
  Ground Min Relative Height: 0.0
  Ground Max Relative Height: 0.0
==================================================
Extent ID: 4796335075249619041
  Canopy Photons: 106
  Canopy Min Height: 2476.363037109375
  Canopy Max Height: 2489.952880859375
  Ground Min Height: 2473.834228515625
  Ground Max Height: 2487.193603515625
  Canopy Min Relative Height: 2.096435546875
  Canopy Max Relative Height: 15.686279296875
  Ground Min Relative Height: 0.0
  Ground Max Relative Height: 0.0
==================================================
Extent ID: 4796335075249620301
  Canopy Photons: 7
  Canopy Min Height: 2146.591796875
  Canopy Max Height: 2151.124267578125
  Ground Min Height: 2144.174072265625
  Ground Max Height: 2146.125732421875
  Canopy Min Relative Height: 2.077880859375
  Canopy Max Relative Height: 6.6103515625
  Ground Min Relative Height: 0.0
  Ground Max Relative Height: 0.0
==================================================
Extent ID: 4796335074175878397
  Canopy Photons: 0
  Canopy Min Height: None
  Canopy Max Height: None
  Ground Min Height: 1909.4466552734375
  Ground Max Height: 1911.637451171875
  Canopy Min Relative Height: None
  Canopy Max Relative Height: None
  Ground Min Relative Height: 0.0
  Ground Max Relative Height: 0.0
==================================================
Extent ID: 4796335075249619829
  Canopy Photons: 0
  Canopy Min Height: None
  Canopy Max Height: None
  Ground Min Height: 2121.206787109375
  Ground Max Height: 2121.999267578125
  Canopy Min Relative Height: None
  Canopy Max Relative Height: None
  Ground Min Relative Height: 0.0
  Ground Max Relative Height: 0.0
==================================================
Extent ID: 4796335075249619880
  Canopy Photons: 0
  Canopy Min Height: None
  Canopy Max Height: None
  Ground Min Height: 2119.6630859375
  Ground Max Height: 2121.7705078125
  Canopy Min Relative Height: None
  Canopy Max Relative Height: None
  Ground Min Relative Height: 0.0
  Ground Max Relative Height: 0.0
==================================================
Extent ID: 4796335074175878473
  Canopy Photons: 0
  Canopy Min Height: None
  Canopy Max Height: None
  Ground Min Height: 1879.8477783203125
  Ground Max Height: 1883.8699951171875
  Canopy Min Relative Height: None
  Canopy Max Relative Height: None
  Ground Min Relative Height: 0
  Ground Max Relative Height: 0
==================================================
Extent ID: 4796335075249620329
  Canopy Photons: 2
  Canopy Min Height: 2151.9150390625
  Canopy Max Height: 2151.951416015625
  Ground Min Height: 2143.545166015625
  Ground Max Height: 2145.27685546875
  Canopy Min Relative Height: 8.2138671875
  Canopy Max Relative Height: 8.250244140625
  Ground Min Relative Height: 0.0
  Ground Max Relative Height: 0.0
==================================================
Extent ID: 4796335075249620045
  Canopy Photons: 3
  Canopy Min Height: 2141.005615234375
  Canopy Max Height: 2141.828369140625
  Ground Min Height: 2137.323486328125
  Ground Max Height: 2140.510986328125
  Canopy Min Relative Height: 2.2451171875
  Canopy Max Relative Height: 3.06787109375
  Ground Min Relative Height: 0.0
  Ground Max Relative Height: 0.0
==================================================
Extent ID: 4796335074175877489
  Canopy Photons: 0
  Canopy Min Height: None
  Canopy Max Height: None
  Ground Min Height: 2063.114990234375
  Ground Max Height: 2066.7939453125
  Canopy Min Relative Height: None
  Canopy Max Relative Height: None
  Ground Min Relative Height: 0
  Ground Max Relative Height: 0
==================================================
