Extent Data Log
==================================================
Site Name: RMNP
Date: 2019-05-31
Ground Offset: 2
Total Photons: 3040
Total Photons Reassigned to Ground: 2502
==================================================
Extent ID: 4382002670433468812
  Canopy Photons: 0
  Canopy Min Height: None
  Canopy Max Height: None
  Ground Min Height: 2765.620361328125
  Ground Max Height: 2766.519775390625
  Canopy Min Relative Height: None
  Canopy Max Relative Height: None
  Ground Min Relative Height: 0.0
  Ground Max Relative Height: 0.0
==================================================
Extent ID: 4382002670433468468
  Canopy Photons: 4
  Canopy Min Height: 2746.5419921875
  Canopy Max Height: 2748.988037109375
  Ground Min Height: 2741.089599609375
  Ground Max Height: 2746.200927734375
  Canopy Min Relative Height: 2.105712890625
  Canopy Max Relative Height: 4.5517578125
  Ground Min Relative Height: 0.0
  Ground Max Relative Height: 0.0
==================================================
Extent ID: 4382002670433469168
  Canopy Photons: 0
  Canopy Min Height: None
  Canopy Max Height: None
  Ground Min Height: 2724.47412109375
  Ground Max Height: 2725.22509765625
  Canopy Min Relative Height: None
  Canopy Max Relative Height: None
  Ground Min Relative Height: 0.0
  Ground Max Relative Height: 0.0
==================================================
Extent ID: 4382002670433469172
  Canopy Photons: 0
  Canopy Min Height: None
  Canopy Max Height: None
  Ground Min Height: 2724.405029296875
  Ground Max Height: 2725.1328125
  Canopy Min Relative Height: None
  Canopy Max Relative Height: None
  Ground Min Relative Height: 0
  Ground Max Relative Height: 0
==================================================
Extent ID: 4382002670433469980
  Canopy Photons: 0
  Canopy Min Height: None
  Canopy Max Height: None
  Ground Min Height: 2718.74169921875
  Ground Max Height: 2719.2421875
  Canopy Min Relative Height: None
  Canopy Max Relative Height: None
  Ground Min Relative Height: 0.0
  Ground Max Relative Height: 0.0
==================================================
Extent ID: 4382002670433469096
  Canopy Photons: 23
  Canopy Min Height: 2717.69189453125
  Canopy Max Height: 2718.019775390625
  Ground Min Height: 2714.454345703125
  Ground Max Height: 2715.956298828125
  Canopy Min Relative Height: 3.001220703125
  Canopy Max Relative Height: 3.3291015625
  Ground Min Relative Height: 0.0
  Ground Max Relative Height: 0.0
==================================================
Extent ID: 4382002670433469860
  Canopy Photons: 2
  Canopy Min Height: 2703.626953125
  Canopy Max Height: 2704.055908203125
  Ground Min Height: 2700.666259765625
  Ground Max Height: 2702.2958984375
  Canopy Min Relative Height: 2.01904296875
  Canopy Max Relative Height: 2.447998046875
  Ground Min Relative Height: 0.0
  Ground Max Relative Height: 0.0
==================================================
Extent ID: 4382002670433469712
  Canopy Photons: 5
  Canopy Min Height: 2746.23876953125
  Canopy Max Height: 2750.1962890625
  Ground Min Height: 2741.40380859375
  Ground Max Height: 2743.18408203125
  Canopy Min Relative Height: 4.396484375
  Canopy Max Relative Height: 8.35400390625
  Ground Min Relative Height: 0.0
  Ground Max Relative Height: 0.0
==================================================
Extent ID: 4382002671507211552
  Canopy Photons: 0
  Canopy Min Height: None
  Canopy Max Height: None
  Ground Min Height: 3622.370849609375
  Ground Max Height: 3634.122314453125
  Canopy Min Relative Height: None
  Canopy Max Relative Height: None
  Ground Min Relative Height: 0.0
  Ground Max Relative Height: 0.0
==================================================
Extent ID: 4382002670433469108
  Canopy Photons: 0
  Canopy Min Height: None
  Canopy Max Height: None
  Ground Min Height: 2715.88134765625
  Ground Max Height: 2717.871826171875
  Canopy Min Relative Height: None
  Canopy Max Relative Height: None
  Ground Min Relative Height: 0.0
  Ground Max Relative Height: 0.0
==================================================
Extent Data Log
==================================================
Site Name: RMNP
Date: 2019-08-30
Ground Offset: 2
Total Photons: 1069
Total Photons Reassigned to Ground: 972
==================================================
Extent ID: 4382002739152945520
  Canopy Photons: 0
  Canopy Min Height: None
  Canopy Max Height: None
  Ground Min Height: 2768.620849609375
  Ground Max Height: 2769.07421875
  Canopy Min Relative Height: None
  Canopy Max Relative Height: None
  Ground Min Relative Height: 0.0
  Ground Max Relative Height: 0.0
==================================================
Extent ID: 4382002739152945728
  Canopy Photons: 0
  Canopy Min Height: None
  Canopy Max Height: None
  Ground Min Height: 2724.660888671875
  Ground Max Height: 2725.236083984375
  Canopy Min Relative Height: None
  Canopy Max Relative Height: None
  Ground Min Relative Height: 0.0
  Ground Max Relative Height: 0.0
==================================================
Extent ID: 4382002739152945777
  Canopy Photons: 0
  Canopy Min Height: None
  Canopy Max Height: None
  Ground Min Height: 2712.248046875
  Ground Max Height: 2712.560302734375
  Canopy Min Relative Height: None
  Canopy Max Relative Height: None
  Ground Min Relative Height: 0.0
  Ground Max Relative Height: 0.0
==================================================
Extent ID: 4382002739152945900
  Canopy Photons: 0
  Canopy Min Height: None
  Canopy Max Height: None
  Ground Min Height: 2724.45263671875
  Ground Max Height: 2725.239990234375
  Canopy Min Relative Height: None
  Canopy Max Relative Height: None
  Ground Min Relative Height: 0.0
  Ground Max Relative Height: 0.0
==================================================
Extent ID: 4382002739152945760
  Canopy Photons: 0
  Canopy Min Height: None
  Canopy Max Height: None
  Ground Min Height: 2716.45947265625
  Ground Max Height: 2717.806640625
  Canopy Min Relative Height: None
  Canopy Max Relative Height: None
  Ground Min Relative Height: 0.0
  Ground Max Relative Height: 0.0
==================================================
Extent ID: 4382002739152946404
  Canopy Photons: 0
  Canopy Min Height: None
  Canopy Max Height: None
  Ground Min Height: 2729.396240234375
  Ground Max Height: 2729.95556640625
  Canopy Min Relative Height: None
  Canopy Max Relative Height: None
  Ground Min Relative Height: 0.0
  Ground Max Relative Height: 0.0
==================================================
Extent ID: 4382002740226688268
  Canopy Photons: 0
  Canopy Min Height: None
  Canopy Max Height: None
  Ground Min Height: 3672.368408203125
  Ground Max Height: 3682.80859375
  Canopy Min Relative Height: None
  Canopy Max Relative Height: None
  Ground Min Relative Height: 0
  Ground Max Relative Height: 0
==================================================
Extent ID: 4382002740226687932
  Canopy Photons: 0
  Canopy Min Height: None
  Canopy Max Height: None
  Ground Min Height: 3355.040771484375
  Ground Max Height: 3357.906005859375
  Canopy Min Relative Height: None
  Canopy Max Relative Height: None
  Ground Min Relative Height: 0.0
  Ground Max Relative Height: 0.0
==================================================
Extent ID: 4382002739152946324
  Canopy Photons: 0
  Canopy Min Height: None
  Canopy Max Height: None
  Ground Min Height: 2754.528076171875
  Ground Max Height: 2754.986083984375
  Canopy Min Relative Height: None
  Canopy Max Relative Height: None
  Ground Min Relative Height: 0.0
  Ground Max Relative Height: 0.0
==================================================
Extent ID: 4382002739152946036
  Canopy Photons: 0
  Canopy Min Height: None
  Canopy Max Height: None
  Ground Min Height: 2734.03125
  Ground Max Height: 2735.629150390625
  Canopy Min Relative Height: None
  Canopy Max Relative Height: None
  Ground Min Relative Height: 0.0
  Ground Max Relative Height: 0.0
==================================================
Extent Data Log
==================================================
Site Name: RMNP
Date: 2019-09-30
Ground Offset: 2
Total Photons: 35223
Total Photons Reassigned to Ground: 13547
==================================================
Extent ID: 229683936404440112
  Canopy Photons: 9
  Canopy Min Height: 2966.56494140625
  Canopy Max Height: 2975.0693359375
  Ground Min Height: 2964.061767578125
  Ground Max Height: 2966.401123046875
  Canopy Min Relative Height: 2.44189453125
  Canopy Max Relative Height: 10.9462890625
  Ground Min Relative Height: 0.0
  Ground Max Relative Height: 0.0
==================================================
Extent ID: 229683936404439164
  Canopy Photons: 0
  Canopy Min Height: None
  Canopy Max Height: None
  Ground Min Height: 2929.0263671875
  Ground Max Height: 2942.12255859375
  Canopy Min Relative Height: None
  Canopy Max Relative Height: None
  Ground Min Relative Height: 0
  Ground Max Relative Height: 0
==================================================
Extent ID: 229683935330698365
  Canopy Photons: 0
  Canopy Min Height: None
  Canopy Max Height: None
  Ground Min Height: 2791.501708984375
  Ground Max Height: 2793.947509765625
  Canopy Min Relative Height: None
  Canopy Max Relative Height: None
  Ground Min Relative Height: 0.0
  Ground Max Relative Height: 0.0
==================================================
Extent ID: 229683934256956145
  Canopy Photons: 13
  Canopy Min Height: 3114.291015625
  Canopy Max Height: 3123.411376953125
  Ground Min Height: 3111.52587890625
  Ground Max Height: 3114.20068359375
  Canopy Min Relative Height: 2.063232421875
  Canopy Max Relative Height: 11.18359375
  Ground Min Relative Height: 0.0
  Ground Max Relative Height: 0.0
==================================================
Extent ID: 229683935330697384
  Canopy Photons: 7
  Canopy Min Height: 2619.35888671875
  Canopy Max Height: 2624.43896484375
  Ground Min Height: 2617.240234375
  Ground Max Height: 2618.94384765625
  Canopy Min Relative Height: 2.022705078125
  Canopy Max Relative Height: 7.102783203125
  Ground Min Relative Height: 0.0
  Ground Max Relative Height: 0.0
==================================================
Extent ID: 229683936404439132
  Canopy Photons: 4
  Canopy Min Height: 2901.2724609375
  Canopy Max Height: 2905.65869140625
  Ground Min Height: 2898.189697265625
  Ground Max Height: 2900.869873046875
  Canopy Min Relative Height: 2.4228515625
  Canopy Max Relative Height: 6.80908203125
  Ground Min Relative Height: 0.0
  Ground Max Relative Height: 0.0
==================================================
Extent ID: 229683935330698076
  Canopy Photons: 1
  Canopy Min Height: 2701.915283203125
  Canopy Max Height: 2701.915283203125
  Ground Min Height: 2698.37353515625
  Ground Max Height: 2700.311279296875
  Canopy Min Relative Height: 2.81689453125
  Canopy Max Relative Height: 2.81689453125
  Ground Min Relative Height: 0.0
  Ground Max Relative Height: 0.0
==================================================
Extent ID: 229683935330698705
  Canopy Photons: 5
  Canopy Min Height: 2709.619873046875
  Canopy Max Height: 2709.9833984375
  Ground Min Height: 2706.870849609375
  Ground Max Height: 2709.52978515625
  Canopy Min Relative Height: 2.02685546875
  Canopy Max Relative Height: 2.390380859375
  Ground Min Relative Height: 0.0
  Ground Max Relative Height: 0.0
==================================================
Extent ID: 229683936404439801
  Canopy Photons: 29
  Canopy Min Height: 2893.3134765625
  Canopy Max Height: 2907.539794921875
  Ground Min Height: 2890.805419921875
  Ground Max Height: 2893.197509765625
  Canopy Min Relative Height: 2.063720703125
  Canopy Max Relative Height: 16.2900390625
  Ground Min Relative Height: 0.0
  Ground Max Relative Height: 0.0
==================================================
Extent ID: 229683935330697244
  Canopy Photons: 4
  Canopy Min Height: 2617.429443359375
  Canopy Max Height: 2625.055908203125
  Ground Min Height: 2612.068359375
  Ground Max Height: 2614.0888671875
  Canopy Min Relative Height: 4.099609375
  Canopy Max Relative Height: 11.72607421875
  Ground Min Relative Height: 0.0
  Ground Max Relative Height: 0.0
==================================================
Extent Data Log
==================================================
Site Name: RMNP
Date: 2019-11-29
Ground Offset: 2
Total Photons: 28999
Total Photons Reassigned to Ground: 17844
==================================================
Extent ID: 4382002808946164277
  Canopy Photons: 5
  Canopy Min Height: 3272.90966796875
  Canopy Max Height: 3277.467041015625
  Ground Min Height: 3265.38525390625
  Ground Max Height: 3272.556396484375
  Canopy Min Relative Height: 2.2998046875
  Canopy Max Relative Height: 6.857177734375
  Ground Min Relative Height: 0.0
  Ground Max Relative Height: 0.0
==================================================
Extent ID: 4382002808946165272
  Canopy Photons: 0
  Canopy Min Height: None
  Canopy Max Height: None
  Ground Min Height: 3623.633544921875
  Ground Max Height: 3630.716552734375
  Canopy Min Relative Height: None
  Canopy Max Relative Height: None
  Ground Min Relative Height: 0
  Ground Max Relative Height: 0
==================================================
Extent ID: 4382002807872423221
  Canopy Photons: 0
  Canopy Min Height: None
  Canopy Max Height: None
  Ground Min Height: 2717.1806640625
  Ground Max Height: 2719.52978515625
  Canopy Min Relative Height: None
  Canopy Max Relative Height: None
  Ground Min Relative Height: 0
  Ground Max Relative Height: 0
==================================================
Extent ID: 4382002808946165193
  Canopy Photons: 75
  Canopy Min Height: 3506.12060546875
  Canopy Max Height: 3512.952392578125
  Ground Min Height: 3503.228515625
  Ground Max Height: 3509.47412109375
  Canopy Min Relative Height: 2.207763671875
  Canopy Max Relative Height: 9.03955078125
  Ground Min Relative Height: 0.0
  Ground Max Relative Height: 0.0
==================================================
Extent ID: 4382002807872421988
  Canopy Photons: 0
  Canopy Min Height: None
  Canopy Max Height: None
  Ground Min Height: 2706.9912109375
  Ground Max Height: 2707.60107421875
  Canopy Min Relative Height: None
  Canopy Max Relative Height: None
  Ground Min Relative Height: 0.0
  Ground Max Relative Height: 0.0
==================================================
Extent ID: 4382002808946163752
  Canopy Photons: 0
  Canopy Min Height: None
  Canopy Max Height: None
  Ground Min Height: 2891.960693359375
  Ground Max Height: 2896.206787109375
  Canopy Min Relative Height: None
  Canopy Max Relative Height: None
  Ground Min Relative Height: 0
  Ground Max Relative Height: 0
==================================================
Extent ID: 4382002807872422569
  Canopy Photons: 0
  Canopy Min Height: None
  Canopy Max Height: None
  Ground Min Height: 2717.362548828125
  Ground Max Height: 2719.612060546875
  Canopy Min Relative Height: None
  Canopy Max Relative Height: None
  Ground Min Relative Height: 0.0
  Ground Max Relative Height: 0.0
==================================================
Extent ID: 4382002808946163969
  Canopy Photons: 52
  Canopy Min Height: 2983.6591796875
  Canopy Max Height: 2995.50244140625
  Ground Min Height: 2980.360595703125
  Ground Max Height: 2983.533203125
  Canopy Min Relative Height: 2.115478515625
  Canopy Max Relative Height: 13.958740234375
  Ground Min Relative Height: 0.0
  Ground Max Relative Height: 0.0
==================================================
Extent ID: 4382002807872422725
  Canopy Photons: 0
  Canopy Min Height: None
  Canopy Max Height: None
  Ground Min Height: 2731.017333984375
  Ground Max Height: 2732.568115234375
  Canopy Min Relative Height: None
  Canopy Max Relative Height: None
  Ground Min Relative Height: 0.0
  Ground Max Relative Height: 0.0
==================================================
Extent ID: 4382002807872422124
  Canopy Photons: 0
  Canopy Min Height: None
  Canopy Max Height: None
  Ground Min Height: 2736.973388671875
  Ground Max Height: 2738.793212890625
  Canopy Min Relative Height: None
  Canopy Max Relative Height: None
  Ground Min Relative Height: 0.0
  Ground Max Relative Height: 0.0
==================================================
Extent Data Log
==================================================
Site Name: RMNP
Date: 2020-02-28
Ground Offset: 2
Total Photons: 61127
Total Photons Reassigned to Ground: 31885
==================================================
Extent ID: 4382002877665641001
  Canopy Photons: 7
  Canopy Min Height: 3280.471923828125
  Canopy Max Height: 3287.72900390625
  Ground Min Height: 3275.58984375
  Ground Max Height: 3279.39208984375
  Canopy Min Relative Height: 2.863037109375
  Canopy Max Relative Height: 10.1201171875
  Ground Min Relative Height: 0.0
  Ground Max Relative Height: 0.0
==================================================
Extent ID: 4382002876591899076
  Canopy Photons: 3
  Canopy Min Height: 2763.1142578125
  Canopy Max Height: 2765.76513671875
  Ground Min Height: 2759.763916015625
  Ground Max Height: 2761.0927734375
  Canopy Min Relative Height: 2.479736328125
  Canopy Max Relative Height: 5.130615234375
  Ground Min Relative Height: 0.0
  Ground Max Relative Height: 0.0
==================================================
Extent ID: 4382002877665641380
  Canopy Photons: 2
  Canopy Min Height: 3335.303466796875
  Canopy Max Height: 3335.6689453125
  Ground Min Height: 3332.895263671875
  Ground Max Height: 3336.00439453125
  Canopy Min Relative Height: 2.17333984375
  Canopy Max Relative Height: 2.538818359375
  Ground Min Relative Height: 0.0
  Ground Max Relative Height: 0.0
==================================================
Extent ID: 4382002877665640933
  Canopy Photons: 79
  Canopy Min Height: 3230.35888671875
  Canopy Max Height: 3241.23193359375
  Ground Min Height: 3227.404052734375
  Ground Max Height: 3231.352294921875
  Canopy Min Relative Height: 2.033935546875
  Canopy Max Relative Height: 12.906982421875
  Ground Min Relative Height: 0.0
  Ground Max Relative Height: 0.0
==================================================
Extent ID: 4382002877665640461
  Canopy Photons: 16
  Canopy Min Height: 2857.965576171875
  Canopy Max Height: 2865.848876953125
  Ground Min Height: 2855.237060546875
  Ground Max Height: 2857.56787109375
  Canopy Min Relative Height: 2.2822265625
  Canopy Max Relative Height: 10.16552734375
  Ground Min Relative Height: 0.0
  Ground Max Relative Height: 0.0
==================================================
Extent ID: 4382002876591899852
  Canopy Photons: 7
  Canopy Min Height: 2741.3916015625
  Canopy Max Height: 2753.992919921875
  Ground Min Height: 2735.7763671875
  Ground Max Height: 2738.298095703125
  Canopy Min Relative Height: 4.496337890625
  Canopy Max Relative Height: 17.09765625
  Ground Min Relative Height: 0.0
  Ground Max Relative Height: 0.0
==================================================
Extent ID: 4382002876591900132
  Canopy Photons: 2
  Canopy Min Height: 2707.376220703125
  Canopy Max Height: 2709.231689453125
  Ground Min Height: 2697.599853515625
  Ground Max Height: 2699.9619140625
  Canopy Min Relative Height: 9.3671875
  Canopy Max Relative Height: 11.22265625
  Ground Min Relative Height: 0.0
  Ground Max Relative Height: 0.0
==================================================
Extent ID: 4382002877665641484
  Canopy Photons: 1
  Canopy Min Height: 3313.838134765625
  Canopy Max Height: 3313.838134765625
  Ground Min Height: 3310.64599609375
  Ground Max Height: 3312.850830078125
  Canopy Min Relative Height: 2.931884765625
  Canopy Max Relative Height: 2.931884765625
  Ground Min Relative Height: 0.0
  Ground Max Relative Height: 0.0
==================================================
Extent ID: 4382002876591899013
  Canopy Photons: 0
  Canopy Min Height: None
  Canopy Max Height: None
  Ground Min Height: 2764.47119140625
  Ground Max Height: 2766.676513671875
  Canopy Min Relative Height: None
  Canopy Max Relative Height: None
  Ground Min Relative Height: 0.0
  Ground Max Relative Height: 0.0
==================================================
Extent ID: 4382002876591899640
  Canopy Photons: 7
  Canopy Min Height: 2737.06689453125
  Canopy Max Height: 2744.951416015625
  Ground Min Height: 2733.801025390625
  Ground Max Height: 2735.80859375
  Canopy Min Relative Height: 2.83447265625
  Canopy Max Relative Height: 10.718994140625
  Ground Min Relative Height: 0.0
  Ground Max Relative Height: 0.0
==================================================
Extent Data Log
==================================================
Site Name: RMNP
Date: 2020-05-29
Ground Offset: 2
Total Photons: 8349
Total Photons Reassigned to Ground: 4719
==================================================
Extent ID: 4382002946385117745
  Canopy Photons: 0
  Canopy Min Height: None
  Canopy Max Height: None
  Ground Min Height: None
  Ground Max Height: None
  Canopy Min Relative Height: None
  Canopy Max Relative Height: None
  Ground Min Relative Height: None
  Ground Max Relative Height: None
==================================================
Extent ID: 4382002946385118076
  Canopy Photons: 0
  Canopy Min Height: None
  Canopy Max Height: None
  Ground Min Height: 3370.582763671875
  Ground Max Height: 3426.77197265625
  Canopy Min Relative Height: None
  Canopy Max Relative Height: None
  Ground Min Relative Height: 0
  Ground Max Relative Height: 0
==================================================
Extent ID: 4382002945311376940
  Canopy Photons: 11
  Canopy Min Height: 2722.05126953125
  Canopy Max Height: 2729.400146484375
  Ground Min Height: 2716.0517578125
  Ground Max Height: 2718.3349609375
  Canopy Min Relative Height: 5.671875
  Canopy Max Relative Height: 13.020751953125
  Ground Min Relative Height: 0.0
  Ground Max Relative Height: 0.0
==================================================
Extent ID: 4382002946385118708
  Canopy Photons: 47
  Canopy Min Height: 3578.044677734375
  Canopy Max Height: 3583.74609375
  Ground Min Height: 3572.15869140625
  Ground Max Height: 3580.65478515625
  Canopy Min Relative Height: 2.0888671875
  Canopy Max Relative Height: 7.790283203125
  Ground Min Relative Height: 0.0
  Ground Max Relative Height: 0.0
==================================================
Extent ID: 4382002946385117764
  Canopy Photons: 0
  Canopy Min Height: None
  Canopy Max Height: None
  Ground Min Height: None
  Ground Max Height: None
  Canopy Min Relative Height: None
  Canopy Max Relative Height: None
  Ground Min Relative Height: None
  Ground Max Relative Height: None
==================================================
Extent ID: 4382002946385118769
  Canopy Photons: 0
  Canopy Min Height: None
  Canopy Max Height: None
  Ground Min Height: 3700.939697265625
  Ground Max Height: 3705.82763671875
  Canopy Min Relative Height: None
  Canopy Max Relative Height: None
  Ground Min Relative Height: 0.0
  Ground Max Relative Height: 0.0
==================================================
Extent ID: 4382002946385117853
  Canopy Photons: 0
  Canopy Min Height: None
  Canopy Max Height: None
  Ground Min Height: None
  Ground Max Height: None
  Canopy Min Relative Height: None
  Canopy Max Relative Height: None
  Ground Min Relative Height: None
  Ground Max Relative Height: None
==================================================
Extent ID: 4382002946385118649
  Canopy Photons: 2
  Canopy Min Height: 3488.978759765625
  Canopy Max Height: 3490.4423828125
  Ground Min Height: 3483.794921875
  Ground Max Height: 3488.888916015625
  Canopy Min Relative Height: 2.00830078125
  Canopy Max Relative Height: 3.471923828125
  Ground Min Relative Height: 0.0
  Ground Max Relative Height: 0.0
==================================================
Extent ID: 4382002946385117744
  Canopy Photons: 0
  Canopy Min Height: None
  Canopy Max Height: None
  Ground Min Height: None
  Ground Max Height: None
  Canopy Min Relative Height: None
  Canopy Max Relative Height: None
  Ground Min Relative Height: None
  Ground Max Relative Height: None
==================================================
Extent ID: 4382002946385117829
  Canopy Photons: 0
  Canopy Min Height: None
  Canopy Max Height: None
  Ground Min Height: None
  Ground Max Height: None
  Canopy Min Relative Height: None
  Canopy Max Relative Height: None
  Ground Min Relative Height: None
  Ground Max Relative Height: None
==================================================
Extent Data Log
==================================================
Site Name: RMNP
Date: 2020-08-28
Ground Offset: 2
Total Photons: 20005
Total Photons Reassigned to Ground: 9084
==================================================
Extent ID: 4382003014030852777
  Canopy Photons: 0
  Canopy Min Height: None
  Canopy Max Height: None
  Ground Min Height: 2717.388427734375
  Ground Max Height: 2719.381103515625
  Canopy Min Relative Height: None
  Canopy Max Relative Height: None
  Ground Min Relative Height: 0.0
  Ground Max Relative Height: 0.0
==================================================
Extent ID: 4382003015104595401
  Canopy Photons: 0
  Canopy Min Height: None
  Canopy Max Height: None
  Ground Min Height: 3505.693603515625
  Ground Max Height: 3515.228271484375
  Canopy Min Relative Height: None
  Canopy Max Relative Height: None
  Ground Min Relative Height: 0
  Ground Max Relative Height: 0
==================================================
Extent ID: 4382003014030852760
  Canopy Photons: 0
  Canopy Min Height: None
  Canopy Max Height: None
  Ground Min Height: 2711.0966796875
  Ground Max Height: 2711.617431640625
  Canopy Min Relative Height: None
  Canopy Max Relative Height: None
  Ground Min Relative Height: 0.0
  Ground Max Relative Height: 0.0
==================================================
Extent ID: 4382003015104594745
  Canopy Photons: 5
  Canopy Min Height: 3321.6669921875
  Canopy Max Height: 3327.773681640625
  Ground Min Height: 3318.216064453125
  Ground Max Height: 3321.441650390625
  Canopy Min Relative Height: 2.39208984375
  Canopy Max Relative Height: 8.498779296875
  Ground Min Relative Height: 0.0
  Ground Max Relative Height: 0.0
==================================================
Extent ID: 4382003015104594473
  Canopy Photons: 5
  Canopy Min Height: 3277.965576171875
  Canopy Max Height: 3281.78662109375
  Ground Min Height: 3274.670654296875
  Ground Max Height: 3276.895751953125
  Canopy Min Relative Height: 3.035400390625
  Canopy Max Relative Height: 6.8564453125
  Ground Min Relative Height: 0.0
  Ground Max Relative Height: 0.0
==================================================
Extent ID: 4382003015104595057
  Canopy Photons: 0
  Canopy Min Height: None
  Canopy Max Height: None
  Ground Min Height: 3396.625732421875
  Ground Max Height: 3404.07177734375
  Canopy Min Relative Height: None
  Canopy Max Relative Height: None
  Ground Min Relative Height: 0
  Ground Max Relative Height: 0
==================================================
Extent ID: 4382003015104595253
  Canopy Photons: 2
  Canopy Min Height: 3606.7333984375
  Canopy Max Height: 3607.01025390625
  Ground Min Height: 3596.800048828125
  Ground Max Height: 3602.358642578125
  Canopy Min Relative Height: 5.255859375
  Canopy Max Relative Height: 5.53271484375
  Ground Min Relative Height: 0.0
  Ground Max Relative Height: 0.0
==================================================
Extent ID: 4382003015104594828
  Canopy Photons: 9
  Canopy Min Height: 3314.246337890625
  Canopy Max Height: 3315.1298828125
  Ground Min Height: 3312.186279296875
  Ground Max Height: 3314.171142578125
  Canopy Min Relative Height: 2.015625
  Canopy Max Relative Height: 2.899169921875
  Ground Min Relative Height: 0.0
  Ground Max Relative Height: 0.0
==================================================
Extent ID: 4382003015104595504
  Canopy Photons: 23
  Canopy Min Height: 3662.2783203125
  Canopy Max Height: 3668.64794921875
  Ground Min Height: 3658.949951171875
  Ground Max Height: 3666.677978515625
  Canopy Min Relative Height: 3.2958984375
  Canopy Max Relative Height: 9.66552734375
  Ground Min Relative Height: 0.0
  Ground Max Relative Height: 0.0
==================================================
Extent ID: 4382003015104594968
  Canopy Photons: 25
  Canopy Min Height: 3311.96533203125
  Canopy Max Height: 3316.37060546875
  Ground Min Height: 3309.324951171875
  Ground Max Height: 3311.53515625
  Canopy Min Relative Height: 2.234619140625
  Canopy Max Relative Height: 6.639892578125
  Ground Min Relative Height: 0.0
  Ground Max Relative Height: 0.0
==================================================
Extent Data Log
==================================================
Site Name: RMNP
Date: 2020-11-26
Ground Offset: 2
Total Photons: 2771
Total Photons Reassigned to Ground: 2187
==================================================
Extent ID: 4382003082750330372
  Canopy Photons: 0
  Canopy Min Height: None
  Canopy Max Height: None
  Ground Min Height: 2707.349853515625
  Ground Max Height: 2710.65576171875
  Canopy Min Relative Height: None
  Canopy Max Relative Height: None
  Ground Min Relative Height: 0
  Ground Max Relative Height: 0
==================================================
Extent ID: 4382003082750328904
  Canopy Photons: 0
  Canopy Min Height: None
  Canopy Max Height: None
  Ground Min Height: 2706.830322265625
  Ground Max Height: 2707.607421875
  Canopy Min Relative Height: None
  Canopy Max Relative Height: None
  Ground Min Relative Height: 0.0
  Ground Max Relative Height: 0.0
==================================================
Extent ID: 4382003082750328880
  Canopy Photons: 3
  Canopy Min Height: 2757.060546875
  Canopy Max Height: 2757.88720703125
  Ground Min Height: 2748.863037109375
  Ground Max Height: 2756.0927734375
  Canopy Min Relative Height: 2.75927734375
  Canopy Max Relative Height: 3.5859375
  Ground Min Relative Height: 0.0
  Ground Max Relative Height: 0.0
==================================================
Extent ID: 4382003082750329036
  Canopy Photons: 13
  Canopy Min Height: 2728.0419921875
  Canopy Max Height: 2728.60205078125
  Ground Min Height: 2725.8056640625
  Ground Max Height: 2728.01953125
  Canopy Min Relative Height: 2.003662109375
  Canopy Max Relative Height: 2.563720703125
  Ground Min Relative Height: 0.0
  Ground Max Relative Height: 0.0
==================================================
Extent ID: 4382003083824070704
  Canopy Photons: 43
  Canopy Min Height: 2897.04736328125
  Canopy Max Height: 2900.46826171875
  Ground Min Height: 2894.498779296875
  Ground Max Height: 2896.920654296875
  Canopy Min Relative Height: 2.0400390625
  Canopy Max Relative Height: 5.4609375
  Ground Min Relative Height: 0.0
  Ground Max Relative Height: 0.0
==================================================
Extent ID: 4382003083824070716
  Canopy Photons: 0
  Canopy Min Height: None
  Canopy Max Height: None
  Ground Min Height: 2896.31494140625
  Ground Max Height: 2898.388916015625
  Canopy Min Relative Height: None
  Canopy Max Relative Height: None
  Ground Min Relative Height: 0
  Ground Max Relative Height: 0
==================================================
Extent ID: 4382003082750328920
  Canopy Photons: 0
  Canopy Min Height: None
  Canopy Max Height: None
  Ground Min Height: 2706.62890625
  Ground Max Height: 2707.56005859375
  Canopy Min Relative Height: None
  Canopy Max Relative Height: None
  Ground Min Relative Height: 0.0
  Ground Max Relative Height: 0.0
==================================================
Extent ID: 4382003082750329085
  Canopy Photons: 0
  Canopy Min Height: None
  Canopy Max Height: None
  Ground Min Height: 2746.536376953125
  Ground Max Height: 2746.99853515625
  Canopy Min Relative Height: None
  Canopy Max Relative Height: None
  Ground Min Relative Height: 0.0
  Ground Max Relative Height: 0.0
==================================================
Extent ID: 4382003082750330404
  Canopy Photons: 0
  Canopy Min Height: None
  Canopy Max Height: None
  Ground Min Height: 2716.439697265625
  Ground Max Height: 2717.595947265625
  Canopy Min Relative Height: None
  Canopy Max Relative Height: None
  Ground Min Relative Height: 0.0
  Ground Max Relative Height: 0.0
==================================================
Extent ID: 4382003082750329108
  Canopy Photons: 0
  Canopy Min Height: None
  Canopy Max Height: None
  Ground Min Height: 2754.001708984375
  Ground Max Height: 2755.582275390625
  Canopy Min Relative Height: None
  Canopy Max Relative Height: None
  Ground Min Relative Height: 0.0
  Ground Max Relative Height: 0.0
==================================================
Extent Data Log
==================================================
Site Name: RMNP
Date: 2021-02-25
Ground Offset: 2
Total Photons: 21829
Total Photons Reassigned to Ground: 13454
==================================================
Extent ID: 4382003151469806213
  Canopy Photons: 0
  Canopy Min Height: None
  Canopy Max Height: None
  Ground Min Height: 2713.397216796875
  Ground Max Height: 2714.38525390625
  Canopy Min Relative Height: None
  Canopy Max Relative Height: None
  Ground Min Relative Height: 0.0
  Ground Max Relative Height: 0.0
==================================================
Extent ID: 4382003151469806537
  Canopy Photons: 0
  Canopy Min Height: None
  Canopy Max Height: None
  Ground Min Height: 2749.86669921875
  Ground Max Height: 2751.666015625
  Canopy Min Relative Height: None
  Canopy Max Relative Height: None
  Ground Min Relative Height: 0.0
  Ground Max Relative Height: 0.0
==================================================
Extent ID: 4382003151469806137
  Canopy Photons: 0
  Canopy Min Height: None
  Canopy Max Height: None
  Ground Min Height: 2723.05078125
  Ground Max Height: 2724.2880859375
  Canopy Min Relative Height: None
  Canopy Max Relative Height: None
  Ground Min Relative Height: 0.0
  Ground Max Relative Height: 0.0
==================================================
Extent ID: 4382003151469806861
  Canopy Photons: 0
  Canopy Min Height: None
  Canopy Max Height: None
  Ground Min Height: 2744.49951171875
  Ground Max Height: 2749.5478515625
  Canopy Min Relative Height: None
  Canopy Max Relative Height: None
  Ground Min Relative Height: 0
  Ground Max Relative Height: 0
==================================================
Extent ID: 4382003151469806356
  Canopy Photons: 0
  Canopy Min Height: None
  Canopy Max Height: None
  Ground Min Height: 2724.2001953125
  Ground Max Height: 2725.02783203125
  Canopy Min Relative Height: None
  Canopy Max Relative Height: None
  Ground Min Relative Height: 0.0
  Ground Max Relative Height: 0.0
==================================================
Extent ID: 4382003151469806929
  Canopy Photons: 0
  Canopy Min Height: None
  Canopy Max Height: None
  Ground Min Height: 2729.599853515625
  Ground Max Height: 2732.219970703125
  Canopy Min Relative Height: None
  Canopy Max Relative Height: None
  Ground Min Relative Height: 0.0
  Ground Max Relative Height: 0.0
==================================================
Extent ID: 4382003152543547689
  Canopy Photons: 68
  Canopy Min Height: 3010.189697265625
  Canopy Max Height: 3013.337890625
  Ground Min Height: 3008.166015625
  Ground Max Height: 3010.052001953125
  Canopy Min Relative Height: 2.023193359375
  Canopy Max Relative Height: 5.17138671875
  Ground Min Relative Height: 0.0
  Ground Max Relative Height: 0.0
==================================================
Extent ID: 4382003151469805997
  Canopy Photons: 0
  Canopy Min Height: None
  Canopy Max Height: None
  Ground Min Height: 2754.649658203125
  Ground Max Height: 2756.262939453125
  Canopy Min Relative Height: None
  Canopy Max Relative Height: None
  Ground Min Relative Height: 0.0
  Ground Max Relative Height: 0.0
==================================================
Extent ID: 4382003151469805932
  Canopy Photons: 0
  Canopy Min Height: None
  Canopy Max Height: None
  Ground Min Height: 2768.447998046875
  Ground Max Height: 2768.9638671875
  Canopy Min Relative Height: None
  Canopy Max Relative Height: None
  Ground Min Relative Height: 0.0
  Ground Max Relative Height: 0.0
==================================================
Extent ID: 4382003151469805941
  Canopy Photons: 0
  Canopy Min Height: None
  Canopy Max Height: None
  Ground Min Height: 2768.126953125
  Ground Max Height: 2769.6357421875
  Canopy Min Relative Height: None
  Canopy Max Relative Height: None
  Ground Min Relative Height: 0.0
  Ground Max Relative Height: 0.0
==================================================
Extent Data Log
==================================================
Site Name: RMNP
Date: 2021-05-27
Ground Offset: 2
Total Photons: 17084
Total Photons Reassigned to Ground: 10604
==================================================
Extent ID: 4382003221263024865
  Canopy Photons: 0
  Canopy Min Height: None
  Canopy Max Height: None
  Ground Min Height: 3345.226806640625
  Ground Max Height: 3348.682373046875
  Canopy Min Relative Height: None
  Canopy Max Relative Height: None
  Ground Min Relative Height: 0
  Ground Max Relative Height: 0
==================================================
Extent ID: 4382003221263024317
  Canopy Photons: 8
  Canopy Min Height: 2850.005126953125
  Canopy Max Height: 2853.300537109375
  Ground Min Height: 2844.93896484375
  Ground Max Height: 2849.78857421875
  Canopy Min Relative Height: 2.615966796875
  Canopy Max Relative Height: 5.911376953125
  Ground Min Relative Height: 0.0
  Ground Max Relative Height: 0.0
==================================================
Extent ID: 4382003221263024209
  Canopy Photons: 12
  Canopy Min Height: 2851.289306640625
  Canopy Max Height: 2855.514404296875
  Ground Min Height: 2847.893310546875
  Ground Max Height: 2851.257080078125
  Canopy Min Relative Height: 2.0927734375
  Canopy Max Relative Height: 6.31787109375
  Ground Min Relative Height: 0.0
  Ground Max Relative Height: 0.0
==================================================
Extent ID: 4382003221263025261
  Canopy Photons: 0
  Canopy Min Height: None
  Canopy Max Height: None
  Ground Min Height: 3389.368896484375
  Ground Max Height: 3391.246337890625
  Canopy Min Relative Height: None
  Canopy Max Relative Height: None
  Ground Min Relative Height: 0
  Ground Max Relative Height: 0
==================================================
Extent ID: 4382003221263025309
  Canopy Photons: 13
  Canopy Min Height: 3491.07373046875
  Canopy Max Height: 3493.800537109375
  Ground Min Height: 3487.47314453125
  Ground Max Height: 3497.25244140625
  Canopy Min Relative Height: 2.242431640625
  Canopy Max Relative Height: 4.96923828125
  Ground Min Relative Height: 0.0
  Ground Max Relative Height: 0.0
==================================================
Extent ID: 4382003220189283565
  Canopy Photons: 0
  Canopy Min Height: None
  Canopy Max Height: None
  Ground Min Height: 2738.769287109375
  Ground Max Height: 2740.528564453125
  Canopy Min Relative Height: None
  Canopy Max Relative Height: None
  Ground Min Relative Height: 0.0
  Ground Max Relative Height: 0.0
==================================================
Extent ID: 4382003221263024513
  Canopy Photons: 41
  Canopy Min Height: 3090.947998046875
  Canopy Max Height: 3098.2333984375
  Ground Min Height: 3088.374755859375
  Ground Max Height: 3095.044189453125
  Canopy Min Relative Height: 2.01318359375
  Canopy Max Relative Height: 9.298583984375
  Ground Min Relative Height: 0.0
  Ground Max Relative Height: 0.0
==================================================
Extent ID: 4382003221263024625
  Canopy Photons: 42
  Canopy Min Height: 3235.565185546875
  Canopy Max Height: 3241.923583984375
  Ground Min Height: 3233.43115234375
  Ground Max Height: 3235.5419921875
  Canopy Min Relative Height: 2.0107421875
  Canopy Max Relative Height: 8.369140625
  Ground Min Relative Height: 0.0
  Ground Max Relative Height: 0.0
==================================================
Extent ID: 4382003221263024185
  Canopy Photons: 0
  Canopy Min Height: None
  Canopy Max Height: None
  Ground Min Height: 2861.5888671875
  Ground Max Height: 2875.10888671875
  Canopy Min Relative Height: None
  Canopy Max Relative Height: None
  Ground Min Relative Height: 0
  Ground Max Relative Height: 0
==================================================
Extent ID: 4382003220189283393
  Canopy Photons: 2
  Canopy Min Height: 2749.41650390625
  Canopy Max Height: 2749.655029296875
  Ground Min Height: 2742.074462890625
  Ground Max Height: 2744.696044921875
  Canopy Min Relative Height: 5.126953125
  Canopy Max Relative Height: 5.365478515625
  Ground Min Relative Height: 0.0
  Ground Max Relative Height: 0.0
==================================================
Extent Data Log
==================================================
Site Name: RMNP
Date: 2021-08-26
Ground Offset: 2
Total Photons: 22242
Total Photons Reassigned to Ground: 10144
==================================================
Extent ID: 4382003289982501796
  Canopy Photons: 3
  Canopy Min Height: 3335.329833984375
  Canopy Max Height: 3336.41748046875
  Ground Min Height: 3332.979248046875
  Ground Max Height: 3335.996826171875
  Canopy Min Relative Height: 2.244873046875
  Canopy Max Relative Height: 3.33251953125
  Ground Min Relative Height: 0.0
  Ground Max Relative Height: 0.0
==================================================
Extent ID: 4382003288908759513
  Canopy Photons: 0
  Canopy Min Height: None
  Canopy Max Height: None
  Ground Min Height: 2743.771728515625
  Ground Max Height: 2744.52685546875
  Canopy Min Relative Height: None
  Canopy Max Relative Height: None
  Ground Min Relative Height: 0.0
  Ground Max Relative Height: 0.0
==================================================
Extent ID: 4382003289982501949
  Canopy Photons: 2
  Canopy Min Height: 3310.215087890625
  Canopy Max Height: 3311.8486328125
  Ground Min Height: 3305.938720703125
  Ground Max Height: 3309.3662109375
  Canopy Min Relative Height: 2.390869140625
  Canopy Max Relative Height: 4.0244140625
  Ground Min Relative Height: 0.0
  Ground Max Relative Height: 0.0
==================================================
Extent ID: 4382003289982502428
  Canopy Photons: 0
  Canopy Min Height: None
  Canopy Max Height: None
  Ground Min Height: 3634.16015625
  Ground Max Height: 3640.281005859375
  Canopy Min Relative Height: None
  Canopy Max Relative Height: None
  Ground Min Relative Height: 0
  Ground Max Relative Height: 0
==================================================
Extent ID: 4382003289982501465
  Canopy Photons: 13
  Canopy Min Height: 3241.863525390625
  Canopy Max Height: 3252.912109375
  Ground Min Height: 3238.5380859375
  Ground Max Height: 3240.787109375
  Canopy Min Relative Height: 2.146240234375
  Canopy Max Relative Height: 13.19482421875
  Ground Min Relative Height: 0.0
  Ground Max Relative Height: 0.0
==================================================
Extent ID: 4382003288908759177
  Canopy Photons: 14
  Canopy Min Height: 2715.34814453125
  Canopy Max Height: 2725.256591796875
  Ground Min Height: 2711.72119140625
  Ground Max Height: 2713.9150390625
  Canopy Min Relative Height: 3.322265625
  Canopy Max Relative Height: 13.230712890625
  Ground Min Relative Height: 0.0
  Ground Max Relative Height: 0.0
==================================================
Extent ID: 4382003288908759620
  Canopy Photons: 0
  Canopy Min Height: None
  Canopy Max Height: None
  Ground Min Height: 2723.909423828125
  Ground Max Height: 2725.352783203125
  Canopy Min Relative Height: None
  Canopy Max Relative Height: None
  Ground Min Relative Height: 0.0
  Ground Max Relative Height: 0.0
==================================================
Extent ID: 4382003288908760593
  Canopy Photons: 15
  Canopy Min Height: 2717.84521484375
  Canopy Max Height: 2728.2548828125
  Ground Min Height: 2715.2978515625
  Ground Max Height: 2720.301513671875
  Canopy Min Relative Height: 2.082763671875
  Canopy Max Relative Height: 12.492431640625
  Ground Min Relative Height: 0.0
  Ground Max Relative Height: 0.0
==================================================
Extent ID: 4382003289982501845
  Canopy Photons: 9
  Canopy Min Height: 3382.158935546875
  Canopy Max Height: 3386.234375
  Ground Min Height: 3377.708740234375
  Ground Max Height: 3384.61279296875
  Canopy Min Relative Height: 3.220947265625
  Canopy Max Relative Height: 7.29638671875
  Ground Min Relative Height: 0.0
  Ground Max Relative Height: 0.0
==================================================
Extent ID: 4382003289982501668
  Canopy Photons: 8
  Canopy Min Height: 3278.443603515625
  Canopy Max Height: 3280.975341796875
  Ground Min Height: 3276.1123046875
  Ground Max Height: 3278.12939453125
  Canopy Min Relative Height: 2.087158203125
  Canopy Max Relative Height: 4.618896484375
  Ground Min Relative Height: 0.0
  Ground Max Relative Height: 0.0
==================================================
Extent Data Log
==================================================
Site Name: RMNP
Date: 2021-11-25
Ground Offset: 2
Total Photons: 45446
Total Photons Reassigned to Ground: 19406
==================================================
Extent ID: 4382003357628235928
  Canopy Photons: 5
  Canopy Min Height: 2716.2373046875
  Canopy Max Height: 2721.187744140625
  Ground Min Height: 2713.2578125
  Ground Max Height: 2715.5849609375
  Canopy Min Relative Height: 2.530517578125
  Canopy Max Relative Height: 7.48095703125
  Ground Min Relative Height: 0.0
  Ground Max Relative Height: 0.0
==================================================
Extent ID: 4382003358701978757
  Canopy Photons: 0
  Canopy Min Height: None
  Canopy Max Height: None
  Ground Min Height: 3448.256103515625
  Ground Max Height: 3456.692138671875
  Canopy Min Relative Height: None
  Canopy Max Relative Height: None
  Ground Min Relative Height: 0
  Ground Max Relative Height: 0
==================================================
Extent ID: 4382003357628236696
  Canopy Photons: 12
  Canopy Min Height: 2740.5732421875
  Canopy Max Height: 2745.784912109375
  Ground Min Height: 2736.56396484375
  Ground Max Height: 2739.70068359375
  Canopy Min Relative Height: 2.741943359375
  Canopy Max Relative Height: 7.95361328125
  Ground Min Relative Height: 0.0
  Ground Max Relative Height: 0.0
==================================================
Extent ID: 4382003357628237340
  Canopy Photons: 13
  Canopy Min Height: 2721.866455078125
  Canopy Max Height: 2729.72802734375
  Ground Min Height: 2718.498046875
  Ground Max Height: 2720.083740234375
  Canopy Min Relative Height: 2.955322265625
  Canopy Max Relative Height: 10.81689453125
  Ground Min Relative Height: 0.0
  Ground Max Relative Height: 0.0
==================================================
Extent ID: 4382003358701978841
  Canopy Photons: 30
  Canopy Min Height: 3644.195068359375
  Canopy Max Height: 3653.741455078125
  Ground Min Height: 3641.811279296875
  Ground Max Height: 3649.67724609375
  Canopy Min Relative Height: 2.337646484375
  Canopy Max Relative Height: 11.884033203125
  Ground Min Relative Height: 0.0
  Ground Max Relative Height: 0.0
==================================================
Extent ID: 4382003358701978605
  Canopy Photons: 0
  Canopy Min Height: None
  Canopy Max Height: None
  Ground Min Height: 3399.2802734375
  Ground Max Height: 3407.753173828125
  Canopy Min Relative Height: None
  Canopy Max Relative Height: None
  Ground Min Relative Height: 0
  Ground Max Relative Height: 0
==================================================
Extent ID: 4382003357628236541
  Canopy Photons: 2
  Canopy Min Height: 2735.1025390625
  Canopy Max Height: 2736.49072265625
  Ground Min Height: 2728.62646484375
  Ground Max Height: 2730.779296875
  Canopy Min Relative Height: 6.18115234375
  Canopy Max Relative Height: 7.5693359375
  Ground Min Relative Height: 0.0
  Ground Max Relative Height: 0.0
==================================================
Extent ID: 4382003357628236784
  Canopy Photons: 19
  Canopy Min Height: 2740.71337890625
  Canopy Max Height: 2747.794677734375
  Ground Min Height: 2738.49658203125
  Ground Max Height: 2740.41357421875
  Canopy Min Relative Height: 2.06640625
  Canopy Max Relative Height: 9.147705078125
  Ground Min Relative Height: 0.0
  Ground Max Relative Height: 0.0
==================================================
Extent ID: 4382003357628235873
  Canopy Photons: 1
  Canopy Min Height: 2710.122802734375
  Canopy Max Height: 2710.122802734375
  Ground Min Height: 2706.90673828125
  Ground Max Height: 2709.086181640625
  Canopy Min Relative Height: 2.760986328125
  Canopy Max Relative Height: 2.760986328125
  Ground Min Relative Height: 0.0
  Ground Max Relative Height: 0.0
==================================================
Extent ID: 4382003358701979097
  Canopy Photons: 24
  Canopy Min Height: 3537.902099609375
  Canopy Max Height: 3546.956787109375
  Ground Min Height: 3534.13134765625
  Ground Max Height: 3543.2861328125
  Canopy Min Relative Height: 2.1044921875
  Canopy Max Relative Height: 11.1591796875
  Ground Min Relative Height: 0.0
  Ground Max Relative Height: 0.0
==================================================
Extent Data Log
==================================================
Site Name: RMNP
Date: 2021-12-25
Ground Offset: 2
Total Photons: 9957
Total Photons Reassigned to Ground: 6135
==================================================
Extent ID: 229684553805989124
  Canopy Photons: 6
  Canopy Min Height: 3233.16162109375
  Canopy Max Height: 3234.493408203125
  Ground Min Height: 3223.65380859375
  Ground Max Height: 3232.811279296875
  Canopy Min Relative Height: 2.15771484375
  Canopy Max Relative Height: 3.489501953125
  Ground Min Relative Height: 0.0
  Ground Max Relative Height: 0.0
==================================================
Extent ID: 229684553805989284
  Canopy Photons: 29
  Canopy Min Height: 2969.4765625
  Canopy Max Height: 2977.8134765625
  Ground Min Height: 2954.987060546875
  Ground Max Height: 2969.242431640625
  Canopy Min Relative Height: 2.223388671875
  Canopy Max Relative Height: 10.560302734375
  Ground Min Relative Height: 0.0
  Ground Max Relative Height: 0.0
==================================================
Extent ID: 229684552732247477
  Canopy Photons: 11
  Canopy Min Height: 2869.6240234375
  Canopy Max Height: 2876.47265625
  Ground Min Height: 2866.5263671875
  Ground Max Height: 2870.3837890625
  Canopy Min Relative Height: 2.000244140625
  Canopy Max Relative Height: 8.848876953125
  Ground Min Relative Height: 0.0
  Ground Max Relative Height: 0.0
==================================================
Extent ID: 229684553805989329
  Canopy Photons: 0
  Canopy Min Height: None
  Canopy Max Height: None
  Ground Min Height: 2886.0927734375
  Ground Max Height: 2899.110595703125
  Canopy Min Relative Height: None
  Canopy Max Relative Height: None
  Ground Min Relative Height: 0
  Ground Max Relative Height: 0
==================================================
Extent ID: 229684553805989065
  Canopy Photons: 0
  Canopy Min Height: None
  Canopy Max Height: None
  Ground Min Height: 3242.312255859375
  Ground Max Height: 3251.359619140625
  Canopy Min Relative Height: None
  Canopy Max Relative Height: None
  Ground Min Relative Height: 0
  Ground Max Relative Height: 0
==================================================
Extent ID: 229684553805989092
  Canopy Photons: 90
  Canopy Min Height: 3217.8115234375
  Canopy Max Height: 3222.85205078125
  Ground Min Height: 3214.749755859375
  Ground Max Height: 3218.097900390625
  Canopy Min Relative Height: 2.0751953125
  Canopy Max Relative Height: 7.11572265625
  Ground Min Relative Height: 0.0
  Ground Max Relative Height: 0.0
==================================================
Extent ID: 229684552732247565
  Canopy Photons: 5
  Canopy Min Height: 2825.419921875
  Canopy Max Height: 2831.55078125
  Ground Min Height: 2822.89404296875
  Ground Max Height: 2825.09228515625
  Canopy Min Relative Height: 2.095947265625
  Canopy Max Relative Height: 8.226806640625
  Ground Min Relative Height: 0.0
  Ground Max Relative Height: 0.0
==================================================
Extent ID: 229684552732247468
  Canopy Photons: 31
  Canopy Min Height: 2890.810302734375
  Canopy Max Height: 2904.844970703125
  Ground Min Height: 2887.27734375
  Ground Max Height: 2890.658935546875
  Canopy Min Relative Height: 2.128662109375
  Canopy Max Relative Height: 16.163330078125
  Ground Min Relative Height: 0.0
  Ground Max Relative Height: 0.0
==================================================
Extent ID: 229684552732247545
  Canopy Photons: 4
  Canopy Min Height: 2825.146484375
  Canopy Max Height: 2831.7705078125
  Ground Min Height: 2822.907470703125
  Ground Max Height: 2825.0078125
  Canopy Min Relative Height: 2.02294921875
  Canopy Max Relative Height: 8.64697265625
  Ground Min Relative Height: 0.0
  Ground Max Relative Height: 0.0
==================================================
Extent ID: 229684552732247284
  Canopy Photons: 26
  Canopy Min Height: 3107.292236328125
  Canopy Max Height: 3114.141357421875
  Ground Min Height: 3102.64111328125
  Ground Max Height: 3106.796630859375
  Canopy Min Relative Height: 2.3720703125
  Canopy Max Relative Height: 9.22119140625
  Ground Min Relative Height: 0.0
  Ground Max Relative Height: 0.0
==================================================
Extent Data Log
==================================================
Site Name: RMNP
Date: 2022-05-25
Ground Offset: 2
Total Photons: 3891
Total Photons Reassigned to Ground: 3276
==================================================
Extent ID: 4382003495067189476
  Canopy Photons: 0
  Canopy Min Height: None
  Canopy Max Height: None
  Ground Min Height: 2734.43408203125
  Ground Max Height: 2737.443603515625
  Canopy Min Relative Height: None
  Canopy Max Relative Height: None
  Ground Min Relative Height: 0.0
  Ground Max Relative Height: 0.0
==================================================
Extent ID: 4382003495067190128
  Canopy Photons: 0
  Canopy Min Height: None
  Canopy Max Height: None
  Ground Min Height: 2735.7568359375
  Ground Max Height: 2736.6640625
  Canopy Min Relative Height: None
  Canopy Max Relative Height: None
  Ground Min Relative Height: 0.0
  Ground Max Relative Height: 0.0
==================================================
Extent ID: 4382003495067190780
  Canopy Photons: 0
  Canopy Min Height: None
  Canopy Max Height: None
  Ground Min Height: 2707.14697265625
  Ground Max Height: 2708.75537109375
  Canopy Min Relative Height: None
  Canopy Max Relative Height: None
  Ground Min Relative Height: 0.0
  Ground Max Relative Height: 0.0
==================================================
Extent ID: 4382003496140931556
  Canopy Photons: 3
  Canopy Min Height: 3204.8720703125
  Canopy Max Height: 3205.436279296875
  Ground Min Height: 3200.493408203125
  Ground Max Height: 3204.606689453125
  Canopy Min Relative Height: 2.1376953125
  Canopy Max Relative Height: 2.701904296875
  Ground Min Relative Height: 0.0
  Ground Max Relative Height: 0.0
==================================================
Extent ID: 4382003495067189780
  Canopy Photons: 0
  Canopy Min Height: None
  Canopy Max Height: None
  Ground Min Height: 2735.794677734375
  Ground Max Height: 2737.3369140625
  Canopy Min Relative Height: None
  Canopy Max Relative Height: None
  Ground Min Relative Height: 0.0
  Ground Max Relative Height: 0.0
==================================================
Extent ID: 4382003495067189960
  Canopy Photons: 0
  Canopy Min Height: None
  Canopy Max Height: None
  Ground Min Height: 2720.43505859375
  Ground Max Height: 2721.386474609375
  Canopy Min Relative Height: None
  Canopy Max Relative Height: None
  Ground Min Relative Height: 0.0
  Ground Max Relative Height: 0.0
==================================================
Extent ID: 4382003495067189468
  Canopy Photons: 0
  Canopy Min Height: None
  Canopy Max Height: None
  Ground Min Height: 2730.19140625
  Ground Max Height: 2732.5712890625
  Canopy Min Relative Height: None
  Canopy Max Relative Height: None
  Ground Min Relative Height: 0.0
  Ground Max Relative Height: 0.0
==================================================
Extent ID: 4382003496140931584
  Canopy Photons: 0
  Canopy Min Height: None
  Canopy Max Height: None
  Ground Min Height: 3225.348876953125
  Ground Max Height: 3227.33447265625
  Canopy Min Relative Height: None
  Canopy Max Relative Height: None
  Ground Min Relative Height: 0.0
  Ground Max Relative Height: 0.0
==================================================
Extent ID: 4382003495067190840
  Canopy Photons: 0
  Canopy Min Height: None
  Canopy Max Height: None
  Ground Min Height: 2715.188720703125
  Ground Max Height: 2715.81689453125
  Canopy Min Relative Height: None
  Canopy Max Relative Height: None
  Ground Min Relative Height: 0.0
  Ground Max Relative Height: 0.0
==================================================
Extent ID: 4382003495067189620
  Canopy Photons: 0
  Canopy Min Height: None
  Canopy Max Height: None
  Ground Min Height: 2766.633056640625
  Ground Max Height: 2767.984375
  Canopy Min Relative Height: None
  Canopy Max Relative Height: None
  Ground Min Relative Height: 0.0
  Ground Max Relative Height: 0.0
==================================================
Extent Data Log
==================================================
Site Name: RMNP
Date: 2022-06-25
Ground Offset: 2
Total Photons: 15287
Total Photons Reassigned to Ground: 5893
==================================================
Extent ID: 229684690171199956
  Canopy Photons: 0
  Canopy Min Height: None
  Canopy Max Height: None
  Ground Min Height: 2875.948974609375
  Ground Max Height: 2891.192626953125
  Canopy Min Relative Height: None
  Canopy Max Relative Height: None
  Ground Min Relative Height: 0
  Ground Max Relative Height: 0
==================================================
Extent ID: 229684690171200729
  Canopy Photons: 10
  Canopy Min Height: 3130.589599609375
  Canopy Max Height: 3136.791259765625
  Ground Min Height: 3123.944580078125
  Ground Max Height: 3129.990234375
  Canopy Min Relative Height: 2.171142578125
  Canopy Max Relative Height: 8.372802734375
  Ground Min Relative Height: 0.0
  Ground Max Relative Height: 0.0
==================================================
Extent ID: 229684690171199505
  Canopy Photons: 26
  Canopy Min Height: 2545.568603515625
  Canopy Max Height: 2553.941650390625
  Ground Min Height: 2540.8408203125
  Ground Max Height: 2544.740478515625
  Canopy Min Relative Height: 2.109375
  Canopy Max Relative Height: 10.482421875
  Ground Min Relative Height: 0.0
  Ground Max Relative Height: 0.0
==================================================
Extent ID: 229684690171199688
  Canopy Photons: 4
  Canopy Min Height: 2626.4658203125
  Canopy Max Height: 2633.281982421875
  Ground Min Height: 2618.158447265625
  Ground Max Height: 2621.7470703125
  Canopy Min Relative Height: 5.357666015625
  Canopy Max Relative Height: 12.173828125
  Ground Min Relative Height: 0.0
  Ground Max Relative Height: 0.0
==================================================
Extent ID: 229684690171199784
  Canopy Photons: 2
  Canopy Min Height: 2652.49951171875
  Canopy Max Height: 2655.181640625
  Ground Min Height: 2649.85009765625
  Ground Max Height: 2654.066162109375
  Canopy Min Relative Height: 2.2470703125
  Canopy Max Relative Height: 4.92919921875
  Ground Min Relative Height: 0.0
  Ground Max Relative Height: 0.0
==================================================
Extent ID: 229684690171200737
  Canopy Photons: 16
  Canopy Min Height: 3119.244873046875
  Canopy Max Height: 3124.476318359375
  Ground Min Height: 3111.99169921875
  Ground Max Height: 3118.264404296875
  Canopy Min Relative Height: 2.63525390625
  Canopy Max Relative Height: 7.86669921875
  Ground Min Relative Height: 0.0
  Ground Max Relative Height: 0.0
==================================================
Extent ID: 229684690171199656
  Canopy Photons: 4
  Canopy Min Height: 2601.650390625
  Canopy Max Height: 2609.162841796875
  Ground Min Height: 2597.128662109375
  Ground Max Height: 2599.45068359375
  Canopy Min Relative Height: 2.97119140625
  Canopy Max Relative Height: 10.483642578125
  Ground Min Relative Height: 0.0
  Ground Max Relative Height: 0.0
==================================================
Extent ID: 229684690171200180
  Canopy Photons: 0
  Canopy Min Height: None
  Canopy Max Height: None
  Ground Min Height: 3120.178955078125
  Ground Max Height: 3140.89892578125
  Canopy Min Relative Height: None
  Canopy Max Relative Height: None
  Ground Min Relative Height: 0
  Ground Max Relative Height: 0
==================================================
Extent ID: 229684690171200909
  Canopy Photons: 31
  Canopy Min Height: 3025.563720703125
  Canopy Max Height: 3036.37890625
  Ground Min Height: 3023.237548828125
  Ground Max Height: 3025.05419921875
  Canopy Min Relative Height: 2.207763671875
  Canopy Max Relative Height: 13.02294921875
  Ground Min Relative Height: 0.0
  Ground Max Relative Height: 0.0
==================================================
Extent ID: 229684690171200488
  Canopy Photons: 6
  Canopy Min Height: 3273.49462890625
  Canopy Max Height: 3277.90283203125
  Ground Min Height: 3266.8232421875
  Ground Max Height: 3273.201171875
  Canopy Min Relative Height: 2.009765625
  Canopy Max Relative Height: 6.41796875
  Ground Min Relative Height: 0.0
  Ground Max Relative Height: 0.0
==================================================
Extent Data Log
==================================================
Site Name: RMNP
Date: 2022-08-24
Ground Offset: 2
Total Photons: 4985
Total Photons Reassigned to Ground: 4124
==================================================
Extent ID: 4382003563786667349
  Canopy Photons: 0
  Canopy Min Height: None
  Canopy Max Height: None
  Ground Min Height: 2638.239990234375
  Ground Max Height: 2639.818115234375
  Canopy Min Relative Height: None
  Canopy Max Relative Height: None
  Ground Min Relative Height: 0.0
  Ground Max Relative Height: 0.0
==================================================
Extent ID: 4382003564860408781
  Canopy Photons: 2
  Canopy Min Height: 3136.117431640625
  Canopy Max Height: 3136.518310546875
  Ground Min Height: 3133.422119140625
  Ground Max Height: 3135.46826171875
  Canopy Min Relative Height: 2.433837890625
  Canopy Max Relative Height: 2.834716796875
  Ground Min Relative Height: 0.0
  Ground Max Relative Height: 0.0
==================================================
Extent ID: 4382003564860407821
  Canopy Photons: 0
  Canopy Min Height: None
  Canopy Max Height: None
  Ground Min Height: 2878.36669921875
  Ground Max Height: 2882.760009765625
  Canopy Min Relative Height: None
  Canopy Max Relative Height: None
  Ground Min Relative Height: 0
  Ground Max Relative Height: 0
==================================================
Extent ID: 4382003563786666149
  Canopy Photons: 0
  Canopy Min Height: None
  Canopy Max Height: None
  Ground Min Height: 2889.217529296875
  Ground Max Height: 2896.5849609375
  Canopy Min Relative Height: None
  Canopy Max Relative Height: None
  Ground Min Relative Height: 0
  Ground Max Relative Height: 0
==================================================
Extent ID: 4382003563786666949
  Canopy Photons: 0
  Canopy Min Height: None
  Canopy Max Height: None
  Ground Min Height: 2678.66748046875
  Ground Max Height: 2680.75146484375
  Canopy Min Relative Height: None
  Canopy Max Relative Height: None
  Ground Min Relative Height: 0.0
  Ground Max Relative Height: 0.0
==================================================
Extent ID: 4382003563786666721
  Canopy Photons: 0
  Canopy Min Height: None
  Canopy Max Height: None
  Ground Min Height: 2860.361083984375
  Ground Max Height: 2864.800537109375
  Canopy Min Relative Height: None
  Canopy Max Relative Height: None
  Ground Min Relative Height: 0.0
  Ground Max Relative Height: 0.0
==================================================
Extent ID: 4382003563786666993
  Canopy Photons: 3
  Canopy Min Height: 2658.91796875
  Canopy Max Height: 2659.237060546875
  Ground Min Height: 2652.690185546875
  Ground Max Height: 2653.4716796875
  Canopy Min Relative Height: 5.906005859375
  Canopy Max Relative Height: 6.22509765625
  Ground Min Relative Height: 0.0
  Ground Max Relative Height: 0.0
==================================================
Extent ID: 4382003563786666221
  Canopy Photons: 11
  Canopy Min Height: 3009.6484375
  Canopy Max Height: 3019.708251953125
  Ground Min Height: 3005.2119140625
  Ground Max Height: 3015.14013671875
  Canopy Min Relative Height: 4.403076171875
  Canopy Max Relative Height: 14.462890625
  Ground Min Relative Height: 0.0
  Ground Max Relative Height: 0.0
==================================================
Extent ID: 4382003564860408497
  Canopy Photons: 0
  Canopy Min Height: None
  Canopy Max Height: None
  Ground Min Height: 2988.80615234375
  Ground Max Height: 2998.936279296875
  Canopy Min Relative Height: None
  Canopy Max Relative Height: None
  Ground Min Relative Height: 0
  Ground Max Relative Height: 0
==================================================
Extent ID: 4382003563786665985
  Canopy Photons: 17
  Canopy Min Height: 2669.4892578125
  Canopy Max Height: 2677.9912109375
  Ground Min Height: 2667.007080078125
  Ground Max Height: 2672.3095703125
  Canopy Min Relative Height: 2.40625
  Canopy Max Relative Height: 10.908203125
  Ground Min Relative Height: 0.0
  Ground Max Relative Height: 0.0
==================================================
Extent Data Log
==================================================
Site Name: RMNP
Date: 2022-11-23
Ground Offset: 2
Total Photons: 69608
Total Photons Reassigned to Ground: 30249
==================================================
Extent ID: 4382003632506143052
  Canopy Photons: 3
  Canopy Min Height: 3224.756591796875
  Canopy Max Height: 3225.6533203125
  Ground Min Height: 3221.275390625
  Ground Max Height: 3223.937255859375
  Canopy Min Relative Height: 2.087646484375
  Canopy Max Relative Height: 2.984375
  Ground Min Relative Height: 0.0
  Ground Max Relative Height: 0.0
==================================================
Extent ID: 4382003632506143440
  Canopy Photons: 5
  Canopy Min Height: 2929.404541015625
  Canopy Max Height: 2939.191162109375
  Ground Min Height: 2925.7578125
  Ground Max Height: 2928.431640625
  Canopy Min Relative Height: 2.457275390625
  Canopy Max Relative Height: 12.243896484375
  Ground Min Relative Height: 0.0
  Ground Max Relative Height: 0.0
==================================================
Extent ID: 4382003632506142892
  Canopy Photons: 0
  Canopy Min Height: None
  Canopy Max Height: None
  Ground Min Height: 3080.984619140625
  Ground Max Height: 3090.989013671875
  Canopy Min Relative Height: None
  Canopy Max Relative Height: None
  Ground Min Relative Height: 0
  Ground Max Relative Height: 0
==================================================
Extent ID: 4382003632506144256
  Canopy Photons: 8
  Canopy Min Height: 2595.27197265625
  Canopy Max Height: 2601.74267578125
  Ground Min Height: 2593.091064453125
  Ground Max Height: 2595.163818359375
  Canopy Min Relative Height: 2.05224609375
  Canopy Max Relative Height: 8.52294921875
  Ground Min Relative Height: 0.0
  Ground Max Relative Height: 0.0
==================================================
Extent ID: 4382003633579886060
  Canopy Photons: 13
  Canopy Min Height: 2950.709716796875
  Canopy Max Height: 2958.054931640625
  Ground Min Height: 2947.99609375
  Ground Max Height: 2952.371337890625
  Canopy Min Relative Height: 2.293212890625
  Canopy Max Relative Height: 9.638427734375
  Ground Min Relative Height: 0.0
  Ground Max Relative Height: 0.0
==================================================
Extent ID: 4382003632506143556
  Canopy Photons: 0
  Canopy Min Height: None
  Canopy Max Height: None
  Ground Min Height: 2855.2724609375
  Ground Max Height: 2862.605712890625
  Canopy Min Relative Height: None
  Canopy Max Relative Height: None
  Ground Min Relative Height: 0
  Ground Max Relative Height: 0
==================================================
Extent ID: 4382003632506144221
  Canopy Photons: 15
  Canopy Min Height: 2581.95263671875
  Canopy Max Height: 2592.246337890625
  Ground Min Height: 2579.4775390625
  Ground Max Height: 2581.833984375
  Canopy Min Relative Height: 2.0234375
  Canopy Max Relative Height: 12.317138671875
  Ground Min Relative Height: 0.0
  Ground Max Relative Height: 0.0
==================================================
Extent ID: 4382003633579885709
  Canopy Photons: 18
  Canopy Min Height: 2972.177734375
  Canopy Max Height: 2986.73291015625
  Ground Min Height: 2964.4130859375
  Ground Max Height: 2971.568115234375
  Canopy Min Relative Height: 2.463623046875
  Canopy Max Relative Height: 17.018798828125
  Ground Min Relative Height: 0.0
  Ground Max Relative Height: 0.0
==================================================
Extent ID: 4382003633579885753
  Canopy Photons: 41
  Canopy Min Height: 3000.479248046875
  Canopy Max Height: 3013.801513671875
  Ground Min Height: 2998.1787109375
  Ground Max Height: 3000.4091796875
  Canopy Min Relative Height: 2.047119140625
  Canopy Max Relative Height: 15.369384765625
  Ground Min Relative Height: 0.0
  Ground Max Relative Height: 0.0
==================================================
Extent ID: 4382003633579885777
  Canopy Photons: 40
  Canopy Min Height: 2998.155517578125
  Canopy Max Height: 3012.896728515625
  Ground Min Height: 2994.65478515625
  Ground Max Height: 2998.05615234375
  Canopy Min Relative Height: 2.079345703125
  Canopy Max Relative Height: 16.820556640625
  Ground Min Relative Height: 0.0
  Ground Max Relative Height: 0.0
==================================================
Extent Data Log
==================================================
Site Name: RMNP
Date: 2022-11-24
Ground Offset: 2
Total Photons: 52054
Total Photons Reassigned to Ground: 33389
==================================================
Extent ID: 4485586408903279764
  Canopy Photons: 29
  Canopy Min Height: 3248.038818359375
  Canopy Max Height: 3253.227294921875
  Ground Min Height: 3244.765625
  Ground Max Height: 3246.682861328125
  Canopy Min Relative Height: 3.228271484375
  Canopy Max Relative Height: 8.416748046875
  Ground Min Relative Height: 0.0
  Ground Max Relative Height: 0.0
==================================================
Extent ID: 4485586408903279396
  Canopy Photons: 0
  Canopy Min Height: None
  Canopy Max Height: None
  Ground Min Height: 3259.9091796875
  Ground Max Height: 3267.236083984375
  Canopy Min Relative Height: None
  Canopy Max Relative Height: None
  Ground Min Relative Height: 0
  Ground Max Relative Height: 0
==================================================
Extent ID: 4485586408903278929
  Canopy Photons: 42
  Canopy Min Height: 3391.419677734375
  Canopy Max Height: 3395.496337890625
  Ground Min Height: 3385.976806640625
  Ground Max Height: 3391.25439453125
  Canopy Min Relative Height: 2.14892578125
  Canopy Max Relative Height: 6.2255859375
  Ground Min Relative Height: 0.0
  Ground Max Relative Height: 0.0
==================================================
Extent ID: 4485586408903280024
  Canopy Photons: 0
  Canopy Min Height: None
  Canopy Max Height: None
  Ground Min Height: 2959.403076171875
  Ground Max Height: 2966.528564453125
  Canopy Min Relative Height: None
  Canopy Max Relative Height: None
  Ground Min Relative Height: 0
  Ground Max Relative Height: 0
==================================================
Extent ID: 4485586408903279121
  Canopy Photons: 14
  Canopy Min Height: 3252.2490234375
  Canopy Max Height: 3255.78369140625
  Ground Min Height: 3249.629150390625
  Ground Max Height: 3252.216552734375
  Canopy Min Relative Height: 2.0185546875
  Canopy Max Relative Height: 5.55322265625
  Ground Min Relative Height: 0.0
  Ground Max Relative Height: 0.0
==================================================
Extent ID: 4485586408903279960
  Canopy Photons: 4
  Canopy Min Height: 3026.60400390625
  Canopy Max Height: 3033.25830078125
  Ground Min Height: 3013.240966796875
  Ground Max Height: 3024.97900390625
  Canopy Min Relative Height: 2.091552734375
  Canopy Max Relative Height: 8.745849609375
  Ground Min Relative Height: 0.0
  Ground Max Relative Height: 0.0
==================================================
Extent ID: 4485586408903278693
  Canopy Photons: 22
  Canopy Min Height: 3208.695068359375
  Canopy Max Height: 3211.0693359375
  Ground Min Height: 3201.36865234375
  Ground Max Height: 3208.425537109375
  Canopy Min Relative Height: 2.045654296875
  Canopy Max Relative Height: 4.419921875
  Ground Min Relative Height: 0.0
  Ground Max Relative Height: 0.0
==================================================
Extent ID: 4485586408903279532
  Canopy Photons: 20
  Canopy Min Height: 3252.709228515625
  Canopy Max Height: 3256.020751953125
  Ground Min Height: 3249.8935546875
  Ground Max Height: 3252.525390625
  Canopy Min Relative Height: 2.063232421875
  Canopy Max Relative Height: 5.374755859375
  Ground Min Relative Height: 0.0
  Ground Max Relative Height: 0.0
==================================================
Extent ID: 4485586408903279369
  Canopy Photons: 2
  Canopy Min Height: 3250.3466796875
  Canopy Max Height: 3250.509033203125
  Ground Min Height: 3238.5048828125
  Ground Max Height: 3240.276123046875
  Canopy Min Relative Height: 11.536865234375
  Canopy Max Relative Height: 11.69921875
  Ground Min Relative Height: 0.0
  Ground Max Relative Height: 0.0
==================================================
Extent ID: 4485586408903279877
  Canopy Photons: 29
  Canopy Min Height: 3108.44384765625
  Canopy Max Height: 3114.564208984375
  Ground Min Height: 3105.246826171875
  Ground Max Height: 3108.240966796875
  Canopy Min Relative Height: 2.0576171875
  Canopy Max Relative Height: 8.177978515625
  Ground Min Relative Height: 0.0
  Ground Max Relative Height: 0.0
==================================================
Extent Data Log
==================================================
Site Name: RMNP
Date: 2023-03-24
Ground Offset: 2
Total Photons: 2715
Total Photons Reassigned to Ground: 2139
==================================================
Extent ID: 229684896329629856
  Canopy Photons: 0
  Canopy Min Height: None
  Canopy Max Height: None
  Ground Min Height: 2842.08203125
  Ground Max Height: 2847.353515625
  Canopy Min Relative Height: None
  Canopy Max Relative Height: None
  Ground Min Relative Height: 0.0
  Ground Max Relative Height: 0.0
==================================================
Extent ID: 229684896329629808
  Canopy Photons: 25
  Canopy Min Height: 2837.238525390625
  Canopy Max Height: 2838.513427734375
  Ground Min Height: 2834.976806640625
  Ground Max Height: 2837.0546875
  Canopy Min Relative Height: 2.00146484375
  Canopy Max Relative Height: 3.2763671875
  Ground Min Relative Height: 0.0
  Ground Max Relative Height: 0.0
==================================================
Extent ID: 229684896329629848
  Canopy Photons: 0
  Canopy Min Height: None
  Canopy Max Height: None
  Ground Min Height: 2850.230712890625
  Ground Max Height: 2855.484130859375
  Canopy Min Relative Height: None
  Canopy Max Relative Height: None
  Ground Min Relative Height: 0
  Ground Max Relative Height: 0
==================================================
Extent ID: 229684896329629804
  Canopy Photons: 18
  Canopy Min Height: 2837.17138671875
  Canopy Max Height: 2838.38818359375
  Ground Min Height: 2834.518798828125
  Ground Max Height: 2837.093017578125
  Canopy Min Relative Height: 2.03125
  Canopy Max Relative Height: 3.248046875
  Ground Min Relative Height: 0.0
  Ground Max Relative Height: 0.0
==================================================
Extent ID: 229684896329629720
  Canopy Photons: 0
  Canopy Min Height: None
  Canopy Max Height: None
  Ground Min Height: 2819.07421875
  Ground Max Height: 2819.97998046875
  Canopy Min Relative Height: None
  Canopy Max Relative Height: None
  Ground Min Relative Height: 0.0
  Ground Max Relative Height: 0.0
==================================================
Extent ID: 229684896329629876
  Canopy Photons: 44
  Canopy Min Height: 2823.14501953125
  Canopy Max Height: 2825.9638671875
  Ground Min Height: 2817.90283203125
  Ground Max Height: 2823.05908203125
  Canopy Min Relative Height: 2.071533203125
  Canopy Max Relative Height: 4.890380859375
  Ground Min Relative Height: 0.0
  Ground Max Relative Height: 0.0
==================================================
Extent ID: 229684896329629760
  Canopy Photons: 0
  Canopy Min Height: None
  Canopy Max Height: None
  Ground Min Height: 2823.095703125
  Ground Max Height: 2825.2373046875
  Canopy Min Relative Height: None
  Canopy Max Relative Height: None
  Ground Min Relative Height: 0.0
  Ground Max Relative Height: 0.0
==================================================
Extent ID: 229684896329629820
  Canopy Photons: 8
  Canopy Min Height: 2840.35009765625
  Canopy Max Height: 2841.574462890625
  Ground Min Height: 2837.901611328125
  Ground Max Height: 2840.131103515625
  Canopy Min Relative Height: 2.19873046875
  Canopy Max Relative Height: 3.423095703125
  Ground Min Relative Height: 0.0
  Ground Max Relative Height: 0.0
==================================================
Extent ID: 229684896329629764
  Canopy Photons: 0
  Canopy Min Height: None
  Canopy Max Height: None
  Ground Min Height: 2823.08056640625
  Ground Max Height: 2825.242919921875
  Canopy Min Relative Height: None
  Canopy Max Relative Height: None
  Ground Min Relative Height: 0.0
  Ground Max Relative Height: 0.0
==================================================
Extent ID: 229684896329629836
  Canopy Photons: 44
  Canopy Min Height: 2849.045166015625
  Canopy Max Height: 2850.63818359375
  Ground Min Height: 2845.718017578125
  Ground Max Height: 2850.167724609375
  Canopy Min Relative Height: 2.0380859375
  Canopy Max Relative Height: 3.631103515625
  Ground Min Relative Height: 0.0
  Ground Max Relative Height: 0.0
==================================================
Extent Data Log
==================================================
Site Name: RMNP
Date: 2023-08-22
Ground Offset: 2
Total Photons: 480
Total Photons Reassigned to Ground: 449
==================================================
Extent ID: 4382003838664573020
  Canopy Photons: 0
  Canopy Min Height: None
  Canopy Max Height: None
  Ground Min Height: 3095.2490234375
  Ground Max Height: 3102.228759765625
  Canopy Min Relative Height: None
  Canopy Max Relative Height: None
  Ground Min Relative Height: 0
  Ground Max Relative Height: 0
==================================================
Extent ID: 4382003838664574472
  Canopy Photons: 0
  Canopy Min Height: None
  Canopy Max Height: None
  Ground Min Height: 3416.156005859375
  Ground Max Height: 3418.535888671875
  Canopy Min Relative Height: None
  Canopy Max Relative Height: None
  Ground Min Relative Height: 0
  Ground Max Relative Height: 0
==================================================
Extent ID: 4382003838664573072
  Canopy Photons: 0
  Canopy Min Height: None
  Canopy Max Height: None
  Ground Min Height: 3081.7509765625
  Ground Max Height: 3085.013427734375
  Canopy Min Relative Height: None
  Canopy Max Relative Height: None
  Ground Min Relative Height: 0
  Ground Max Relative Height: 0
==================================================
Extent ID: 4382003838664574452
  Canopy Photons: 0
  Canopy Min Height: None
  Canopy Max Height: None
  Ground Min Height: 3415.180908203125
  Ground Max Height: 3418.479248046875
  Canopy Min Relative Height: None
  Canopy Max Relative Height: None
  Ground Min Relative Height: 0
  Ground Max Relative Height: 0
==================================================
Extent ID: 4382003838664573364
  Canopy Photons: 0
  Canopy Min Height: None
  Canopy Max Height: None
  Ground Min Height: 3112.775146484375
  Ground Max Height: 3113.68115234375
  Canopy Min Relative Height: None
  Canopy Max Relative Height: None
  Ground Min Relative Height: 0.0
  Ground Max Relative Height: 0.0
==================================================
Extent ID: 4382003838664573368
  Canopy Photons: 0
  Canopy Min Height: None
  Canopy Max Height: None
  Ground Min Height: 3111.9921875
  Ground Max Height: 3113.505615234375
  Canopy Min Relative Height: None
  Canopy Max Relative Height: None
  Ground Min Relative Height: 0.0
  Ground Max Relative Height: 0.0
==================================================
Extent ID: 4382003838664573844
  Canopy Photons: 0
  Canopy Min Height: None
  Canopy Max Height: None
  Ground Min Height: 3251.588134765625
  Ground Max Height: 3253.017822265625
  Canopy Min Relative Height: None
  Canopy Max Relative Height: None
  Ground Min Relative Height: 0
  Ground Max Relative Height: 0
==================================================
Extent ID: 4382003838664574468
  Canopy Photons: 0
  Canopy Min Height: None
  Canopy Max Height: None
  Ground Min Height: 3414.501708984375
  Ground Max Height: 3417.777099609375
  Canopy Min Relative Height: None
  Canopy Max Relative Height: None
  Ground Min Relative Height: 0
  Ground Max Relative Height: 0
==================================================
Extent ID: 4382003838664574456
  Canopy Photons: 0
  Canopy Min Height: None
  Canopy Max Height: None
  Ground Min Height: 3415.251953125
  Ground Max Height: 3418.57373046875
  Canopy Min Relative Height: None
  Canopy Max Relative Height: None
  Ground Min Relative Height: 0
  Ground Max Relative Height: 0
==================================================
Extent ID: 4382003838664574344
  Canopy Photons: 0
  Canopy Min Height: None
  Canopy Max Height: None
  Ground Min Height: 3269.640380859375
  Ground Max Height: 3272.7021484375
  Canopy Min Relative Height: None
  Canopy Max Relative Height: None
  Ground Min Relative Height: 0
  Ground Max Relative Height: 0
==================================================
Extent Data Log
==================================================
Site Name: RMNP
Date: 2023-11-21
Ground Offset: 2
Total Photons: 27180
Total Photons Reassigned to Ground: 13041
==================================================
Extent ID: 4382003907384050140
  Canopy Photons: 5
  Canopy Min Height: 2929.89306640625
  Canopy Max Height: 2930.676025390625
  Ground Min Height: 2927.271728515625
  Ground Max Height: 2929.6748046875
  Canopy Min Relative Height: 2.032958984375
  Canopy Max Relative Height: 2.81591796875
  Ground Min Relative Height: 0.0
  Ground Max Relative Height: 0.0
==================================================
Extent ID: 4382003907384050337
  Canopy Photons: 6
  Canopy Min Height: 2876.39794921875
  Canopy Max Height: 2881.36181640625
  Ground Min Height: 2869.531982421875
  Ground Max Height: 2875.1484375
  Canopy Min Relative Height: 2.76416015625
  Canopy Max Relative Height: 7.72802734375
  Ground Min Relative Height: 0.0
  Ground Max Relative Height: 0.0
==================================================
Extent ID: 4382003907384051257
  Canopy Photons: 60
  Canopy Min Height: 3006.072998046875
  Canopy Max Height: 3013.8212890625
  Ground Min Height: 3003.579345703125
  Ground Max Height: 3006.681396484375
  Canopy Min Relative Height: 2.0009765625
  Canopy Max Relative Height: 9.749267578125
  Ground Min Relative Height: 0.0
  Ground Max Relative Height: 0.0
==================================================
Extent ID: 4382003907384049993
  Canopy Photons: 93
  Canopy Min Height: 3017.29345703125
  Canopy Max Height: 3027.09521484375
  Ground Min Height: 3014.2900390625
  Ground Max Height: 3019.05615234375
  Canopy Min Relative Height: 2.158447265625
  Canopy Max Relative Height: 11.960205078125
  Ground Min Relative Height: 0.0
  Ground Max Relative Height: 0.0
==================================================
Extent ID: 4382003907384051037
  Canopy Photons: 0
  Canopy Min Height: None
  Canopy Max Height: None
  Ground Min Height: 2983.032958984375
  Ground Max Height: 2994.200927734375
  Canopy Min Relative Height: None
  Canopy Max Relative Height: None
  Ground Min Relative Height: 0
  Ground Max Relative Height: 0
==================================================
Extent ID: 4382003907384050365
  Canopy Photons: 52
  Canopy Min Height: 2877.946533203125
  Canopy Max Height: 2884.752685546875
  Ground Min Height: 2875.6474609375
  Ground Max Height: 2878.54638671875
  Canopy Min Relative Height: 2.036376953125
  Canopy Max Relative Height: 8.842529296875
  Ground Min Relative Height: 0.0
  Ground Max Relative Height: 0.0
==================================================
Extent ID: 4382003907384050537
  Canopy Photons: 36
  Canopy Min Height: 2929.245361328125
  Canopy Max Height: 2939.80322265625
  Ground Min Height: 2925.85107421875
  Ground Max Height: 2929.229736328125
  Canopy Min Relative Height: 2.01416015625
  Canopy Max Relative Height: 12.572021484375
  Ground Min Relative Height: 0.0
  Ground Max Relative Height: 0.0
==================================================
Extent ID: 4382003907384050608
  Canopy Photons: 0
  Canopy Min Height: None
  Canopy Max Height: None
  Ground Min Height: 3003.910400390625
  Ground Max Height: 3004.402099609375
  Canopy Min Relative Height: None
  Canopy Max Relative Height: None
  Ground Min Relative Height: 0
  Ground Max Relative Height: 0
==================================================
Extent ID: 4382003907384050845
  Canopy Photons: 66
  Canopy Min Height: 2980.295166015625
  Canopy Max Height: 2992.4248046875
  Ground Min Height: 2977.919189453125
  Ground Max Height: 2980.137451171875
  Canopy Min Relative Height: 2.05078125
  Canopy Max Relative Height: 14.180419921875
  Ground Min Relative Height: 0.0
  Ground Max Relative Height: 0.0
==================================================
Extent ID: 4382003907384050265
  Canopy Photons: 30
  Canopy Min Height: 2901.470458984375
  Canopy Max Height: 2907.67431640625
  Ground Min Height: 2899.333740234375
  Ground Max Height: 2901.443115234375
  Canopy Min Relative Height: 2.011962890625
  Canopy Max Relative Height: 8.2158203125
  Ground Min Relative Height: 0.0
  Ground Max Relative Height: 0.0
==================================================
