Extent Data Log
==================================================
Site Name: WREF
Date: 2019-02-20
Ground Offset: 2
Total Photons: 395
Total Photons Reassigned to Ground: 348
==================================================
Extent ID: 3733484240340255013
  Canopy Photons: 0
  Canopy Min Height: None
  Canopy Max Height: None
  Ground Min Height: 308.89947509765625
  Ground Max Height: 309.6096496582031
  Canopy Min Relative Height: None
  Canopy Max Relative Height: None
  Ground Min Relative Height: 0.0
  Ground Max Relative Height: 0.0
==================================================
Extent ID: 3733484239266514136
  Canopy Photons: 20
  Canopy Min Height: 579.7214965820312
  Canopy Max Height: 582.5977172851562
  Ground Min Height: 575.5926513671875
  Ground Max Height: 581.9580688476562
  Canopy Min Relative Height: 3.77117919921875
  Canopy Max Relative Height: 6.64739990234375
  Ground Min Relative Height: 0.0
  Ground Max Relative Height: 0.0
==================================================
Extent ID: 3733484240340254973
  Canopy Photons: 0
  Canopy Min Height: None
  Canopy Max Height: None
  Ground Min Height: None
  Ground Max Height: None
  Canopy Min Relative Height: None
  Canopy Max Relative Height: None
  Ground Min Relative Height: None
  Ground Max Relative Height: None
==================================================
Extent ID: 3733484240340255033
  Canopy Photons: 0
  Canopy Min Height: None
  Canopy Max Height: None
  Ground Min Height: 309.35302734375
  Ground Max Height: 310.1612243652344
  Canopy Min Relative Height: None
  Canopy Max Relative Height: None
  Ground Min Relative Height: 0.0
  Ground Max Relative Height: 0.0
==================================================
Extent ID: 3733484240340254969
  Canopy Photons: 0
  Canopy Min Height: None
  Canopy Max Height: None
  Ground Min Height: 307.79345703125
  Ground Max Height: 308.22412109375
  Canopy Min Relative Height: None
  Canopy Max Relative Height: None
  Ground Min Relative Height: 0
  Ground Max Relative Height: 0
==================================================
Extent ID: 3733484240340255064
  Canopy Photons: 0
  Canopy Min Height: None
  Canopy Max Height: None
  Ground Min Height: 312.0401916503906
  Ground Max Height: 312.90655517578125
  Canopy Min Relative Height: None
  Canopy Max Relative Height: None
  Ground Min Relative Height: 0.0
  Ground Max Relative Height: 0.0
==================================================
Extent ID: 3733484240340254872
  Canopy Photons: 0
  Canopy Min Height: None
  Canopy Max Height: None
  Ground Min Height: 323.3898010253906
  Ground Max Height: 324.7716064453125
  Canopy Min Relative Height: None
  Canopy Max Relative Height: None
  Ground Min Relative Height: 0.0
  Ground Max Relative Height: 0.0
==================================================
Extent ID: 3733484239266514100
  Canopy Photons: 0
  Canopy Min Height: None
  Canopy Max Height: None
  Ground Min Height: 568.098876953125
  Ground Max Height: 569.8739013671875
  Canopy Min Relative Height: None
  Canopy Max Relative Height: None
  Ground Min Relative Height: 0.0
  Ground Max Relative Height: 0.0
==================================================
Extent ID: 3733484240340254824
  Canopy Photons: 0
  Canopy Min Height: None
  Canopy Max Height: None
  Ground Min Height: 335.8988037109375
  Ground Max Height: 337.24322509765625
  Canopy Min Relative Height: None
  Canopy Max Relative Height: None
  Ground Min Relative Height: 0.0
  Ground Max Relative Height: 0.0
==================================================
Extent ID: 3733484240340254828
  Canopy Photons: 0
  Canopy Min Height: None
  Canopy Max Height: None
  Ground Min Height: 334.60845947265625
  Ground Max Height: 336.1900634765625
  Canopy Min Relative Height: None
  Canopy Max Relative Height: None
  Ground Min Relative Height: 0.0
  Ground Max Relative Height: 0.0
==================================================
Extent Data Log
==================================================
Site Name: WREF
Date: 2019-05-29
Ground Offset: 2
Total Photons: 219
Total Photons Reassigned to Ground: 197
==================================================
Extent ID: 4179340687201796949
  Canopy Photons: 0
  Canopy Min Height: None
  Canopy Max Height: None
  Ground Min Height: 328.7700500488281
  Ground Max Height: 329.2408142089844
  Canopy Min Relative Height: None
  Canopy Max Relative Height: None
  Ground Min Relative Height: 0.0
  Ground Max Relative Height: 0.0
==================================================
Extent ID: 4179340687201796664
  Canopy Photons: 2
  Canopy Min Height: 297.46636962890625
  Canopy Max Height: 297.5458984375
  Ground Min Height: 295.324462890625
  Ground Max Height: 297.179931640625
  Canopy Min Relative Height: 2.136077880859375
  Canopy Max Relative Height: 2.215606689453125
  Ground Min Relative Height: 0.0
  Ground Max Relative Height: 0.0
==================================================
Extent ID: 4179340687201796528
  Canopy Photons: 0
  Canopy Min Height: None
  Canopy Max Height: None
  Ground Min Height: 278.3589172363281
  Ground Max Height: 279.9292907714844
  Canopy Min Relative Height: None
  Canopy Max Relative Height: None
  Ground Min Relative Height: 0.0
  Ground Max Relative Height: 0.0
==================================================
Extent ID: 4179340687201796388
  Canopy Photons: 0
  Canopy Min Height: None
  Canopy Max Height: None
  Ground Min Height: 278.301513671875
  Ground Max Height: 279.0860290527344
  Canopy Min Relative Height: None
  Canopy Max Relative Height: None
  Ground Min Relative Height: 0.0
  Ground Max Relative Height: 0.0
==================================================
Extent ID: 4179340687201796432
  Canopy Photons: 0
  Canopy Min Height: None
  Canopy Max Height: None
  Ground Min Height: 277.526123046875
  Ground Max Height: 278.38104248046875
  Canopy Min Relative Height: None
  Canopy Max Relative Height: None
  Ground Min Relative Height: 0.0
  Ground Max Relative Height: 0.0
==================================================
Extent ID: 4179340687201796520
  Canopy Photons: 0
  Canopy Min Height: None
  Canopy Max Height: None
  Ground Min Height: 279.54571533203125
  Ground Max Height: 280.14031982421875
  Canopy Min Relative Height: None
  Canopy Max Relative Height: None
  Ground Min Relative Height: 0.0
  Ground Max Relative Height: 0.0
==================================================
Extent ID: 4179340687201796484
  Canopy Photons: 2
  Canopy Min Height: 279.60888671875
  Canopy Max Height: 279.8014831542969
  Ground Min Height: 277.4488220214844
  Ground Max Height: 279.4999694824219
  Canopy Min Relative Height: 2.012786865234375
  Canopy Max Relative Height: 2.20538330078125
  Ground Min Relative Height: 0.0
  Ground Max Relative Height: 0.0
==================================================
Extent ID: 4179340687201796516
  Canopy Photons: 0
  Canopy Min Height: None
  Canopy Max Height: None
  Ground Min Height: 279.7410583496094
  Ground Max Height: 280.57830810546875
  Canopy Min Relative Height: None
  Canopy Max Relative Height: None
  Ground Min Relative Height: 0.0
  Ground Max Relative Height: 0.0
==================================================
Extent ID: 4179340687201796420
  Canopy Photons: 0
  Canopy Min Height: None
  Canopy Max Height: None
  Ground Min Height: 276.8060302734375
  Ground Max Height: 277.99072265625
  Canopy Min Relative Height: None
  Canopy Max Relative Height: None
  Ground Min Relative Height: 0.0
  Ground Max Relative Height: 0.0
==================================================
Extent ID: 4179340687201796576
  Canopy Photons: 0
  Canopy Min Height: None
  Canopy Max Height: None
  Ground Min Height: 285.24420166015625
  Ground Max Height: 286.19964599609375
  Canopy Min Relative Height: None
  Canopy Max Relative Height: None
  Ground Min Relative Height: 0.0
  Ground Max Relative Height: 0.0
==================================================
Extent Data Log
==================================================
Site Name: WREF
Date: 2019-08-21
Ground Offset: 2
Total Photons: 27060
Total Photons Reassigned to Ground: 15693
==================================================
Extent ID: 3733484377779208252
  Canopy Photons: 0
  Canopy Min Height: None
  Canopy Max Height: None
  Ground Min Height: 346.26007080078125
  Ground Max Height: 397.8624267578125
  Canopy Min Relative Height: None
  Canopy Max Relative Height: None
  Ground Min Relative Height: 0
  Ground Max Relative Height: 0
==================================================
Extent ID: 3733484376705466561
  Canopy Photons: 0
  Canopy Min Height: None
  Canopy Max Height: None
  Ground Min Height: 653.9385986328125
  Ground Max Height: 688.9159545898438
  Canopy Min Relative Height: None
  Canopy Max Relative Height: None
  Ground Min Relative Height: 0
  Ground Max Relative Height: 0
==================================================
Extent ID: 3733484376705467109
  Canopy Photons: 0
  Canopy Min Height: None
  Canopy Max Height: None
  Ground Min Height: 386.1467590332031
  Ground Max Height: 428.9935302734375
  Canopy Min Relative Height: None
  Canopy Max Relative Height: None
  Ground Min Relative Height: 0
  Ground Max Relative Height: 0
==================================================
Extent ID: 3733484377779209120
  Canopy Photons: 0
  Canopy Min Height: None
  Canopy Max Height: None
  Ground Min Height: 267.9019775390625
  Ground Max Height: 313.9031982421875
  Canopy Min Relative Height: None
  Canopy Max Relative Height: None
  Ground Min Relative Height: 0
  Ground Max Relative Height: 0
==================================================
Extent ID: 3733484376705467205
  Canopy Photons: 0
  Canopy Min Height: None
  Canopy Max Height: None
  Ground Min Height: 390.3848571777344
  Ground Max Height: 444.07244873046875
  Canopy Min Relative Height: None
  Canopy Max Relative Height: None
  Ground Min Relative Height: 0
  Ground Max Relative Height: 0
==================================================
Extent ID: 3733484376705466440
  Canopy Photons: 22
  Canopy Min Height: 606.0894775390625
  Canopy Max Height: 622.0174560546875
  Ground Min Height: 603.5116577148438
  Ground Max Height: 610.192138671875
  Canopy Min Relative Height: 2.0740966796875
  Canopy Max Relative Height: 18.0020751953125
  Ground Min Relative Height: 0.0
  Ground Max Relative Height: 0.0
==================================================
Extent ID: 3733484376705467341
  Canopy Photons: 0
  Canopy Min Height: None
  Canopy Max Height: None
  Ground Min Height: 417.6915588378906
  Ground Max Height: 463.92279052734375
  Canopy Min Relative Height: None
  Canopy Max Relative Height: None
  Ground Min Relative Height: 0
  Ground Max Relative Height: 0
==================================================
Extent ID: 3733484376705467680
  Canopy Photons: 0
  Canopy Min Height: None
  Canopy Max Height: None
  Ground Min Height: 484.86431884765625
  Ground Max Height: 515.347900390625
  Canopy Min Relative Height: None
  Canopy Max Relative Height: None
  Ground Min Relative Height: 0
  Ground Max Relative Height: 0
==================================================
Extent ID: 3733484377779208228
  Canopy Photons: 18
  Canopy Min Height: 387.8907470703125
  Canopy Max Height: 415.431884765625
  Ground Min Height: 384.4906005859375
  Ground Max Height: 387.4504089355469
  Canopy Min Relative Height: 2.163848876953125
  Canopy Max Relative Height: 29.704986572265625
  Ground Min Relative Height: 0.0
  Ground Max Relative Height: 0.0
==================================================
Extent ID: 3733484376705466736
  Canopy Photons: 0
  Canopy Min Height: None
  Canopy Max Height: None
  Ground Min Height: 585.4896240234375
  Ground Max Height: 629.46337890625
  Canopy Min Relative Height: None
  Canopy Max Relative Height: None
  Ground Min Relative Height: 0
  Ground Max Relative Height: 0
==================================================
Extent Data Log
==================================================
Site Name: WREF
Date: 2020-02-19
Ground Offset: 2
Total Photons: 1194
Total Photons Reassigned to Ground: 1076
==================================================
Extent ID: 3733484513070678440
  Canopy Photons: 0
  Canopy Min Height: None
  Canopy Max Height: None
  Ground Min Height: 311.0045471191406
  Ground Max Height: 311.7102966308594
  Canopy Min Relative Height: None
  Canopy Max Relative Height: None
  Ground Min Relative Height: 0.0
  Ground Max Relative Height: 0.0
==================================================
Extent ID: 3733484513070679061
  Canopy Photons: 0
  Canopy Min Height: None
  Canopy Max Height: None
  Ground Min Height: 290.04913330078125
  Ground Max Height: 291.6181335449219
  Canopy Min Relative Height: None
  Canopy Max Relative Height: None
  Ground Min Relative Height: 0.0
  Ground Max Relative Height: 0.0
==================================================
Extent ID: 3733484513070679313
  Canopy Photons: 0
  Canopy Min Height: None
  Canopy Max Height: None
  Ground Min Height: 281.31341552734375
  Ground Max Height: 282.59210205078125
  Canopy Min Relative Height: None
  Canopy Max Relative Height: None
  Ground Min Relative Height: 0.0
  Ground Max Relative Height: 0.0
==================================================
Extent ID: 3733484513070678600
  Canopy Photons: 0
  Canopy Min Height: None
  Canopy Max Height: None
  Ground Min Height: 326.1508483886719
  Ground Max Height: 327.1156311035156
  Canopy Min Relative Height: None
  Canopy Max Relative Height: None
  Ground Min Relative Height: 0.0
  Ground Max Relative Height: 0.0
==================================================
Extent ID: 3733484513070679281
  Canopy Photons: 0
  Canopy Min Height: None
  Canopy Max Height: None
  Ground Min Height: 279.561279296875
  Ground Max Height: 281.3037414550781
  Canopy Min Relative Height: None
  Canopy Max Relative Height: None
  Ground Min Relative Height: 0.0
  Ground Max Relative Height: 0.0
==================================================
Extent ID: 3733484513070678597
  Canopy Photons: 0
  Canopy Min Height: None
  Canopy Max Height: None
  Ground Min Height: 326.97479248046875
  Ground Max Height: 329.1354064941406
  Canopy Min Relative Height: None
  Canopy Max Relative Height: None
  Ground Min Relative Height: 0.0
  Ground Max Relative Height: 0.0
==================================================
Extent ID: 3733484514144420437
  Canopy Photons: 13
  Canopy Min Height: 640.9642333984375
  Canopy Max Height: 644.3738403320312
  Ground Min Height: 637.6641235351562
  Ground Max Height: 641.4414672851562
  Canopy Min Relative Height: 2.6727294921875
  Canopy Max Relative Height: 6.08233642578125
  Ground Min Relative Height: 0.0
  Ground Max Relative Height: 0.0
==================================================
Extent ID: 3733484513070679289
  Canopy Photons: 0
  Canopy Min Height: None
  Canopy Max Height: None
  Ground Min Height: 280.6189880371094
  Ground Max Height: 281.3746337890625
  Canopy Min Relative Height: None
  Canopy Max Relative Height: None
  Ground Min Relative Height: 0.0
  Ground Max Relative Height: 0.0
==================================================
Extent ID: 3733484513070679209
  Canopy Photons: 0
  Canopy Min Height: None
  Canopy Max Height: None
  Ground Min Height: 277.266845703125
  Ground Max Height: 278.56695556640625
  Canopy Min Relative Height: None
  Canopy Max Relative Height: None
  Ground Min Relative Height: 0.0
  Ground Max Relative Height: 0.0
==================================================
Extent ID: 3733484513070679145
  Canopy Photons: 0
  Canopy Min Height: None
  Canopy Max Height: None
  Ground Min Height: 286.252685546875
  Ground Max Height: 286.83917236328125
  Canopy Min Relative Height: None
  Canopy Max Relative Height: None
  Ground Min Relative Height: 0.0
  Ground Max Relative Height: 0.0
==================================================
Extent Data Log
==================================================
Site Name: WREF
Date: 2020-02-25
Ground Offset: 2
Total Photons: 32788
Total Photons Reassigned to Ground: 18600
==================================================
Extent ID: 4179340894433969360
  Canopy Photons: 0
  Canopy Min Height: None
  Canopy Max Height: None
  Ground Min Height: 676.0451049804688
  Ground Max Height: 700.6375732421875
  Canopy Min Relative Height: None
  Canopy Max Relative Height: None
  Ground Min Relative Height: 0
  Ground Max Relative Height: 0
==================================================
Extent ID: 4179340894433968365
  Canopy Photons: 18
  Canopy Min Height: 630.0151977539062
  Canopy Max Height: 653.4772338867188
  Ground Min Height: 627.1923217773438
  Ground Max Height: 629.3099365234375
  Canopy Min Relative Height: 2.304931640625
  Canopy Max Relative Height: 25.7669677734375
  Ground Min Relative Height: 0.0
  Ground Max Relative Height: 0.0
==================================================
Extent ID: 4179340894433968276
  Canopy Photons: 5
  Canopy Min Height: 562.1431274414062
  Canopy Max Height: 569.1279296875
  Ground Min Height: 559.208251953125
  Ground Max Height: 561.34326171875
  Canopy Min Relative Height: 2.6776123046875
  Canopy Max Relative Height: 9.66241455078125
  Ground Min Relative Height: 0.0
  Ground Max Relative Height: 0.0
==================================================
Extent ID: 4179340893360227888
  Canopy Photons: 0
  Canopy Min Height: None
  Canopy Max Height: None
  Ground Min Height: 466.0943298339844
  Ground Max Height: 495.3667907714844
  Canopy Min Relative Height: None
  Canopy Max Relative Height: None
  Ground Min Relative Height: 0
  Ground Max Relative Height: 0
==================================================
Extent ID: 4179340894433968925
  Canopy Photons: 0
  Canopy Min Height: None
  Canopy Max Height: None
  Ground Min Height: 505.237060546875
  Ground Max Height: 544.7360229492188
  Canopy Min Relative Height: None
  Canopy Max Relative Height: None
  Ground Min Relative Height: 0
  Ground Max Relative Height: 0
==================================================
Extent ID: 4179340894433969692
  Canopy Photons: 0
  Canopy Min Height: None
  Canopy Max Height: None
  Ground Min Height: 653.0203247070312
  Ground Max Height: 693.8886108398438
  Canopy Min Relative Height: None
  Canopy Max Relative Height: None
  Ground Min Relative Height: 0
  Ground Max Relative Height: 0
==================================================
Extent ID: 4179340893360226625
  Canopy Photons: 0
  Canopy Min Height: None
  Canopy Max Height: None
  Ground Min Height: 280.0172119140625
  Ground Max Height: 395.8598937988281
  Canopy Min Relative Height: None
  Canopy Max Relative Height: None
  Ground Min Relative Height: 0
  Ground Max Relative Height: 0
==================================================
Extent ID: 4179340894433969616
  Canopy Photons: 18
  Canopy Min Height: 849.7174682617188
  Canopy Max Height: 872.843994140625
  Ground Min Height: 838.0272216796875
  Ground Max Height: 847.5205078125
  Canopy Min Relative Height: 2.46063232421875
  Canopy Max Relative Height: 25.587158203125
  Ground Min Relative Height: 0.0
  Ground Max Relative Height: 0.0
==================================================
Extent ID: 4179340893360226876
  Canopy Photons: 0
  Canopy Min Height: None
  Canopy Max Height: None
  Ground Min Height: 365.9051513671875
  Ground Max Height: 407.2436828613281
  Canopy Min Relative Height: None
  Canopy Max Relative Height: None
  Ground Min Relative Height: 0
  Ground Max Relative Height: 0
==================================================
Extent ID: 4179340893360227021
  Canopy Photons: 0
  Canopy Min Height: None
  Canopy Max Height: None
  Ground Min Height: 332.4880065917969
  Ground Max Height: 464.341796875
  Canopy Min Relative Height: None
  Canopy Max Relative Height: None
  Ground Min Relative Height: 0
  Ground Max Relative Height: 0
==================================================
Extent Data Log
==================================================
Site Name: WREF
Date: 2020-08-18
Ground Offset: 2
Total Photons: 1367
Total Photons Reassigned to Ground: 957
==================================================
Extent ID: 3733484651583374380
  Canopy Photons: 0
  Canopy Min Height: None
  Canopy Max Height: None
  Ground Min Height: 273.31414794921875
  Ground Max Height: 273.7642822265625
  Canopy Min Relative Height: None
  Canopy Max Relative Height: None
  Ground Min Relative Height: 0.0
  Ground Max Relative Height: 0.0
==================================================
Extent ID: 3733484651583374529
  Canopy Photons: 0
  Canopy Min Height: None
  Canopy Max Height: None
  Ground Min Height: 288.5429382324219
  Ground Max Height: 289.0304260253906
  Canopy Min Relative Height: None
  Canopy Max Relative Height: None
  Ground Min Relative Height: 0.0
  Ground Max Relative Height: 0.0
==================================================
Extent ID: 3733484650509632756
  Canopy Photons: 0
  Canopy Min Height: None
  Canopy Max Height: None
  Ground Min Height: 616.8156127929688
  Ground Max Height: 618.2525634765625
  Canopy Min Relative Height: None
  Canopy Max Relative Height: None
  Ground Min Relative Height: 0.0
  Ground Max Relative Height: 0.0
==================================================
Extent ID: 3733484651583374528
  Canopy Photons: 0
  Canopy Min Height: None
  Canopy Max Height: None
  Ground Min Height: 287.78753662109375
  Ground Max Height: 288.1318664550781
  Canopy Min Relative Height: None
  Canopy Max Relative Height: None
  Ground Min Relative Height: 0.0
  Ground Max Relative Height: 0.0
==================================================
Extent ID: 3733484650509632604
  Canopy Photons: 5
  Canopy Min Height: 584.0584716796875
  Canopy Max Height: 589.3399658203125
  Ground Min Height: 580.9215087890625
  Ground Max Height: 582.8426513671875
  Canopy Min Relative Height: 2.9613037109375
  Canopy Max Relative Height: 8.2427978515625
  Ground Min Relative Height: 0.0
  Ground Max Relative Height: 0.0
==================================================
Extent ID: 3733484651583373792
  Canopy Photons: 0
  Canopy Min Height: None
  Canopy Max Height: None
  Ground Min Height: 316.1026916503906
  Ground Max Height: 317.2189025878906
  Canopy Min Relative Height: None
  Canopy Max Relative Height: None
  Ground Min Relative Height: 0.0
  Ground Max Relative Height: 0.0
==================================================
Extent ID: 3733484650509632724
  Canopy Photons: 0
  Canopy Min Height: None
  Canopy Max Height: None
  Ground Min Height: 609.4669189453125
  Ground Max Height: 610.5160522460938
  Canopy Min Relative Height: None
  Canopy Max Relative Height: None
  Ground Min Relative Height: 0.0
  Ground Max Relative Height: 0.0
==================================================
Extent ID: 3733484650509632968
  Canopy Photons: 0
  Canopy Min Height: None
  Canopy Max Height: None
  Ground Min Height: 517.5565795898438
  Ground Max Height: 521.3895874023438
  Canopy Min Relative Height: None
  Canopy Max Relative Height: None
  Ground Min Relative Height: 0.0
  Ground Max Relative Height: 0.0
==================================================
Extent ID: 3733484651583373701
  Canopy Photons: 0
  Canopy Min Height: None
  Canopy Max Height: None
  Ground Min Height: 300.3004455566406
  Ground Max Height: 300.60260009765625
  Canopy Min Relative Height: None
  Canopy Max Relative Height: None
  Ground Min Relative Height: 0.0
  Ground Max Relative Height: 0.0
==================================================
Extent ID: 3733484651583373652
  Canopy Photons: 0
  Canopy Min Height: None
  Canopy Max Height: None
  Ground Min Height: 318.02557373046875
  Ground Max Height: 318.8442077636719
  Canopy Min Relative Height: None
  Canopy Max Relative Height: None
  Ground Min Relative Height: 0.0
  Ground Max Relative Height: 0.0
==================================================
Extent Data Log
==================================================
Site Name: WREF
Date: 2020-08-25
Ground Offset: 2
Total Photons: 24669
Total Photons Reassigned to Ground: 14932
==================================================
Extent ID: 4179341031872922400
  Canopy Photons: 24
  Canopy Min Height: 502.7424621582031
  Canopy Max Height: 527.7958984375
  Ground Min Height: 500.36322021484375
  Ground Max Height: 501.9349365234375
  Canopy Min Relative Height: 2.122406005859375
  Canopy Max Relative Height: 27.17584228515625
  Ground Min Relative Height: 0.0
  Ground Max Relative Height: 0.0
==================================================
Extent ID: 4179341030799180340
  Canopy Photons: 28
  Canopy Min Height: 297.1923522949219
  Canopy Max Height: 317.51824951171875
  Ground Min Height: 293.5445861816406
  Ground Max Height: 294.5445556640625
  Canopy Min Relative Height: 3.569366455078125
  Canopy Max Relative Height: 23.895263671875
  Ground Min Relative Height: 0.0
  Ground Max Relative Height: 0.0
==================================================
Extent ID: 4179341030799180860
  Canopy Photons: 21
  Canopy Min Height: 321.1163024902344
  Canopy Max Height: 345.6336975097656
  Ground Min Height: 317.8558654785156
  Ground Max Height: 321.0020751953125
  Canopy Min Relative Height: 2.045318603515625
  Canopy Max Relative Height: 26.562713623046875
  Ground Min Relative Height: 0.0
  Ground Max Relative Height: 0.0
==================================================
Extent ID: 4179341030799180581
  Canopy Photons: 0
  Canopy Min Height: None
  Canopy Max Height: None
  Ground Min Height: 327.54827880859375
  Ground Max Height: 355.7352294921875
  Canopy Min Relative Height: None
  Canopy Max Relative Height: None
  Ground Min Relative Height: 0
  Ground Max Relative Height: 0
==================================================
Extent ID: 4179341031872921948
  Canopy Photons: 21
  Canopy Min Height: 670.1514282226562
  Canopy Max Height: 691.4699096679688
  Ground Min Height: 665.5460815429688
  Ground Max Height: 666.4241333007812
  Canopy Min Relative Height: 4.385009765625
  Canopy Max Relative Height: 25.7034912109375
  Ground Min Relative Height: 0.0
  Ground Max Relative Height: 0.0
==================================================
Extent ID: 4179341030799181168
  Canopy Photons: 9
  Canopy Min Height: 502.5766296386719
  Canopy Max Height: 529.5267944335938
  Ground Min Height: 495.6694641113281
  Ground Max Height: 501.42333984375
  Canopy Min Relative Height: 2.439544677734375
  Canopy Max Relative Height: 29.38970947265625
  Ground Min Relative Height: 0.0
  Ground Max Relative Height: 0.0
==================================================
Extent ID: 4179341030799180300
  Canopy Photons: 0
  Canopy Min Height: None
  Canopy Max Height: None
  Ground Min Height: 289.11004638671875
  Ground Max Height: 328.9222717285156
  Canopy Min Relative Height: None
  Canopy Max Relative Height: None
  Ground Min Relative Height: 0
  Ground Max Relative Height: 0
==================================================
Extent ID: 4179341030799180144
  Canopy Photons: 0
  Canopy Min Height: None
  Canopy Max Height: None
  Ground Min Height: 278.2472839355469
  Ground Max Height: 279.8505554199219
  Canopy Min Relative Height: None
  Canopy Max Relative Height: None
  Ground Min Relative Height: 0.0
  Ground Max Relative Height: 0.0
==================================================
Extent ID: 4179341030799180892
  Canopy Photons: 0
  Canopy Min Height: None
  Canopy Max Height: None
  Ground Min Height: 349.06243896484375
  Ground Max Height: 374.9253234863281
  Canopy Min Relative Height: None
  Canopy Max Relative Height: None
  Ground Min Relative Height: 0
  Ground Max Relative Height: 0
==================================================
Extent ID: 4179341031872922452
  Canopy Photons: 17
  Canopy Min Height: 491.0968322753906
  Canopy Max Height: 515.7030029296875
  Ground Min Height: 486.463623046875
  Ground Max Height: 487.3586120605469
  Canopy Min Relative Height: 4.401519775390625
  Canopy Max Relative Height: 29.0076904296875
  Ground Min Relative Height: 0.0
  Ground Max Relative Height: 0.0
==================================================
Extent Data Log
==================================================
Site Name: WREF
Date: 2020-11-23
Ground Offset: 2
Total Photons: 1656
Total Photons Reassigned to Ground: 1280
==================================================
Extent ID: 4179341101666140268
  Canopy Photons: 8
  Canopy Min Height: 567.4205932617188
  Canopy Max Height: 570.177734375
  Ground Min Height: 564.6040649414062
  Ground Max Height: 566.7728271484375
  Canopy Min Relative Height: 2.37481689453125
  Canopy Max Relative Height: 5.1319580078125
  Ground Min Relative Height: 0.0
  Ground Max Relative Height: 0.0
==================================================
Extent ID: 4179341101666141077
  Canopy Photons: 0
  Canopy Min Height: None
  Canopy Max Height: None
  Ground Min Height: 513.9834594726562
  Ground Max Height: 514.5114135742188
  Canopy Min Relative Height: None
  Canopy Max Relative Height: None
  Ground Min Relative Height: 0.0
  Ground Max Relative Height: 0.0
==================================================
Extent ID: 4179341099518657920
  Canopy Photons: 0
  Canopy Min Height: None
  Canopy Max Height: None
  Ground Min Height: 297.01275634765625
  Ground Max Height: 298.1160888671875
  Canopy Min Relative Height: None
  Canopy Max Relative Height: None
  Ground Min Relative Height: 0.0
  Ground Max Relative Height: 0.0
==================================================
Extent ID: 4179341101666141216
  Canopy Photons: 0
  Canopy Min Height: None
  Canopy Max Height: None
  Ground Min Height: 592.2160034179688
  Ground Max Height: 598.3978271484375
  Canopy Min Relative Height: None
  Canopy Max Relative Height: None
  Ground Min Relative Height: 0
  Ground Max Relative Height: 0
==================================================
Extent ID: 4179341099518657876
  Canopy Photons: 6
  Canopy Min Height: 296.79107666015625
  Canopy Max Height: 297.31719970703125
  Ground Min Height: 291.27276611328125
  Ground Max Height: 292.5529479980469
  Canopy Min Relative Height: 5.0252685546875
  Canopy Max Relative Height: 5.5513916015625
  Ground Min Relative Height: 0.0
  Ground Max Relative Height: 0.0
==================================================
Extent ID: 4179341101666140576
  Canopy Photons: 10
  Canopy Min Height: 838.0577392578125
  Canopy Max Height: 842.8432006835938
  Ground Min Height: 827.0379028320312
  Ground Max Height: 837.5303955078125
  Canopy Min Relative Height: 2.4801025390625
  Canopy Max Relative Height: 7.26556396484375
  Ground Min Relative Height: 0.0
  Ground Max Relative Height: 0.0
==================================================
Extent ID: 4179341101666141172
  Canopy Photons: 0
  Canopy Min Height: None
  Canopy Max Height: None
  Ground Min Height: 527.25
  Ground Max Height: 528.1229248046875
  Canopy Min Relative Height: None
  Canopy Max Relative Height: None
  Ground Min Relative Height: 0.0
  Ground Max Relative Height: 0.0
==================================================
Extent ID: 4179341099518657952
  Canopy Photons: 0
  Canopy Min Height: None
  Canopy Max Height: None
  Ground Min Height: 300.17681884765625
  Ground Max Height: 301.7872619628906
  Canopy Min Relative Height: None
  Canopy Max Relative Height: None
  Ground Min Relative Height: 0.0
  Ground Max Relative Height: 0.0
==================================================
Extent ID: 4179341101666140564
  Canopy Photons: 0
  Canopy Min Height: None
  Canopy Max Height: None
  Ground Min Height: 800.7682495117188
  Ground Max Height: 820.2928466796875
  Canopy Min Relative Height: None
  Canopy Max Relative Height: None
  Ground Min Relative Height: 0
  Ground Max Relative Height: 0
==================================================
Extent ID: 4179341101666141320
  Canopy Photons: 0
  Canopy Min Height: None
  Canopy Max Height: None
  Ground Min Height: 609.2494506835938
  Ground Max Height: 611.2947998046875
  Canopy Min Relative Height: None
  Canopy Max Relative Height: None
  Ground Min Relative Height: 0.0
  Ground Max Relative Height: 0.0
==================================================
Extent Data Log
==================================================
Site Name: WREF
Date: 2021-08-16
Ground Offset: 2
Total Photons: 1323
Total Photons Reassigned to Ground: 1116
==================================================
Extent ID: 3733484926461281437
  Canopy Photons: 4
  Canopy Min Height: 476.5549621582031
  Canopy Max Height: 479.75042724609375
  Ground Min Height: 473.2207336425781
  Ground Max Height: 475.4903564453125
  Canopy Min Relative Height: 2.98968505859375
  Canopy Max Relative Height: 6.185150146484375
  Ground Min Relative Height: 0.0
  Ground Max Relative Height: 0.0
==================================================
Extent ID: 3733484927535022241
  Canopy Photons: 0
  Canopy Min Height: None
  Canopy Max Height: None
  Ground Min Height: 306.2911682128906
  Ground Max Height: 307.3718566894531
  Canopy Min Relative Height: None
  Canopy Max Relative Height: None
  Ground Min Relative Height: 0.0
  Ground Max Relative Height: 0.0
==================================================
Extent ID: 3733484926461281385
  Canopy Photons: 0
  Canopy Min Height: None
  Canopy Max Height: None
  Ground Min Height: 457.97509765625
  Ground Max Height: 459.1094665527344
  Canopy Min Relative Height: None
  Canopy Max Relative Height: None
  Ground Min Relative Height: 0.0
  Ground Max Relative Height: 0.0
==================================================
Extent ID: 3733484927535022245
  Canopy Photons: 0
  Canopy Min Height: None
  Canopy Max Height: None
  Ground Min Height: 305.8658447265625
  Ground Max Height: 307.4913024902344
  Canopy Min Relative Height: None
  Canopy Max Relative Height: None
  Ground Min Relative Height: 0.0
  Ground Max Relative Height: 0.0
==================================================
Extent ID: 3733484927535023145
  Canopy Photons: 0
  Canopy Min Height: None
  Canopy Max Height: None
  Ground Min Height: 283.6419677734375
  Ground Max Height: 284.43743896484375
  Canopy Min Relative Height: None
  Canopy Max Relative Height: None
  Ground Min Relative Height: 0.0
  Ground Max Relative Height: 0.0
==================================================
Extent ID: 3733484927535023033
  Canopy Photons: 0
  Canopy Min Height: None
  Canopy Max Height: None
  Ground Min Height: 280.6110534667969
  Ground Max Height: 281.9928283691406
  Canopy Min Relative Height: None
  Canopy Max Relative Height: None
  Ground Min Relative Height: 0
  Ground Max Relative Height: 0
==================================================
Extent ID: 3733484927535022277
  Canopy Photons: 0
  Canopy Min Height: None
  Canopy Max Height: None
  Ground Min Height: 303.24847412109375
  Ground Max Height: 304.0357971191406
  Canopy Min Relative Height: None
  Canopy Max Relative Height: None
  Ground Min Relative Height: 0.0
  Ground Max Relative Height: 0.0
==================================================
Extent ID: 3733484927535022329
  Canopy Photons: 0
  Canopy Min Height: None
  Canopy Max Height: None
  Ground Min Height: 299.7621154785156
  Ground Max Height: 300.9697570800781
  Canopy Min Relative Height: None
  Canopy Max Relative Height: None
  Ground Min Relative Height: 0.0
  Ground Max Relative Height: 0.0
==================================================
Extent ID: 3733484927535022341
  Canopy Photons: 3
  Canopy Min Height: 297.2322998046875
  Canopy Max Height: 300.7868347167969
  Ground Min Height: 294.9251708984375
  Ground Max Height: 296.8186340332031
  Canopy Min Relative Height: 2.261077880859375
  Canopy Max Relative Height: 5.81561279296875
  Ground Min Relative Height: 0.0
  Ground Max Relative Height: 0.0
==================================================
Extent ID: 3733484927535022965
  Canopy Photons: 0
  Canopy Min Height: None
  Canopy Max Height: None
  Ground Min Height: 266.7314453125
  Ground Max Height: 267.8724365234375
  Canopy Min Relative Height: None
  Canopy Max Relative Height: None
  Ground Min Relative Height: 0.0
  Ground Max Relative Height: 0.0
==================================================
Extent Data Log
==================================================
Site Name: WREF
Date: 2021-08-23
Ground Offset: 2
Total Photons: 23686
Total Photons Reassigned to Ground: 14958
==================================================
Extent ID: 4179341306750828661
  Canopy Photons: 0
  Canopy Min Height: None
  Canopy Max Height: None
  Ground Min Height: 545.0307006835938
  Ground Max Height: 561.1337280273438
  Canopy Min Relative Height: None
  Canopy Max Relative Height: None
  Ground Min Relative Height: 0
  Ground Max Relative Height: 0
==================================================
Extent ID: 4179341305677086793
  Canopy Photons: 0
  Canopy Min Height: None
  Canopy Max Height: None
  Ground Min Height: 536.9686889648438
  Ground Max Height: 577.8259887695312
  Canopy Min Relative Height: None
  Canopy Max Relative Height: None
  Ground Min Relative Height: 0
  Ground Max Relative Height: 0
==================================================
Extent ID: 4179341305677087645
  Canopy Photons: 26
  Canopy Min Height: 338.61248779296875
  Canopy Max Height: 363.8860168457031
  Ground Min Height: 334.2842102050781
  Ground Max Height: 335.3721923828125
  Canopy Min Relative Height: 4.09661865234375
  Canopy Max Relative Height: 29.370147705078125
  Ground Min Relative Height: 0.0
  Ground Max Relative Height: 0.0
==================================================
Extent ID: 4179341305677086836
  Canopy Photons: 0
  Canopy Min Height: None
  Canopy Max Height: None
  Ground Min Height: 471.4993591308594
  Ground Max Height: 522.59716796875
  Canopy Min Relative Height: None
  Canopy Max Relative Height: None
  Ground Min Relative Height: 0
  Ground Max Relative Height: 0
==================================================
Extent ID: 4179341305677086773
  Canopy Photons: 0
  Canopy Min Height: None
  Canopy Max Height: None
  Ground Min Height: 556.5931396484375
  Ground Max Height: 593.5400390625
  Canopy Min Relative Height: None
  Canopy Max Relative Height: None
  Ground Min Relative Height: 0
  Ground Max Relative Height: 0
==================================================
Extent ID: 4179341306750829696
  Canopy Photons: 0
  Canopy Min Height: None
  Canopy Max Height: None
  Ground Min Height: 658.9527587890625
  Ground Max Height: 679.9307250976562
  Canopy Min Relative Height: None
  Canopy Max Relative Height: None
  Ground Min Relative Height: 0
  Ground Max Relative Height: 0
==================================================
Extent ID: 4179341306750829253
  Canopy Photons: 0
  Canopy Min Height: None
  Canopy Max Height: None
  Ground Min Height: 508.6592102050781
  Ground Max Height: 531.0440063476562
  Canopy Min Relative Height: None
  Canopy Max Relative Height: None
  Ground Min Relative Height: 0
  Ground Max Relative Height: 0
==================================================
Extent ID: 4179341305677087181
  Canopy Photons: 1
  Canopy Min Height: 289.84539794921875
  Canopy Max Height: 289.84539794921875
  Ground Min Height: 286.4742736816406
  Ground Max Height: 288.239501953125
  Canopy Min Relative Height: 2.74993896484375
  Canopy Max Relative Height: 2.74993896484375
  Ground Min Relative Height: 0.0
  Ground Max Relative Height: 0.0
==================================================
Extent ID: 4179341305677086989
  Canopy Photons: 0
  Canopy Min Height: None
  Canopy Max Height: None
  Ground Min Height: 306.80303955078125
  Ground Max Height: 326.3821105957031
  Canopy Min Relative Height: None
  Canopy Max Relative Height: None
  Ground Min Relative Height: 0
  Ground Max Relative Height: 0
==================================================
Extent ID: 4179341306750829801
  Canopy Photons: 0
  Canopy Min Height: None
  Canopy Max Height: None
  Ground Min Height: 764.9755249023438
  Ground Max Height: 794.6468505859375
  Canopy Min Relative Height: None
  Canopy Max Relative Height: None
  Ground Min Relative Height: 0
  Ground Max Relative Height: 0
==================================================
Extent Data Log
==================================================
Site Name: WREF
Date: 2022-05-22
Ground Offset: 2
Total Photons: 12
Total Photons Reassigned to Ground: 12
==================================================
Extent ID: 4179341513983001369
  Canopy Photons: 0
  Canopy Min Height: None
  Canopy Max Height: None
  Ground Min Height: 259.686279296875
  Ground Max Height: 260.0560302734375
  Canopy Min Relative Height: None
  Canopy Max Relative Height: None
  Ground Min Relative Height: 0.0
  Ground Max Relative Height: 0.0
==================================================
Extent ID: 4179341513983001548
  Canopy Photons: 0
  Canopy Min Height: None
  Canopy Max Height: None
  Ground Min Height: 264.22607421875
  Ground Max Height: 265.33758544921875
  Canopy Min Relative Height: None
  Canopy Max Relative Height: None
  Ground Min Relative Height: 0.0
  Ground Max Relative Height: 0.0
==================================================
Extent ID: 4179341513983001312
  Canopy Photons: 0
  Canopy Min Height: None
  Canopy Max Height: None
  Ground Min Height: 287.43951416015625
  Ground Max Height: 287.7340087890625
  Canopy Min Relative Height: None
  Canopy Max Relative Height: None
  Ground Min Relative Height: 0.0
  Ground Max Relative Height: 0.0
==================================================
Extent ID: 4179341513983002004
  Canopy Photons: 0
  Canopy Min Height: None
  Canopy Max Height: None
  Ground Min Height: 300.9718322753906
  Ground Max Height: 302.3155822753906
  Canopy Min Relative Height: None
  Canopy Max Relative Height: None
  Ground Min Relative Height: 0.0
  Ground Max Relative Height: 0.0
==================================================
Extent ID: 4179341513983001992
  Canopy Photons: 0
  Canopy Min Height: None
  Canopy Max Height: None
  Ground Min Height: 299.4830017089844
  Ground Max Height: 300.7392272949219
  Canopy Min Relative Height: None
  Canopy Max Relative Height: None
  Ground Min Relative Height: 0.0
  Ground Max Relative Height: 0.0
==================================================
Extent ID: 4179341513983001972
  Canopy Photons: 0
  Canopy Min Height: None
  Canopy Max Height: None
  Ground Min Height: 297.6026916503906
  Ground Max Height: 298.5119323730469
  Canopy Min Relative Height: None
  Canopy Max Relative Height: None
  Ground Min Relative Height: 0.0
  Ground Max Relative Height: 0.0
==================================================
Extent ID: 4179341513983001716
  Canopy Photons: 0
  Canopy Min Height: None
  Canopy Max Height: None
  Ground Min Height: 280.42010498046875
  Ground Max Height: 281.3810119628906
  Canopy Min Relative Height: None
  Canopy Max Relative Height: None
  Ground Min Relative Height: 0.0
  Ground Max Relative Height: 0.0
==================================================
Extent ID: 4179341513983001456
  Canopy Photons: 0
  Canopy Min Height: None
  Canopy Max Height: None
  Ground Min Height: 262.2093505859375
  Ground Max Height: 262.8199768066406
  Canopy Min Relative Height: None
  Canopy Max Relative Height: None
  Ground Min Relative Height: 0.0
  Ground Max Relative Height: 0.0
==================================================
Extent ID: 4179341513983001896
  Canopy Photons: 0
  Canopy Min Height: None
  Canopy Max Height: None
  Ground Min Height: 293.7872009277344
  Ground Max Height: 294.7240905761719
  Canopy Min Relative Height: None
  Canopy Max Relative Height: None
  Ground Min Relative Height: 0.0
  Ground Max Relative Height: 0.0
==================================================
Extent ID: 4179341513983002048
  Canopy Photons: 0
  Canopy Min Height: None
  Canopy Max Height: None
  Ground Min Height: 305.1331787109375
  Ground Max Height: 305.8132019042969
  Canopy Min Relative Height: None
  Canopy Max Relative Height: None
  Ground Min Relative Height: 0.0
  Ground Max Relative Height: 0.0
==================================================
Extent Data Log
==================================================
Site Name: WREF
Date: 2022-07-17
Ground Offset: 2
Total Photons: 10612
Total Photons Reassigned to Ground: 7390
==================================================
Extent ID: 1742894167115171393
  Canopy Photons: 13
  Canopy Min Height: 610.3994140625
  Canopy Max Height: 625.3185424804688
  Ground Min Height: 607.2542114257812
  Ground Max Height: 607.5233154296875
  Canopy Min Relative Height: 3.0106201171875
  Canopy Max Relative Height: 17.92974853515625
  Ground Min Relative Height: 0.0
  Ground Max Relative Height: 0.0
==================================================
Extent ID: 1742894167115171045
  Canopy Photons: 26
  Canopy Min Height: 691.6366577148438
  Canopy Max Height: 714.07763671875
  Ground Min Height: 686.508056640625
  Ground Max Height: 693.19091796875
  Canopy Min Relative Height: 4.76800537109375
  Canopy Max Relative Height: 27.208984375
  Ground Min Relative Height: 0.0
  Ground Max Relative Height: 0.0
==================================================
Extent ID: 1742894167115169921
  Canopy Photons: 0
  Canopy Min Height: None
  Canopy Max Height: None
  Ground Min Height: 776.4197998046875
  Ground Max Height: 814.4323120117188
  Canopy Min Relative Height: None
  Canopy Max Relative Height: None
  Ground Min Relative Height: 0
  Ground Max Relative Height: 0
==================================================
Extent ID: 1742894167115170605
  Canopy Photons: 0
  Canopy Min Height: None
  Canopy Max Height: None
  Ground Min Height: 520.8112182617188
  Ground Max Height: 556.8572998046875
  Canopy Min Relative Height: None
  Canopy Max Relative Height: None
  Ground Min Relative Height: 0
  Ground Max Relative Height: 0
==================================================
Extent ID: 1742894167115169893
  Canopy Photons: 0
  Canopy Min Height: None
  Canopy Max Height: None
  Ground Min Height: 733.0535278320312
  Ground Max Height: 779.8544921875
  Canopy Min Relative Height: None
  Canopy Max Relative Height: None
  Ground Min Relative Height: 0
  Ground Max Relative Height: 0
==================================================
Extent ID: 1742894167115170385
  Canopy Photons: 0
  Canopy Min Height: None
  Canopy Max Height: None
  Ground Min Height: 554.3060913085938
  Ground Max Height: 586.039306640625
  Canopy Min Relative Height: None
  Canopy Max Relative Height: None
  Ground Min Relative Height: 0
  Ground Max Relative Height: 0
==================================================
Extent ID: 1742894167115170472
  Canopy Photons: 0
  Canopy Min Height: None
  Canopy Max Height: None
  Ground Min Height: 510.1513366699219
  Ground Max Height: 543.696533203125
  Canopy Min Relative Height: None
  Canopy Max Relative Height: None
  Ground Min Relative Height: 0
  Ground Max Relative Height: 0
==================================================
Extent ID: 1742894167115170040
  Canopy Photons: 0
  Canopy Min Height: None
  Canopy Max Height: None
  Ground Min Height: 898.09619140625
  Ground Max Height: 908.5153198242188
  Canopy Min Relative Height: None
  Canopy Max Relative Height: None
  Ground Min Relative Height: 0
  Ground Max Relative Height: 0
==================================================
Extent ID: 1742894167115170065
  Canopy Photons: 24
  Canopy Min Height: 843.6295166015625
  Canopy Max Height: 869.4920654296875
  Ground Min Height: 839.7012939453125
  Ground Max Height: 843.3464965820312
  Canopy Min Relative Height: 2.8026123046875
  Canopy Max Relative Height: 28.6651611328125
  Ground Min Relative Height: 0.0
  Ground Max Relative Height: 0.0
==================================================
Extent ID: 1742894167115169865
  Canopy Photons: 26
  Canopy Min Height: 692.145751953125
  Canopy Max Height: 719.1521606445312
  Ground Min Height: 688.9229736328125
  Ground Max Height: 690.0151977539062
  Canopy Min Relative Height: 2.6153564453125
  Canopy Max Relative Height: 29.62176513671875
  Ground Min Relative Height: 0.0
  Ground Max Relative Height: 0.0
==================================================
Extent Data Log
==================================================
Site Name: WREF
Date: 2022-08-15
Ground Offset: 2
Total Photons: 14737
Total Photons Reassigned to Ground: 9400
==================================================
Extent ID: 3733485202412929053
  Canopy Photons: 0
  Canopy Min Height: None
  Canopy Max Height: None
  Ground Min Height: 735.3477783203125
  Ground Max Height: 761.2460327148438
  Canopy Min Relative Height: None
  Canopy Max Relative Height: None
  Ground Min Relative Height: 0
  Ground Max Relative Height: 0
==================================================
Extent ID: 3733485202412929353
  Canopy Photons: 0
  Canopy Min Height: None
  Canopy Max Height: None
  Ground Min Height: 887.6134643554688
  Ground Max Height: 908.155029296875
  Canopy Min Relative Height: None
  Canopy Max Relative Height: None
  Ground Min Relative Height: 0
  Ground Max Relative Height: 0
==================================================
Extent ID: 3733485202412929033
  Canopy Photons: 0
  Canopy Min Height: None
  Canopy Max Height: None
  Ground Min Height: 761.8353271484375
  Ground Max Height: 785.7395629882812
  Canopy Min Relative Height: None
  Canopy Max Relative Height: None
  Ground Min Relative Height: 0
  Ground Max Relative Height: 0
==================================================
Extent ID: 3733485202412929621
  Canopy Photons: 0
  Canopy Min Height: None
  Canopy Max Height: None
  Ground Min Height: 534.6751708984375
  Ground Max Height: 574.1048583984375
  Canopy Min Relative Height: None
  Canopy Max Relative Height: None
  Ground Min Relative Height: 0
  Ground Max Relative Height: 0
==================================================
Extent ID: 3733485202412930016
  Canopy Photons: 11
  Canopy Min Height: 551.3043823242188
  Canopy Max Height: 568.8743896484375
  Ground Min Height: 548.6233520507812
  Ground Max Height: 549.2975463867188
  Canopy Min Relative Height: 2.34393310546875
  Canopy Max Relative Height: 19.9139404296875
  Ground Min Relative Height: 0.0
  Ground Max Relative Height: 0.0
==================================================
Extent ID: 3733485202412929276
  Canopy Photons: 0
  Canopy Min Height: None
  Canopy Max Height: None
  Ground Min Height: 823.3673706054688
  Ground Max Height: 839.925537109375
  Canopy Min Relative Height: None
  Canopy Max Relative Height: None
  Ground Min Relative Height: 0
  Ground Max Relative Height: 0
==================================================
Extent ID: 3733485202412929081
  Canopy Photons: 8
  Canopy Min Height: 727.5018310546875
  Canopy Max Height: 751.1039428710938
  Ground Min Height: 723.6970825195312
  Ground Max Height: 725.1300659179688
  Canopy Min Relative Height: 3.62628173828125
  Canopy Max Relative Height: 27.2283935546875
  Ground Min Relative Height: 0.0
  Ground Max Relative Height: 0.0
==================================================
Extent ID: 3733485202412929481
  Canopy Photons: 0
  Canopy Min Height: None
  Canopy Max Height: None
  Ground Min Height: 687.0288696289062
  Ground Max Height: 723.2788696289062
  Canopy Min Relative Height: None
  Canopy Max Relative Height: None
  Ground Min Relative Height: 0
  Ground Max Relative Height: 0
==================================================
Extent ID: 3733485202412929344
  Canopy Photons: 0
  Canopy Min Height: None
  Canopy Max Height: None
  Ground Min Height: 876.4938354492188
  Ground Max Height: 907.940185546875
  Canopy Min Relative Height: None
  Canopy Max Relative Height: None
  Ground Min Relative Height: 0
  Ground Max Relative Height: 0
==================================================
Extent ID: 3733485202412929912
  Canopy Photons: 0
  Canopy Min Height: None
  Canopy Max Height: None
  Ground Min Height: 506.1103820800781
  Ground Max Height: 526.9277954101562
  Canopy Min Relative Height: None
  Canopy Max Relative Height: None
  Ground Min Relative Height: 0
  Ground Max Relative Height: 0
==================================================
Extent Data Log
==================================================
Site Name: WREF
Date: 2022-08-21
Ground Offset: 2
Total Photons: 1569
Total Photons Reassigned to Ground: 1322
==================================================
Extent ID: 4179341580554994453
  Canopy Photons: 10
  Canopy Min Height: 330.0929260253906
  Canopy Max Height: 333.6245422363281
  Ground Min Height: 327.3114929199219
  Ground Max Height: 329.4779052734375
  Canopy Min Relative Height: 2.312408447265625
  Canopy Max Relative Height: 5.844024658203125
  Ground Min Relative Height: 0.0
  Ground Max Relative Height: 0.0
==================================================
Extent ID: 4179341580554993941
  Canopy Photons: 0
  Canopy Min Height: None
  Canopy Max Height: None
  Ground Min Height: 286.7892761230469
  Ground Max Height: 289.6318359375
  Canopy Min Relative Height: None
  Canopy Max Relative Height: None
  Ground Min Relative Height: 0.0
  Ground Max Relative Height: 0.0
==================================================
Extent ID: 4179341580554994144
  Canopy Photons: 0
  Canopy Min Height: None
  Canopy Max Height: None
  Ground Min Height: 285.48699951171875
  Ground Max Height: 286.1124572753906
  Canopy Min Relative Height: None
  Canopy Max Relative Height: None
  Ground Min Relative Height: 0.0
  Ground Max Relative Height: 0.0
==================================================
Extent ID: 4179341580554994461
  Canopy Photons: 0
  Canopy Min Height: None
  Canopy Max Height: None
  Ground Min Height: 327.4417419433594
  Ground Max Height: 329.75128173828125
  Canopy Min Relative Height: None
  Canopy Max Relative Height: None
  Ground Min Relative Height: 0.0
  Ground Max Relative Height: 0.0
==================================================
Extent ID: 4179341581628736129
  Canopy Photons: 3
  Canopy Min Height: 542.6307373046875
  Canopy Max Height: 542.85595703125
  Ground Min Height: 539.2179565429688
  Ground Max Height: 542.312255859375
  Canopy Min Relative Height: 2.10693359375
  Canopy Max Relative Height: 2.3321533203125
  Ground Min Relative Height: 0.0
  Ground Max Relative Height: 0.0
==================================================
Extent ID: 4179341581628736445
  Canopy Photons: 0
  Canopy Min Height: None
  Canopy Max Height: None
  Ground Min Height: 510.5478820800781
  Ground Max Height: 513.3113403320312
  Canopy Min Relative Height: None
  Canopy Max Relative Height: None
  Ground Min Relative Height: 0.0
  Ground Max Relative Height: 0.0
==================================================
Extent ID: 4179341581628735613
  Canopy Photons: 1
  Canopy Min Height: 557.1039428710938
  Canopy Max Height: 557.1039428710938
  Ground Min Height: 552.5809326171875
  Ground Max Height: 555.5960693359375
  Canopy Min Relative Height: 2.24591064453125
  Canopy Max Relative Height: 2.24591064453125
  Ground Min Relative Height: 0.0
  Ground Max Relative Height: 0.0
==================================================
Extent ID: 4179341580554994557
  Canopy Photons: 1
  Canopy Min Height: 334.5111083984375
  Canopy Max Height: 334.5111083984375
  Ground Min Height: 332.0789794921875
  Ground Max Height: 334.2799072265625
  Canopy Min Relative Height: 2.228973388671875
  Canopy Max Relative Height: 2.228973388671875
  Ground Min Relative Height: 0.0
  Ground Max Relative Height: 0.0
==================================================
Extent ID: 4179341580554994405
  Canopy Photons: 0
  Canopy Min Height: None
  Canopy Max Height: None
  Ground Min Height: 325.3073425292969
  Ground Max Height: 326.5338134765625
  Canopy Min Relative Height: None
  Canopy Max Relative Height: None
  Ground Min Relative Height: 0.0
  Ground Max Relative Height: 0.0
==================================================
Extent ID: 4179341580554994617
  Canopy Photons: 0
  Canopy Min Height: None
  Canopy Max Height: None
  Ground Min Height: 330.51580810546875
  Ground Max Height: 332.2251892089844
  Canopy Min Relative Height: None
  Canopy Max Relative Height: None
  Ground Min Relative Height: 0.0
  Ground Max Relative Height: 0.0
==================================================
Extent Data Log
==================================================
Site Name: WREF
Date: 2022-11-14
Ground Offset: 2
Total Photons: 14429
Total Photons Reassigned to Ground: 8467
==================================================
Extent ID: 3733485268984922397
  Canopy Photons: 5
  Canopy Min Height: 682.6087036132812
  Canopy Max Height: 685.0263671875
  Ground Min Height: 675.552001953125
  Ground Max Height: 681.1255493164062
  Canopy Min Relative Height: 2.6092529296875
  Canopy Max Relative Height: 5.02691650390625
  Ground Min Relative Height: 0.0
  Ground Max Relative Height: 0.0
==================================================
Extent ID: 3733485268984922869
  Canopy Photons: 14
  Canopy Min Height: 355.4259338378906
  Canopy Max Height: 380.2413635253906
  Ground Min Height: 352.4162292480469
  Ground Max Height: 354.7167053222656
  Canopy Min Relative Height: 2.549163818359375
  Canopy Max Relative Height: 27.364593505859375
  Ground Min Relative Height: 0.0
  Ground Max Relative Height: 0.0
==================================================
Extent ID: 3733485270058665233
  Canopy Photons: 6
  Canopy Min Height: 320.50848388671875
  Canopy Max Height: 336.8815612792969
  Ground Min Height: 317.7641906738281
  Ground Max Height: 319.3493957519531
  Canopy Min Relative Height: 2.224212646484375
  Canopy Max Relative Height: 18.5972900390625
  Ground Min Relative Height: 0.0
  Ground Max Relative Height: 0.0
==================================================
Extent ID: 3733485270058664965
  Canopy Photons: 0
  Canopy Min Height: None
  Canopy Max Height: None
  Ground Min Height: 308.5583190917969
  Ground Max Height: 328.1268615722656
  Canopy Min Relative Height: None
  Canopy Max Relative Height: None
  Ground Min Relative Height: 0
  Ground Max Relative Height: 0
==================================================
Extent ID: 3733485270058664373
  Canopy Photons: 5
  Canopy Min Height: 282.3395690917969
  Canopy Max Height: 304.71533203125
  Ground Min Height: 279.7431945800781
  Ground Max Height: 281.13555908203125
  Canopy Min Relative Height: 2.391082763671875
  Canopy Max Relative Height: 24.766845703125
  Ground Min Relative Height: 0.0
  Ground Max Relative Height: 0.0
==================================================
Extent ID: 3733485268984922873
  Canopy Photons: 12
  Canopy Min Height: 355.3591613769531
  Canopy Max Height: 383.0117492675781
  Ground Min Height: 352.201171875
  Ground Max Height: 353.87225341796875
  Canopy Min Relative Height: 2.259521484375
  Canopy Max Relative Height: 29.912109375
  Ground Min Relative Height: 0.0
  Ground Max Relative Height: 0.0
==================================================
Extent ID: 3733485268984922421
  Canopy Photons: 6
  Canopy Min Height: 674.5225830078125
  Canopy Max Height: 676.4674682617188
  Ground Min Height: 671.6285400390625
  Ground Max Height: 673.640869140625
  Canopy Min Relative Height: 2.3865966796875
  Canopy Max Relative Height: 4.33148193359375
  Ground Min Relative Height: 0.0
  Ground Max Relative Height: 0.0
==================================================
Extent ID: 3733485270058665044
  Canopy Photons: 8
  Canopy Min Height: 308.19354248046875
  Canopy Max Height: 308.602783203125
  Ground Min Height: 305.05078125
  Ground Max Height: 305.8998107910156
  Canopy Min Relative Height: 2.9923095703125
  Canopy Max Relative Height: 3.40155029296875
  Ground Min Relative Height: 0.0
  Ground Max Relative Height: 0.0
==================================================
Extent ID: 3733485268984923057
  Canopy Photons: 35
  Canopy Min Height: 356.29718017578125
  Canopy Max Height: 368.16632080078125
  Ground Min Height: 350.9041442871094
  Ground Max Height: 353.00823974609375
  Canopy Min Relative Height: 4.55352783203125
  Canopy Max Relative Height: 16.42266845703125
  Ground Min Relative Height: 0.0
  Ground Max Relative Height: 0.0
==================================================
Extent ID: 3733485270058665004
  Canopy Photons: 5
  Canopy Min Height: 308.4154357910156
  Canopy Max Height: 309.98834228515625
  Ground Min Height: 304.9171447753906
  Ground Max Height: 306.12542724609375
  Canopy Min Relative Height: 2.868438720703125
  Canopy Max Relative Height: 4.44134521484375
  Ground Min Relative Height: 0.0
  Ground Max Relative Height: 0.0
==================================================
Extent Data Log
==================================================
Site Name: WREF
Date: 2023-02-12
Ground Offset: 2
Total Photons: 4240
Total Photons Reassigned to Ground: 3594
==================================================
Extent ID: 3733485339851883772
  Canopy Photons: 0
  Canopy Min Height: None
  Canopy Max Height: None
  Ground Min Height: 296.8073425292969
  Ground Max Height: 297.46148681640625
  Canopy Min Relative Height: None
  Canopy Max Relative Height: None
  Ground Min Relative Height: 0.0
  Ground Max Relative Height: 0.0
==================================================
Extent ID: 3733485338778140776
  Canopy Photons: 2
  Canopy Min Height: 598.743408203125
  Canopy Max Height: 599.1337280273438
  Ground Min Height: 595.8643798828125
  Ground Max Height: 598.1659545898438
  Canopy Min Relative Height: 2.55645751953125
  Canopy Max Relative Height: 2.94677734375
  Ground Min Relative Height: 0.0
  Ground Max Relative Height: 0.0
==================================================
Extent ID: 3733485339851883564
  Canopy Photons: 0
  Canopy Min Height: None
  Canopy Max Height: None
  Ground Min Height: 282.0685119628906
  Ground Max Height: 282.8449401855469
  Canopy Min Relative Height: None
  Canopy Max Relative Height: None
  Ground Min Relative Height: 0.0
  Ground Max Relative Height: 0.0
==================================================
Extent ID: 3733485339851883633
  Canopy Photons: 0
  Canopy Min Height: None
  Canopy Max Height: None
  Ground Min Height: 287.9376525878906
  Ground Max Height: 288.5285339355469
  Canopy Min Relative Height: None
  Canopy Max Relative Height: None
  Ground Min Relative Height: 0.0
  Ground Max Relative Height: 0.0
==================================================
Extent ID: 3733485339851883064
  Canopy Photons: 6
  Canopy Min Height: 324.9219665527344
  Canopy Max Height: 326.76849365234375
  Ground Min Height: 322.31341552734375
  Ground Max Height: 324.2276611328125
  Canopy Min Relative Height: 2.116546630859375
  Canopy Max Relative Height: 3.96307373046875
  Ground Min Relative Height: 0.0
  Ground Max Relative Height: 0.0
==================================================
Extent ID: 3733485339851883620
  Canopy Photons: 0
  Canopy Min Height: None
  Canopy Max Height: None
  Ground Min Height: 286.1031188964844
  Ground Max Height: 287.0693664550781
  Canopy Min Relative Height: None
  Canopy Max Relative Height: None
  Ground Min Relative Height: 0.0
  Ground Max Relative Height: 0.0
==================================================
Extent ID: 3733485339851882764
  Canopy Photons: 0
  Canopy Min Height: None
  Canopy Max Height: None
  Ground Min Height: 297.0832214355469
  Ground Max Height: 298.57000732421875
  Canopy Min Relative Height: None
  Canopy Max Relative Height: None
  Ground Min Relative Height: 0.0
  Ground Max Relative Height: 0.0
==================================================
Extent ID: 3733485338778141577
  Canopy Photons: 0
  Canopy Min Height: None
  Canopy Max Height: None
  Ground Min Height: 397.8747863769531
  Ground Max Height: 398.7151794433594
  Canopy Min Relative Height: None
  Canopy Max Relative Height: None
  Ground Min Relative Height: 0.0
  Ground Max Relative Height: 0.0
==================================================
Extent ID: 3733485338778141461
  Canopy Photons: 0
  Canopy Min Height: None
  Canopy Max Height: None
  Ground Min Height: 385.12091064453125
  Ground Max Height: 388.3644104003906
  Canopy Min Relative Height: None
  Canopy Max Relative Height: None
  Ground Min Relative Height: 0
  Ground Max Relative Height: 0
==================================================
Extent ID: 3733485339851883425
  Canopy Photons: 0
  Canopy Min Height: None
  Canopy Max Height: None
  Ground Min Height: 264.94439697265625
  Ground Max Height: 265.4881896972656
  Canopy Min Relative Height: None
  Canopy Max Relative Height: None
  Ground Min Relative Height: 0.0
  Ground Max Relative Height: 0.0
==================================================
Extent Data Log
==================================================
Site Name: WREF
Date: 2023-05-14
Ground Offset: 2
Total Photons: 446
Total Photons Reassigned to Ground: 359
==================================================
Extent ID: 3733485408571360148
  Canopy Photons: 0
  Canopy Min Height: None
  Canopy Max Height: None
  Ground Min Height: 482.3256530761719
  Ground Max Height: 483.7967529296875
  Canopy Min Relative Height: None
  Canopy Max Relative Height: None
  Ground Min Relative Height: 0.0
  Ground Max Relative Height: 0.0
==================================================
Extent ID: 3733485408571360208
  Canopy Photons: 0
  Canopy Min Height: None
  Canopy Max Height: None
  Ground Min Height: 491.4175720214844
  Ground Max Height: 492.32244873046875
  Canopy Min Relative Height: None
  Canopy Max Relative Height: None
  Ground Min Relative Height: 0.0
  Ground Max Relative Height: 0.0
==================================================
Extent ID: 3733485408571360144
  Canopy Photons: 0
  Canopy Min Height: None
  Canopy Max Height: None
  Ground Min Height: 480.3172607421875
  Ground Max Height: 483.00592041015625
  Canopy Min Relative Height: None
  Canopy Max Relative Height: None
  Ground Min Relative Height: 0.0
  Ground Max Relative Height: 0.0
==================================================
Extent ID: 3733485408571360288
  Canopy Photons: 20
  Canopy Min Height: 534.8099975585938
  Canopy Max Height: 539.3445434570312
  Ground Min Height: 531.9791259765625
  Ground Max Height: 534.1060791015625
  Canopy Min Relative Height: 2.400146484375
  Canopy Max Relative Height: 6.9346923828125
  Ground Min Relative Height: 0.0
  Ground Max Relative Height: 0.0
==================================================
Extent ID: 3733485408571360544
  Canopy Photons: 0
  Canopy Min Height: None
  Canopy Max Height: None
  Ground Min Height: 583.1351318359375
  Ground Max Height: 584.145751953125
  Canopy Min Relative Height: None
  Canopy Max Relative Height: None
  Ground Min Relative Height: 0.0
  Ground Max Relative Height: 0.0
==================================================
Extent ID: 3733485408571360636
  Canopy Photons: 0
  Canopy Min Height: None
  Canopy Max Height: None
  Ground Min Height: 546.255859375
  Ground Max Height: 552.0880126953125
  Canopy Min Relative Height: None
  Canopy Max Relative Height: None
  Ground Min Relative Height: 0
  Ground Max Relative Height: 0
==================================================
Extent ID: 3733485408571360392
  Canopy Photons: 0
  Canopy Min Height: None
  Canopy Max Height: None
  Ground Min Height: 566.134521484375
  Ground Max Height: 568.0005493164062
  Canopy Min Relative Height: None
  Canopy Max Relative Height: None
  Ground Min Relative Height: 0.0
  Ground Max Relative Height: 0.0
==================================================
Extent ID: 3733485408571359629
  Canopy Photons: 0
  Canopy Min Height: None
  Canopy Max Height: None
  Ground Min Height: 578.8269653320312
  Ground Max Height: 579.6543579101562
  Canopy Min Relative Height: None
  Canopy Max Relative Height: None
  Ground Min Relative Height: 0
  Ground Max Relative Height: 0
==================================================
Extent ID: 3733485408571359820
  Canopy Photons: 0
  Canopy Min Height: None
  Canopy Max Height: None
  Ground Min Height: 462.4955749511719
  Ground Max Height: 462.9071960449219
  Canopy Min Relative Height: None
  Canopy Max Relative Height: None
  Ground Min Relative Height: 0.0
  Ground Max Relative Height: 0.0
==================================================
Extent ID: 3733485408571359480
  Canopy Photons: 0
  Canopy Min Height: None
  Canopy Max Height: None
  Ground Min Height: 691.6085815429688
  Ground Max Height: 703.3320922851562
  Canopy Min Relative Height: None
  Canopy Max Relative Height: None
  Ground Min Relative Height: 0
  Ground Max Relative Height: 0
==================================================
Extent Data Log
==================================================
Site Name: WREF
Date: 2023-05-21
Ground Offset: 2
Total Photons: 21122
Total Photons Reassigned to Ground: 14378
==================================================
Extent ID: 4179341786713424048
  Canopy Photons: 27
  Canopy Min Height: 280.8396301269531
  Canopy Max Height: 293.1976318359375
  Ground Min Height: 277.0625305175781
  Ground Max Height: 278.2169189453125
  Canopy Min Relative Height: 3.452362060546875
  Canopy Max Relative Height: 15.81036376953125
  Ground Min Relative Height: 0.0
  Ground Max Relative Height: 0.0
==================================================
Extent ID: 4179341788860907681
  Canopy Photons: 0
  Canopy Min Height: None
  Canopy Max Height: None
  Ground Min Height: 519.0750122070312
  Ground Max Height: 531.0067749023438
  Canopy Min Relative Height: None
  Canopy Max Relative Height: None
  Ground Min Relative Height: 0
  Ground Max Relative Height: 0
==================================================
Extent ID: 4179341787787166428
  Canopy Photons: 9
  Canopy Min Height: 389.6582336425781
  Canopy Max Height: 410.9637451171875
  Ground Min Height: 381.3391418457031
  Ground Max Height: 382.9564208984375
  Canopy Min Relative Height: 8.020904541015625
  Canopy Max Relative Height: 29.326416015625
  Ground Min Relative Height: 0.0
  Ground Max Relative Height: 0.0
==================================================
Extent ID: 4179341788860908084
  Canopy Photons: 22
  Canopy Min Height: 550.8178100585938
  Canopy Max Height: 576.663818359375
  Ground Min Height: 546.1756591796875
  Ground Max Height: 548.0397338867188
  Canopy Min Relative Height: 4.1055908203125
  Canopy Max Relative Height: 29.95159912109375
  Ground Min Relative Height: 0.0
  Ground Max Relative Height: 0.0
==================================================
Extent ID: 4179341787787166340
  Canopy Photons: 0
  Canopy Min Height: None
  Canopy Max Height: None
  Ground Min Height: 280.86602783203125
  Ground Max Height: 305.63446044921875
  Canopy Min Relative Height: None
  Canopy Max Relative Height: None
  Ground Min Relative Height: 0
  Ground Max Relative Height: 0
==================================================
Extent ID: 4179341788860908980
  Canopy Photons: 23
  Canopy Min Height: 756.5283813476562
  Canopy Max Height: 783.057373046875
  Ground Min Height: 753.9227905273438
  Ground Max Height: 755.341552734375
  Canopy Min Relative Height: 2.394287109375
  Canopy Max Relative Height: 28.92327880859375
  Ground Min Relative Height: 0.0
  Ground Max Relative Height: 0.0
==================================================
Extent ID: 4179341788860907620
  Canopy Photons: 0
  Canopy Min Height: None
  Canopy Max Height: None
  Ground Min Height: 474.319091796875
  Ground Max Height: 511.0408020019531
  Canopy Min Relative Height: None
  Canopy Max Relative Height: None
  Ground Min Relative Height: 0
  Ground Max Relative Height: 0
==================================================
Extent ID: 4179341787787166072
  Canopy Photons: 0
  Canopy Min Height: None
  Canopy Max Height: None
  Ground Min Height: 289.15679931640625
  Ground Max Height: 289.7897033691406
  Canopy Min Relative Height: None
  Canopy Max Relative Height: None
  Ground Min Relative Height: 0.0
  Ground Max Relative Height: 0.0
==================================================
Extent ID: 4179341788860907636
  Canopy Photons: 11
  Canopy Min Height: 482.7405090332031
  Canopy Max Height: 509.64215087890625
  Ground Min Height: 479.9610900878906
  Ground Max Height: 482.0399475097656
  Canopy Min Relative Height: 2.555694580078125
  Canopy Max Relative Height: 29.45733642578125
  Ground Min Relative Height: 0.0
  Ground Max Relative Height: 0.0
==================================================
Extent ID: 4179341787787166100
  Canopy Photons: 0
  Canopy Min Height: None
  Canopy Max Height: None
  Ground Min Height: 287.4910583496094
  Ground Max Height: 288.5904235839844
  Canopy Min Relative Height: None
  Canopy Max Relative Height: None
  Ground Min Relative Height: 0.0
  Ground Max Relative Height: 0.0
==================================================
Extent Data Log
==================================================
Site Name: WREF
Date: 2023-08-13
Ground Offset: 2
Total Photons: 26461
Total Photons Reassigned to Ground: 16282
==================================================
Extent ID: 3733485475143352993
  Canopy Photons: 0
  Canopy Min Height: None
  Canopy Max Height: None
  Ground Min Height: 481.4505615234375
  Ground Max Height: 502.1443176269531
  Canopy Min Relative Height: None
  Canopy Max Relative Height: None
  Ground Min Relative Height: 0
  Ground Max Relative Height: 0
==================================================
Extent ID: 3733485475143352660
  Canopy Photons: 0
  Canopy Min Height: None
  Canopy Max Height: None
  Ground Min Height: 643.1809692382812
  Ground Max Height: 674.6852416992188
  Canopy Min Relative Height: None
  Canopy Max Relative Height: None
  Ground Min Relative Height: 0
  Ground Max Relative Height: 0
==================================================
Extent ID: 3733485475143352428
  Canopy Photons: 31
  Canopy Min Height: 906.9628295898438
  Canopy Max Height: 930.75390625
  Ground Min Height: 904.3041381835938
  Ground Max Height: 906.648193359375
  Canopy Min Relative Height: 2.29730224609375
  Canopy Max Relative Height: 26.08837890625
  Ground Min Relative Height: 0.0
  Ground Max Relative Height: 0.0
==================================================
Extent ID: 3733485476217094705
  Canopy Photons: 0
  Canopy Min Height: None
  Canopy Max Height: None
  Ground Min Height: 322.8731384277344
  Ground Max Height: 361.311767578125
  Canopy Min Relative Height: None
  Canopy Max Relative Height: None
  Ground Min Relative Height: 0
  Ground Max Relative Height: 0
==================================================
Extent ID: 3733485475143353200
  Canopy Photons: 17
  Canopy Min Height: 481.5992431640625
  Canopy Max Height: 508.1165771484375
  Ground Min Height: 478.94366455078125
  Ground Max Height: 480.68304443359375
  Canopy Min Relative Height: 2.044158935546875
  Canopy Max Relative Height: 28.561492919921875
  Ground Min Relative Height: 0.0
  Ground Max Relative Height: 0.0
==================================================
Extent ID: 3733485476217095376
  Canopy Photons: 6
  Canopy Min Height: 290.9322509765625
  Canopy Max Height: 291.60992431640625
  Ground Min Height: 288.7689514160156
  Ground Max Height: 290.23345947265625
  Canopy Min Relative Height: 2.059112548828125
  Canopy Max Relative Height: 2.736785888671875
  Ground Min Relative Height: 0.0
  Ground Max Relative Height: 0.0
==================================================
Extent ID: 3733485476217094453
  Canopy Photons: 0
  Canopy Min Height: None
  Canopy Max Height: None
  Ground Min Height: 316.6056213378906
  Ground Max Height: 317.7491760253906
  Canopy Min Relative Height: None
  Canopy Max Relative Height: None
  Ground Min Relative Height: 0.0
  Ground Max Relative Height: 0.0
==================================================
Extent ID: 3733485475143353632
  Canopy Photons: 36
  Canopy Min Height: 603.5939331054688
  Canopy Max Height: 631.2933349609375
  Ground Min Height: 601.4293823242188
  Ground Max Height: 602.7725830078125
  Canopy Min Relative Height: 2.01422119140625
  Canopy Max Relative Height: 29.713623046875
  Ground Min Relative Height: 0.0
  Ground Max Relative Height: 0.0
==================================================
Extent ID: 3733485476217095269
  Canopy Photons: 1
  Canopy Min Height: 291.4048767089844
  Canopy Max Height: 291.4048767089844
  Ground Min Height: 284.732666015625
  Ground Max Height: 285.2488708496094
  Canopy Min Relative Height: 6.468170166015625
  Canopy Max Relative Height: 6.468170166015625
  Ground Min Relative Height: 0.0
  Ground Max Relative Height: 0.0
==================================================
Extent ID: 3733485475143353476
  Canopy Photons: 19
  Canopy Min Height: 594.205810546875
  Canopy Max Height: 617.80810546875
  Ground Min Height: 591.4747924804688
  Ground Max Height: 593.7838745117188
  Canopy Min Relative Height: 2.24676513671875
  Canopy Max Relative Height: 25.84906005859375
  Ground Min Relative Height: 0.0
  Ground Max Relative Height: 0.0
==================================================
Extent Data Log
==================================================
Site Name: WREF
Date: 2023-08-19
Ground Offset: 2
Total Photons: 0
Total Photons Reassigned to Ground: 0
==================================================
Extent ID: 4179341855432901416
  Canopy Photons: 0
  Canopy Min Height: None
  Canopy Max Height: None
  Ground Min Height: 454.47833251953125
  Ground Max Height: 455.22003173828125
  Canopy Min Relative Height: None
  Canopy Max Relative Height: None
  Ground Min Relative Height: 0.0
  Ground Max Relative Height: 0.0
==================================================
Extent ID: 4179341855432901412
  Canopy Photons: 0
  Canopy Min Height: None
  Canopy Max Height: None
  Ground Min Height: 454.46258544921875
  Ground Max Height: 455.1993713378906
  Canopy Min Relative Height: None
  Canopy Max Relative Height: None
  Ground Min Relative Height: 0.0
  Ground Max Relative Height: 0.0
==================================================
